2022-09-09 12:27:59,430  INFO [main] GettingProductsInformationTests:68 - INFO: Tests are running on: chrome browser 
2022-09-09 12:28:05,070  INFO [main] WebEventListener:116 - -------------Launching URL---------------------------
2022-09-09 12:28:05,071  INFO [main] WebEventListener:14 - Before navigating to: 'https://www.amazon.in/'
2022-09-09 12:28:08,354  INFO [main] WebEventListener:18 - Navigated to:'https://www.amazon.in/'
2022-09-09 12:28:09,854  INFO [main] WebEventListener:19 - -------------TEST CASE STARTED---------------------------
2022-09-09 12:28:09,956  INFO [main] ViewProductsPage:237 - Validate Main Page Title Title is matched
2022-09-09 12:28:10,905  INFO [main] ViewProductsPage:58 - Trying to Find Element By : By.xpath: //a[@aria-label='Open Menu']
2022-09-09 12:28:10,948  INFO [main] ViewProductsPage:62 - Found Element By : By.xpath: //a[@aria-label='Open Menu']
2022-09-09 12:28:11,003  INFO [main] ViewProductsPage:58 - Trying to Find Element By : By.xpath: //a[@aria-label='Open Menu']
2022-09-09 12:28:11,023  INFO [main] ViewProductsPage:62 - Found Element By : By.xpath: //a[@aria-label='Open Menu']
2022-09-09 12:28:11,044  INFO [main] ViewProductsPage:58 - Trying to Find Element By : By.xpath: //a[@aria-label='Open Menu']
2022-09-09 12:28:11,056  INFO [main] ViewProductsPage:62 - Found Element By : By.xpath: //a[@aria-label='Open Menu']
2022-09-09 12:28:11,097  INFO [main] ViewProductsPage:58 - Trying to Find Element By : By.xpath: //a[@aria-label='Open Menu']
2022-09-09 12:28:11,120  INFO [main] ViewProductsPage:62 - Found Element By : By.xpath: //a[@aria-label='Open Menu']
2022-09-09 12:28:11,201  INFO [main] ViewProductsPage:237 - Hamburger Menu Btn Visibility on main Page HamBurger Menu Btn is displayed 
2022-09-09 12:28:12,234  INFO [main] ViewProductsPage:58 - Trying to Find Element By : By.xpath: //a[@aria-label='Open Menu']
2022-09-09 12:28:12,295  INFO [main] ViewProductsPage:62 - Found Element By : By.xpath: //a[@aria-label='Open Menu']
2022-09-09 12:28:12,349  INFO [main] ViewProductsPage:58 - Trying to Find Element By : By.xpath: //a[@aria-label='Open Menu']
2022-09-09 12:28:12,376  INFO [main] ViewProductsPage:62 - Found Element By : By.xpath: //a[@aria-label='Open Menu']
2022-09-09 12:28:12,404  INFO [main] ViewProductsPage:58 - Trying to Find Element By : By.xpath: //a[@aria-label='Open Menu']
2022-09-09 12:28:12,420  INFO [main] ViewProductsPage:62 - Found Element By : By.xpath: //a[@aria-label='Open Menu']
2022-09-09 12:28:12,473  INFO [main] ViewProductsPage:58 - Trying to Find Element By : By.xpath: //a[@aria-label='Open Menu']
2022-09-09 12:28:12,499  INFO [main] ViewProductsPage:62 - Found Element By : By.xpath: //a[@aria-label='Open Menu']
2022-09-09 12:28:12,534  INFO [main] ViewProductsPage:58 - Trying to Find Element By : By.xpath: //a[@aria-label='Open Menu']
2022-09-09 12:28:12,559  INFO [main] ViewProductsPage:62 - Found Element By : By.xpath: //a[@aria-label='Open Menu']
2022-09-09 12:28:12,577  INFO [main] ViewProductsPage:58 - Trying to Find Element By : By.xpath: //a[@aria-label='Open Menu']
2022-09-09 12:28:12,592  INFO [main] ViewProductsPage:62 - Found Element By : By.xpath: //a[@aria-label='Open Menu']
2022-09-09 12:28:12,603  INFO [main] ViewProductsPage:58 - Trying to Find Element By : By.xpath: //a[@aria-label='Open Menu']
2022-09-09 12:28:12,624  INFO [main] ViewProductsPage:62 - Found Element By : By.xpath: //a[@aria-label='Open Menu']
2022-09-09 12:28:12,638  INFO [main] ViewProductsPage:58 - Trying to Find Element By : By.xpath: //a[@aria-label='Open Menu']
2022-09-09 12:28:12,653  INFO [main] ViewProductsPage:62 - Found Element By : By.xpath: //a[@aria-label='Open Menu']
2022-09-09 12:28:12,654  INFO [main] ViewProductsPage:30 - Trying to Click On: [[ChromeDriver: chrome on WINDOWS (d82e030b0eef7f403d2af2377378f4b3)] -> xpath: //a[@aria-label='Open Menu']]
2022-09-09 12:28:12,871  INFO [main] ViewProductsPage:34 - Clicked On: [[ChromeDriver: chrome on WINDOWS (d82e030b0eef7f403d2af2377378f4b3)] -> xpath: //a[@aria-label='Open Menu']]
2022-09-09 12:28:12,872  INFO [main] ViewProductsPage:237 -   Click on hamburger Menu Item Btn 
2022-09-09 12:28:13,536  INFO [main] ViewProductsPage:58 - Trying to Find Element By : By.xpath: //div[@id='hmenu-customer-profile-right']//b[contains(normalize-space(),'Hello')]
2022-09-09 12:28:13,561  INFO [main] ViewProductsPage:62 - Found Element By : By.xpath: //div[@id='hmenu-customer-profile-right']//b[contains(normalize-space(),'Hello')]
2022-09-09 12:28:13,586  INFO [main] ViewProductsPage:58 - Trying to Find Element By : By.xpath: //div[@id='hmenu-customer-profile-right']//b[contains(normalize-space(),'Hello')]
2022-09-09 12:28:13,600  INFO [main] ViewProductsPage:62 - Found Element By : By.xpath: //div[@id='hmenu-customer-profile-right']//b[contains(normalize-space(),'Hello')]
2022-09-09 12:28:13,614  INFO [main] ViewProductsPage:58 - Trying to Find Element By : By.xpath: //div[@id='hmenu-customer-profile-right']//b[contains(normalize-space(),'Hello')]
2022-09-09 12:28:13,633  INFO [main] ViewProductsPage:62 - Found Element By : By.xpath: //div[@id='hmenu-customer-profile-right']//b[contains(normalize-space(),'Hello')]
2022-09-09 12:28:13,662  INFO [main] ViewProductsPage:58 - Trying to Find Element By : By.xpath: //div[@id='hmenu-customer-profile-right']//b[contains(normalize-space(),'Hello')]
2022-09-09 12:28:13,678  INFO [main] ViewProductsPage:62 - Found Element By : By.xpath: //div[@id='hmenu-customer-profile-right']//b[contains(normalize-space(),'Hello')]
2022-09-09 12:28:13,710  INFO [main] ViewProductsPage:58 - Trying to Find Element By : By.cssSelector: [class='hmenu hmenu-visible']>li
2022-09-09 12:28:13,742  INFO [main] ViewProductsPage:62 - Found Element By : By.cssSelector: [class='hmenu hmenu-visible']>li
2022-09-09 12:28:13,867  INFO [main] ViewProductsPage:58 - Trying to Find Element By : By.xpath: //div[@id='hmenu-customer-profile-right']//b[contains(normalize-space(),'Hello')]
2022-09-09 12:28:13,881  INFO [main] ViewProductsPage:62 - Found Element By : By.xpath: //div[@id='hmenu-customer-profile-right']//b[contains(normalize-space(),'Hello')]
2022-09-09 12:28:13,899  INFO [main] ViewProductsPage:58 - Trying to Find Element By : By.cssSelector: [class='hmenu hmenu-visible']>li
2022-09-09 12:28:13,914  INFO [main] ViewProductsPage:62 - Found Element By : By.cssSelector: [class='hmenu hmenu-visible']>li
2022-09-09 12:28:13,915  INFO [main] ViewProductsPage:237 - Is Hamburger opened validationtrue==>  Hamburger menu is opened andHamBurger Menu items are Displayed30
2022-09-09 12:28:14,283  INFO [main] ViewProductsPage:58 - Trying to Find Element By : By.xpath: //div[@class='hmenu-item hmenu-title ']
2022-09-09 12:28:14,313  INFO [main] ViewProductsPage:62 - Found Element By : By.xpath: //div[@class='hmenu-item hmenu-title ']
2022-09-09 12:28:14,315  INFO [main] ViewProductsPage:58 - Trying to Find Element By : By.xpath: //div[@class='hmenu-item hmenu-title ']
2022-09-09 12:28:14,336  INFO [main] ViewProductsPage:62 - Found Element By : By.xpath: //div[@class='hmenu-item hmenu-title ']
2022-09-09 12:28:14,354  INFO [main] ViewProductsPage:58 - Trying to Find Element By : By.xpath: //div[@class='hmenu-item hmenu-title ']
2022-09-09 12:28:14,381  INFO [main] ViewProductsPage:62 - Found Element By : By.xpath: //div[@class='hmenu-item hmenu-title ']
2022-09-09 12:28:14,393  INFO [main] ViewProductsPage:58 - Trying to Find Element By : By.xpath: //div[@class='hmenu-item hmenu-title ']
2022-09-09 12:28:14,416  INFO [main] ViewProductsPage:62 - Found Element By : By.xpath: //div[@class='hmenu-item hmenu-title ']
2022-09-09 12:28:14,418  INFO [main] ViewProductsPage:58 - Trying to Find Element By : By.xpath: //div[@class='hmenu-item hmenu-title ']
2022-09-09 12:28:14,453  INFO [main] ViewProductsPage:62 - Found Element By : By.xpath: //div[@class='hmenu-item hmenu-title ']
2022-09-09 12:28:14,474  INFO [main] ViewProductsPage:58 - Trying to Find Element By : By.xpath: //div[@class='hmenu-item hmenu-title ']
2022-09-09 12:28:14,492  INFO [main] ViewProductsPage:62 - Found Element By : By.xpath: //div[@class='hmenu-item hmenu-title ']
2022-09-09 12:28:14,507  INFO [main] ViewProductsPage:58 - Trying to Find Element By : By.xpath: //div[@class='hmenu-item hmenu-title ']
2022-09-09 12:28:14,529  INFO [main] ViewProductsPage:62 - Found Element By : By.xpath: //div[@class='hmenu-item hmenu-title ']
2022-09-09 12:28:14,530  INFO [main] ViewProductsPage:58 - Trying to Find Element By : By.xpath: //div[@class='hmenu-item hmenu-title ']
2022-09-09 12:28:14,567  INFO [main] ViewProductsPage:62 - Found Element By : By.xpath: //div[@class='hmenu-item hmenu-title ']
2022-09-09 12:28:14,600  INFO [main] ViewProductsPage:58 - Trying to Find Element By : By.xpath: //div[@class='hmenu-item hmenu-title ']
2022-09-09 12:28:14,623  INFO [main] ViewProductsPage:62 - Found Element By : By.xpath: //div[@class='hmenu-item hmenu-title ']
2022-09-09 12:28:14,691  INFO [main] ViewProductsPage:139 - Scrolling to...Shop By Department
2022-09-09 12:28:14,725  INFO [main] ViewProductsPage:237 -  Department Title validationDepartment Title is found
2022-09-09 12:28:15,095  INFO [main] ViewProductsPage:58 - Trying to Find Element By : By.className: hmenu-item
2022-09-09 12:28:15,136  INFO [main] ViewProductsPage:62 - Found Element By : By.className: hmenu-item
2022-09-09 12:28:15,138  INFO [main] ViewProductsPage:58 - Trying to Find Element By : By.className: hmenu-item
2022-09-09 12:28:15,190  INFO [main] ViewProductsPage:62 - Found Element By : By.className: hmenu-item
2022-09-09 12:28:15,207  INFO [main] ViewProductsPage:58 - Trying to Find Element By : By.className: hmenu-item
2022-09-09 12:28:15,258  INFO [main] ViewProductsPage:62 - Found Element By : By.className: hmenu-item
2022-09-09 12:28:15,289  INFO [main] ViewProductsPage:58 - Trying to Find Element By : By.className: hmenu-item
2022-09-09 12:28:15,392  INFO [main] ViewProductsPage:62 - Found Element By : By.className: hmenu-item
2022-09-09 12:28:15,395  INFO [main] ViewProductsPage:58 - Trying to Find Element By : By.className: hmenu-item
2022-09-09 12:28:15,443  INFO [main] ViewProductsPage:62 - Found Element By : By.className: hmenu-item
2022-09-09 12:28:15,471  INFO [main] ViewProductsPage:58 - Trying to Find Element By : By.className: hmenu-item
2022-09-09 12:28:15,515  INFO [main] ViewProductsPage:62 - Found Element By : By.className: hmenu-item
2022-09-09 12:28:15,529  INFO [main] ViewProductsPage:58 - Trying to Find Element By : By.className: hmenu-item
2022-09-09 12:28:15,569  INFO [main] ViewProductsPage:62 - Found Element By : By.className: hmenu-item
2022-09-09 12:28:15,571  INFO [main] ViewProductsPage:58 - Trying to Find Element By : By.className: hmenu-item
2022-09-09 12:28:15,630  INFO [main] ViewProductsPage:62 - Found Element By : By.className: hmenu-item
2022-09-09 12:28:15,689  INFO [main] ViewProductsPage:58 - Trying to Find Element By : By.className: hmenu-item
2022-09-09 12:28:15,741  INFO [main] ViewProductsPage:62 - Found Element By : By.className: hmenu-item
2022-09-09 12:28:15,754  INFO [main] ViewProductsPage:58 - Trying to Find Element By : By.className: hmenu-item
2022-09-09 12:28:15,809  INFO [main] ViewProductsPage:62 - Found Element By : By.className: hmenu-item
2022-09-09 12:28:15,811  INFO [main] ViewProductsPage:58 - Trying to Find Element By : By.className: hmenu-item
2022-09-09 12:28:15,920  INFO [main] ViewProductsPage:62 - Found Element By : By.className: hmenu-item
2022-09-09 12:28:15,943  INFO [main] ViewProductsPage:58 - Trying to Find Element By : By.className: hmenu-item
2022-09-09 12:28:15,979  INFO [main] ViewProductsPage:62 - Found Element By : By.className: hmenu-item
2022-09-09 12:28:15,991  INFO [main] ViewProductsPage:58 - Trying to Find Element By : By.className: hmenu-item
2022-09-09 12:28:16,023  INFO [main] ViewProductsPage:62 - Found Element By : By.className: hmenu-item
2022-09-09 12:28:16,024  INFO [main] ViewProductsPage:58 - Trying to Find Element By : By.className: hmenu-item
2022-09-09 12:28:16,058  INFO [main] ViewProductsPage:62 - Found Element By : By.className: hmenu-item
2022-09-09 12:28:16,071  INFO [main] ViewProductsPage:58 - Trying to Find Element By : By.className: hmenu-item
2022-09-09 12:28:16,111  INFO [main] ViewProductsPage:62 - Found Element By : By.className: hmenu-item
2022-09-09 12:28:16,123  INFO [main] ViewProductsPage:58 - Trying to Find Element By : By.className: hmenu-item
2022-09-09 12:28:16,195  INFO [main] ViewProductsPage:62 - Found Element By : By.className: hmenu-item
2022-09-09 12:28:16,198  INFO [main] ViewProductsPage:58 - Trying to Find Element By : By.className: hmenu-item
2022-09-09 12:28:16,239  INFO [main] ViewProductsPage:62 - Found Element By : By.className: hmenu-item
2022-09-09 12:28:16,256  INFO [main] ViewProductsPage:58 - Trying to Find Element By : By.className: hmenu-item
2022-09-09 12:28:16,296  INFO [main] ViewProductsPage:62 - Found Element By : By.className: hmenu-item
2022-09-09 12:28:16,313  INFO [main] ViewProductsPage:58 - Trying to Find Element By : By.className: hmenu-item
2022-09-09 12:28:16,354  INFO [main] ViewProductsPage:62 - Found Element By : By.className: hmenu-item
2022-09-09 12:28:16,356  INFO [main] ViewProductsPage:58 - Trying to Find Element By : By.className: hmenu-item
2022-09-09 12:28:16,394  INFO [main] ViewProductsPage:62 - Found Element By : By.className: hmenu-item
2022-09-09 12:28:16,428  INFO [main] ViewProductsPage:58 - Trying to Find Element By : By.className: hmenu-item
2022-09-09 12:28:16,475  INFO [main] ViewProductsPage:62 - Found Element By : By.className: hmenu-item
2022-09-09 12:28:16,510  INFO [main] ViewProductsPage:58 - Trying to Find Element By : By.className: hmenu-item
2022-09-09 12:28:16,557  INFO [main] ViewProductsPage:62 - Found Element By : By.className: hmenu-item
2022-09-09 12:28:16,559  INFO [main] ViewProductsPage:58 - Trying to Find Element By : By.className: hmenu-item
2022-09-09 12:28:16,590  INFO [main] ViewProductsPage:62 - Found Element By : By.className: hmenu-item
2022-09-09 12:28:16,612  INFO [main] ViewProductsPage:58 - Trying to Find Element By : By.className: hmenu-item
2022-09-09 12:28:16,643  INFO [main] ViewProductsPage:62 - Found Element By : By.className: hmenu-item
2022-09-09 12:28:16,668  INFO [main] ViewProductsPage:58 - Trying to Find Element By : By.className: hmenu-item
2022-09-09 12:28:16,721  INFO [main] ViewProductsPage:62 - Found Element By : By.className: hmenu-item
2022-09-09 12:28:16,724  INFO [main] ViewProductsPage:58 - Trying to Find Element By : By.className: hmenu-item
2022-09-09 12:28:16,770  INFO [main] ViewProductsPage:62 - Found Element By : By.className: hmenu-item
2022-09-09 12:28:16,791  INFO [main] ViewProductsPage:58 - Trying to Find Element By : By.className: hmenu-item
2022-09-09 12:28:16,834  INFO [main] ViewProductsPage:62 - Found Element By : By.className: hmenu-item
2022-09-09 12:28:16,845  INFO [main] ViewProductsPage:58 - Trying to Find Element By : By.className: hmenu-item
2022-09-09 12:28:16,892  INFO [main] ViewProductsPage:62 - Found Element By : By.className: hmenu-item
2022-09-09 12:28:16,894  INFO [main] ViewProductsPage:58 - Trying to Find Element By : By.className: hmenu-item
2022-09-09 12:28:16,940  INFO [main] ViewProductsPage:62 - Found Element By : By.className: hmenu-item
2022-09-09 12:28:16,957  INFO [main] ViewProductsPage:58 - Trying to Find Element By : By.className: hmenu-item
2022-09-09 12:28:16,992  INFO [main] ViewProductsPage:62 - Found Element By : By.className: hmenu-item
2022-09-09 12:28:17,002  INFO [main] ViewProductsPage:58 - Trying to Find Element By : By.className: hmenu-item
2022-09-09 12:28:17,037  INFO [main] ViewProductsPage:62 - Found Element By : By.className: hmenu-item
2022-09-09 12:28:17,038  INFO [main] ViewProductsPage:58 - Trying to Find Element By : By.className: hmenu-item
2022-09-09 12:28:17,074  INFO [main] ViewProductsPage:62 - Found Element By : By.className: hmenu-item
2022-09-09 12:28:17,093  INFO [main] ViewProductsPage:58 - Trying to Find Element By : By.className: hmenu-item
2022-09-09 12:28:17,147  INFO [main] ViewProductsPage:62 - Found Element By : By.className: hmenu-item
2022-09-09 12:28:17,163  INFO [main] ViewProductsPage:58 - Trying to Find Element By : By.className: hmenu-item
2022-09-09 12:28:17,211  INFO [main] ViewProductsPage:62 - Found Element By : By.className: hmenu-item
2022-09-09 12:28:17,213  INFO [main] ViewProductsPage:58 - Trying to Find Element By : By.className: hmenu-item
2022-09-09 12:28:17,257  INFO [main] ViewProductsPage:62 - Found Element By : By.className: hmenu-item
2022-09-09 12:28:17,269  INFO [main] ViewProductsPage:58 - Trying to Find Element By : By.className: hmenu-item
2022-09-09 12:28:17,305  INFO [main] ViewProductsPage:62 - Found Element By : By.className: hmenu-item
2022-09-09 12:28:17,369  INFO [main] ViewProductsPage:58 - Trying to Find Element By : By.className: hmenu-item
2022-09-09 12:28:17,415  INFO [main] ViewProductsPage:62 - Found Element By : By.className: hmenu-item
2022-09-09 12:28:17,417  INFO [main] ViewProductsPage:58 - Trying to Find Element By : By.className: hmenu-item
2022-09-09 12:28:17,460  INFO [main] ViewProductsPage:62 - Found Element By : By.className: hmenu-item
2022-09-09 12:28:17,498  INFO [main] ViewProductsPage:58 - Trying to Find Element By : By.className: hmenu-item
2022-09-09 12:28:17,570  INFO [main] ViewProductsPage:62 - Found Element By : By.className: hmenu-item
2022-09-09 12:28:17,588  INFO [main] ViewProductsPage:58 - Trying to Find Element By : By.className: hmenu-item
2022-09-09 12:28:17,628  INFO [main] ViewProductsPage:62 - Found Element By : By.className: hmenu-item
2022-09-09 12:28:17,629  INFO [main] ViewProductsPage:58 - Trying to Find Element By : By.className: hmenu-item
2022-09-09 12:28:17,671  INFO [main] ViewProductsPage:62 - Found Element By : By.className: hmenu-item
2022-09-09 12:28:17,691  INFO [main] ViewProductsPage:58 - Trying to Find Element By : By.className: hmenu-item
2022-09-09 12:28:17,731  INFO [main] ViewProductsPage:62 - Found Element By : By.className: hmenu-item
2022-09-09 12:28:17,811  INFO [main] ViewProductsPage:139 - Scrolling to...TV, Appliances, Electronics
2022-09-09 12:28:17,825  INFO [main] ViewProductsPage:58 - Trying to Find Element By : By.className: hmenu-item
2022-09-09 12:28:17,875  INFO [main] ViewProductsPage:62 - Found Element By : By.className: hmenu-item
2022-09-09 12:28:17,945  INFO [main] ViewProductsPage:30 - Trying to Click On: [[ChromeDriver: chrome on WINDOWS (d82e030b0eef7f403d2af2377378f4b3)] -> class name: hmenu-item]
2022-09-09 12:28:18,068  INFO [main] ViewProductsPage:34 - Clicked On: [[ChromeDriver: chrome on WINDOWS (d82e030b0eef7f403d2af2377378f4b3)] -> class name: hmenu-item]
2022-09-09 12:28:18,070  INFO [main] ViewProductsPage:58 - Trying to Find Element By : By.className: hmenu-item
2022-09-09 12:28:18,125  INFO [main] ViewProductsPage:62 - Found Element By : By.className: hmenu-item
2022-09-09 12:28:18,137  INFO [main] ViewProductsPage:237 - Click on department menu Item ==> Department menu item found and clicked is==> TV, Appliances, Electronics
2022-09-09 12:28:18,609  INFO [main] ViewProductsPage:58 - Trying to Find Element By : By.xpath: //ul[@class='hmenu hmenu-visible hmenu-translateX']//div[normalize-space()='main menu']
2022-09-09 12:28:18,635  INFO [main] ViewProductsPage:62 - Found Element By : By.xpath: //ul[@class='hmenu hmenu-visible hmenu-translateX']//div[normalize-space()='main menu']
2022-09-09 12:28:18,664  INFO [main] ViewProductsPage:58 - Trying to Find Element By : By.xpath: //ul[@class='hmenu hmenu-visible hmenu-translateX']//div[normalize-space()='main menu']
2022-09-09 12:28:18,676  INFO [main] ViewProductsPage:62 - Found Element By : By.xpath: //ul[@class='hmenu hmenu-visible hmenu-translateX']//div[normalize-space()='main menu']
2022-09-09 12:28:18,691  INFO [main] ViewProductsPage:58 - Trying to Find Element By : By.xpath: //ul[@class='hmenu hmenu-visible hmenu-translateX']//div[normalize-space()='main menu']
2022-09-09 12:28:18,710  INFO [main] ViewProductsPage:62 - Found Element By : By.xpath: //ul[@class='hmenu hmenu-visible hmenu-translateX']//div[normalize-space()='main menu']
2022-09-09 12:28:18,724  INFO [main] ViewProductsPage:58 - Trying to Find Element By : By.xpath: //ul[@class='hmenu hmenu-visible hmenu-translateX']//div[normalize-space()='main menu']
2022-09-09 12:28:18,739  INFO [main] ViewProductsPage:62 - Found Element By : By.xpath: //ul[@class='hmenu hmenu-visible hmenu-translateX']//div[normalize-space()='main menu']
2022-09-09 12:28:18,757  INFO [main] ViewProductsPage:237 -  Dept. Menu Item click ValidationMenu Item is Clicked
2022-09-09 12:28:19,194  INFO [main] ViewProductsPage:58 - Trying to Find Element By : By.xpath: //a[@aria-label='Back to main menu']/ancestor::ul[@class='hmenu hmenu-visible hmenu-translateX']/li/a
2022-09-09 12:28:19,219  INFO [main] ViewProductsPage:62 - Found Element By : By.xpath: //a[@aria-label='Back to main menu']/ancestor::ul[@class='hmenu hmenu-visible hmenu-translateX']/li/a
2022-09-09 12:28:19,220  INFO [main] ViewProductsPage:58 - Trying to Find Element By : By.xpath: //a[@aria-label='Back to main menu']/ancestor::ul[@class='hmenu hmenu-visible hmenu-translateX']/li/a
2022-09-09 12:28:19,243  INFO [main] ViewProductsPage:62 - Found Element By : By.xpath: //a[@aria-label='Back to main menu']/ancestor::ul[@class='hmenu hmenu-visible hmenu-translateX']/li/a
2022-09-09 12:28:19,263  INFO [main] ViewProductsPage:58 - Trying to Find Element By : By.xpath: //a[@aria-label='Back to main menu']/ancestor::ul[@class='hmenu hmenu-visible hmenu-translateX']/li/a
2022-09-09 12:28:19,290  INFO [main] ViewProductsPage:62 - Found Element By : By.xpath: //a[@aria-label='Back to main menu']/ancestor::ul[@class='hmenu hmenu-visible hmenu-translateX']/li/a
2022-09-09 12:28:19,299  INFO [main] ViewProductsPage:58 - Trying to Find Element By : By.xpath: //a[@aria-label='Back to main menu']/ancestor::ul[@class='hmenu hmenu-visible hmenu-translateX']/li/a
2022-09-09 12:28:19,342  INFO [main] ViewProductsPage:62 - Found Element By : By.xpath: //a[@aria-label='Back to main menu']/ancestor::ul[@class='hmenu hmenu-visible hmenu-translateX']/li/a
2022-09-09 12:28:19,342  INFO [main] ViewProductsPage:58 - Trying to Find Element By : By.xpath: //a[@aria-label='Back to main menu']/ancestor::ul[@class='hmenu hmenu-visible hmenu-translateX']/li/a
2022-09-09 12:28:19,370  INFO [main] ViewProductsPage:62 - Found Element By : By.xpath: //a[@aria-label='Back to main menu']/ancestor::ul[@class='hmenu hmenu-visible hmenu-translateX']/li/a
2022-09-09 12:28:19,385  INFO [main] ViewProductsPage:58 - Trying to Find Element By : By.xpath: //a[@aria-label='Back to main menu']/ancestor::ul[@class='hmenu hmenu-visible hmenu-translateX']/li/a
2022-09-09 12:28:19,403  INFO [main] ViewProductsPage:62 - Found Element By : By.xpath: //a[@aria-label='Back to main menu']/ancestor::ul[@class='hmenu hmenu-visible hmenu-translateX']/li/a
2022-09-09 12:28:19,490  INFO [main] ViewProductsPage:139 - Scrolling to...Televisions
2022-09-09 12:28:19,506  INFO [main] ViewProductsPage:58 - Trying to Find Element By : By.xpath: //a[@aria-label='Back to main menu']/ancestor::ul[@class='hmenu hmenu-visible hmenu-translateX']/li/a
2022-09-09 12:28:19,530  INFO [main] ViewProductsPage:62 - Found Element By : By.xpath: //a[@aria-label='Back to main menu']/ancestor::ul[@class='hmenu hmenu-visible hmenu-translateX']/li/a
2022-09-09 12:28:19,540  INFO [main] ViewProductsPage:237 - Click on department menu Item ==> Item found ==> Televisions
2022-09-09 12:28:19,982  INFO [main] ViewProductsPage:58 - Trying to Find Element By : By.xpath: //a[@aria-label='Back to main menu']/ancestor::ul[@class='hmenu hmenu-visible hmenu-translateX']/li/a
2022-09-09 12:28:20,001  INFO [main] ViewProductsPage:62 - Found Element By : By.xpath: //a[@aria-label='Back to main menu']/ancestor::ul[@class='hmenu hmenu-visible hmenu-translateX']/li/a
2022-09-09 12:28:20,045  INFO [main] ViewProductsPage:30 - Trying to Click On: [[ChromeDriver: chrome on WINDOWS (d82e030b0eef7f403d2af2377378f4b3)] -> xpath: //a[@aria-label='Back to main menu']/ancestor::ul[@class='hmenu hmenu-visible hmenu-translateX']/li/a]
2022-09-09 12:28:22,883  INFO [main] ViewProductsPage:34 - Clicked On: [[ChromeDriver: chrome on WINDOWS (d82e030b0eef7f403d2af2377378f4b3)] -> xpath: //a[@aria-label='Back to main menu']/ancestor::ul[@class='hmenu hmenu-visible hmenu-translateX']/li/a]
2022-09-09 12:28:22,883  INFO [main] ViewProductsPage:237 - Click on department menu Item ==> Item found and clicked is==> Televisions
2022-09-09 12:28:24,262  INFO [main] ViewProductsPage:58 - Trying to Find Element By : By.xpath: //span[contains(@class,'browse-refinements-indent')]
2022-09-09 12:28:24,699  INFO [main] ViewProductsPage:62 - Found Element By : By.xpath: //span[contains(@class,'browse-refinements-indent')]
2022-09-09 12:28:24,700  INFO [main] ViewProductsPage:58 - Trying to Find Element By : By.xpath: //span[contains(@class,'browse-refinements-indent')]
2022-09-09 12:28:24,733  INFO [main] ViewProductsPage:62 - Found Element By : By.xpath: //span[contains(@class,'browse-refinements-indent')]
2022-09-09 12:28:24,758  INFO [main] ViewProductsPage:58 - Trying to Find Element By : By.xpath: //span[contains(@class,'browse-refinements-indent')]
2022-09-09 12:28:24,774  INFO [main] ViewProductsPage:62 - Found Element By : By.xpath: //span[contains(@class,'browse-refinements-indent')]
2022-09-09 12:28:24,974  INFO [main] ViewProductsPage:139 - Scrolling to...Televisions
2022-09-09 12:28:24,995  INFO [main] ViewProductsPage:237 -  If Product Page Displays Validation  Product page is displayed and Category item is highlighted 
2022-09-09 12:28:26,204  INFO [main] ViewProductsPage:58 - Trying to Find Element By : By.xpath: //span[normalize-space()='Brands']
2022-09-09 12:28:26,329  INFO [main] ViewProductsPage:62 - Found Element By : By.xpath: //span[normalize-space()='Brands']
2022-09-09 12:28:26,435  INFO [main] ViewProductsPage:58 - Trying to Find Element By : By.xpath: //span[normalize-space()='Brands']
2022-09-09 12:28:26,465  INFO [main] ViewProductsPage:62 - Found Element By : By.xpath: //span[normalize-space()='Brands']
2022-09-09 12:28:26,481  INFO [main] ViewProductsPage:58 - Trying to Find Element By : By.xpath: //span[normalize-space()='Brands']
2022-09-09 12:28:26,510  INFO [main] ViewProductsPage:62 - Found Element By : By.xpath: //span[normalize-space()='Brands']
2022-09-09 12:28:26,544  INFO [main] ViewProductsPage:58 - Trying to Find Element By : By.xpath: //span[normalize-space()='Brands']
2022-09-09 12:28:26,573  INFO [main] ViewProductsPage:62 - Found Element By : By.xpath: //span[normalize-space()='Brands']
2022-09-09 12:28:26,618  INFO [main] ViewProductsPage:139 - Scrolling to...Brands
2022-09-09 12:28:26,618  INFO [main] ViewProductsPage:58 - Trying to Find Element By : By.xpath: //span[normalize-space()='Brands']
2022-09-09 12:28:26,643  INFO [main] ViewProductsPage:62 - Found Element By : By.xpath: //span[normalize-space()='Brands']
2022-09-09 12:28:26,663  INFO [main] ViewProductsPage:58 - Trying to Find Element By : By.xpath: //span[normalize-space()='Brands']/parent::div/following-sibling::ul//a/span
2022-09-09 12:28:26,819  INFO [main] ViewProductsPage:62 - Found Element By : By.xpath: //span[normalize-space()='Brands']/parent::div/following-sibling::ul//a/span
2022-09-09 12:28:26,820  INFO [main] ViewProductsPage:58 - Trying to Find Element By : By.xpath: //span[normalize-space()='Brands']/parent::div/following-sibling::ul//a/span
2022-09-09 12:28:26,850  INFO [main] ViewProductsPage:62 - Found Element By : By.xpath: //span[normalize-space()='Brands']/parent::div/following-sibling::ul//a/span
2022-09-09 12:28:26,887  INFO [main] ViewProductsPage:58 - Trying to Find Element By : By.xpath: //span[normalize-space()='Brands']/parent::div/following-sibling::ul//a/span
2022-09-09 12:28:26,908  INFO [main] ViewProductsPage:62 - Found Element By : By.xpath: //span[normalize-space()='Brands']/parent::div/following-sibling::ul//a/span
2022-09-09 12:28:26,909  INFO [main] ViewProductsPage:58 - Trying to Find Element By : By.xpath: //span[normalize-space()='Brands']/parent::div/following-sibling::ul//a/span
2022-09-09 12:28:26,938  INFO [main] ViewProductsPage:62 - Found Element By : By.xpath: //span[normalize-space()='Brands']/parent::div/following-sibling::ul//a/span
2022-09-09 12:28:26,960  INFO [main] ViewProductsPage:58 - Trying to Find Element By : By.xpath: //span[normalize-space()='Brands']/parent::div/following-sibling::ul//a/span
2022-09-09 12:28:26,994  INFO [main] ViewProductsPage:62 - Found Element By : By.xpath: //span[normalize-space()='Brands']/parent::div/following-sibling::ul//a/span
2022-09-09 12:28:26,995  INFO [main] ViewProductsPage:58 - Trying to Find Element By : By.xpath: //span[normalize-space()='Brands']/parent::div/following-sibling::ul//a/span
2022-09-09 12:28:27,018  INFO [main] ViewProductsPage:62 - Found Element By : By.xpath: //span[normalize-space()='Brands']/parent::div/following-sibling::ul//a/span
2022-09-09 12:28:27,067  INFO [main] ViewProductsPage:58 - Trying to Find Element By : By.xpath: //span[normalize-space()='Brands']/parent::div/following-sibling::ul//a/span
2022-09-09 12:28:27,097  INFO [main] ViewProductsPage:62 - Found Element By : By.xpath: //span[normalize-space()='Brands']/parent::div/following-sibling::ul//a/span
2022-09-09 12:28:27,098  INFO [main] ViewProductsPage:58 - Trying to Find Element By : By.xpath: //span[normalize-space()='Brands']/parent::div/following-sibling::ul//a/span
2022-09-09 12:28:27,140  INFO [main] ViewProductsPage:62 - Found Element By : By.xpath: //span[normalize-space()='Brands']/parent::div/following-sibling::ul//a/span
2022-09-09 12:28:27,162  INFO [main] ViewProductsPage:58 - Trying to Find Element By : By.xpath: //span[normalize-space()='Brands']/parent::div/following-sibling::ul//a/span
2022-09-09 12:28:27,205  INFO [main] ViewProductsPage:62 - Found Element By : By.xpath: //span[normalize-space()='Brands']/parent::div/following-sibling::ul//a/span
2022-09-09 12:28:27,342  INFO [main] ViewProductsPage:30 - Trying to Click On: [[ChromeDriver: chrome on WINDOWS (d82e030b0eef7f403d2af2377378f4b3)] -> xpath: //span[normalize-space()='Brands']/parent::div/following-sibling::ul//a/span]
2022-09-09 12:28:30,127  INFO [main] ViewProductsPage:34 - Clicked On: [[ChromeDriver: chrome on WINDOWS (d82e030b0eef7f403d2af2377378f4b3)] -> xpath: //span[normalize-space()='Brands']/parent::div/following-sibling::ul//a/span]
2022-09-09 12:28:30,128  INFO [main] ViewProductsPage:58 - Trying to Find Element By : By.xpath: //div[@id='brandsRefinements']//li[@class='a-spacing-micro s-list-item']/following-sibling::li[1]//a/span
2022-09-09 12:28:30,364  INFO [main] ViewProductsPage:62 - Found Element By : By.xpath: //div[@id='brandsRefinements']//li[@class='a-spacing-micro s-list-item']/following-sibling::li[1]//a/span
2022-09-09 12:28:31,573  INFO [main] ViewProductsPage:58 - Trying to Find Element By : By.xpath: //div[@id='brandsRefinements']//li[@class='a-spacing-micro s-list-item']/following-sibling::li[1]//a/span
2022-09-09 12:28:31,596  INFO [main] ViewProductsPage:62 - Found Element By : By.xpath: //div[@id='brandsRefinements']//li[@class='a-spacing-micro s-list-item']/following-sibling::li[1]//a/span
2022-09-09 12:28:31,608  INFO [main] ViewProductsPage:237 -  Filter On Brands and Selecting a Product Brand ==> Samsung is selected
2022-09-09 12:28:32,325  INFO [main] ViewProductsPage:58 - Trying to Find Element By : By.xpath: //select[@id='s-result-sort-select']
2022-09-09 12:28:32,356  INFO [main] ViewProductsPage:62 - Found Element By : By.xpath: //select[@id='s-result-sort-select']
2022-09-09 12:28:32,400  INFO [main] ViewProductsPage:58 - Trying to Find Element By : By.xpath: //select[@id='s-result-sort-select']
2022-09-09 12:28:32,424  INFO [main] ViewProductsPage:62 - Found Element By : By.xpath: //select[@id='s-result-sort-select']
2022-09-09 12:28:32,453  INFO [main] ViewProductsPage:58 - Trying to Find Element By : By.xpath: //select[@id='s-result-sort-select']
2022-09-09 12:28:32,492  INFO [main] ViewProductsPage:62 - Found Element By : By.xpath: //select[@id='s-result-sort-select']
2022-09-09 12:28:32,550  INFO [main] ViewProductsPage:58 - Trying to Find Element By : By.xpath: //select[@id='s-result-sort-select']
2022-09-09 12:28:32,573  INFO [main] ViewProductsPage:62 - Found Element By : By.xpath: //select[@id='s-result-sort-select']
2022-09-09 12:28:32,603  INFO [main] ViewProductsPage:58 - Trying to Find Element By : By.xpath: //select[@id='s-result-sort-select']
2022-09-09 12:28:32,617  INFO [main] ViewProductsPage:62 - Found Element By : By.xpath: //select[@id='s-result-sort-select']
2022-09-09 12:28:32,617  INFO [main] ViewProductsPage:58 - Trying to Find Element By : By.xpath: .//option[normalize-space(.) = "Price: High to Low"]
2022-09-09 12:28:32,637  INFO [main] ViewProductsPage:62 - Found Element By : By.xpath: .//option[normalize-space(.) = "Price: High to Low"]
2022-09-09 12:28:32,652  INFO [main] ViewProductsPage:30 - Trying to Click On: [[[[ChromeDriver: chrome on WINDOWS (d82e030b0eef7f403d2af2377378f4b3)] -> xpath: //select[@id='s-result-sort-select']]] -> xpath: .//option[normalize-space(.) = "Price: High to Low"]]
2022-09-09 12:28:35,077  INFO [main] ViewProductsPage:34 - Clicked On: [[[[ChromeDriver: chrome on WINDOWS (d82e030b0eef7f403d2af2377378f4b3)] -> xpath: //select[@id='s-result-sort-select']]] -> xpath: .//option[normalize-space(.) = "Price: High to Low"]]
2022-09-09 12:28:35,078  INFO [main] ViewProductsPage:58 - Trying to Find Element By : By.xpath: //select[@id='s-result-sort-select']
2022-09-09 12:28:35,116  INFO [main] ViewProductsPage:62 - Found Element By : By.xpath: //select[@id='s-result-sort-select']
2022-09-09 12:28:35,191  INFO [main] ViewProductsPage:58 - Trying to Find Element By : By.xpath: //span[normalize-space()='Sort by:']/following-sibling::span
2022-09-09 12:28:35,240  INFO [main] ViewProductsPage:62 - Found Element By : By.xpath: //span[normalize-space()='Sort by:']/following-sibling::span
2022-09-09 12:28:35,299  INFO [main] ViewProductsPage:58 - Trying to Find Element By : By.xpath: //span[normalize-space()='Sort by:']/following-sibling::span
2022-09-09 12:28:35,458  INFO [main] ViewProductsPage:62 - Found Element By : By.xpath: //span[normalize-space()='Sort by:']/following-sibling::span
2022-09-09 12:28:36,224  INFO [main] ViewProductsPage:58 - Trying to Find Element By : By.xpath: //span[normalize-space()='Sort by:']/following-sibling::span
2022-09-09 12:28:36,271  INFO [main] ViewProductsPage:62 - Found Element By : By.xpath: //span[normalize-space()='Sort by:']/following-sibling::span
2022-09-09 12:28:36,300  INFO [main] ViewProductsPage:58 - Trying to Find Element By : By.xpath: //span[normalize-space()='Sort by:']/following-sibling::span
2022-09-09 12:28:36,316  INFO [main] ViewProductsPage:62 - Found Element By : By.xpath: //span[normalize-space()='Sort by:']/following-sibling::span
2022-09-09 12:28:36,348  INFO [main] ViewProductsPage:58 - Trying to Find Element By : By.xpath: //span[normalize-space()='Sort by:']/following-sibling::span
2022-09-09 12:28:36,364  INFO [main] ViewProductsPage:62 - Found Element By : By.xpath: //span[normalize-space()='Sort by:']/following-sibling::span
2022-09-09 12:28:36,381  INFO [main] ViewProductsPage:58 - Trying to Find Element By : By.xpath: //span[normalize-space()='Sort by:']/following-sibling::span
2022-09-09 12:28:36,410  INFO [main] ViewProductsPage:62 - Found Element By : By.xpath: //span[normalize-space()='Sort by:']/following-sibling::span
2022-09-09 12:28:36,422  INFO [main] ViewProductsPage:237 - Sorting of products ==>  Product is sorted by :Price: High to Low
2022-09-09 12:28:36,870  INFO [main] ViewProductsPage:58 - Trying to Find Element By : By.xpath: //span[@class='a-price']//span[@class='a-price-symbol']/following-sibling::span
2022-09-09 12:28:36,891  INFO [main] ViewProductsPage:62 - Found Element By : By.xpath: //span[@class='a-price']//span[@class='a-price-symbol']/following-sibling::span
2022-09-09 12:28:36,892  INFO [main] ViewProductsPage:58 - Trying to Find Element By : By.xpath: //span[@class='a-price']//span[@class='a-price-symbol']/following-sibling::span
2022-09-09 12:28:36,914  INFO [main] ViewProductsPage:62 - Found Element By : By.xpath: //span[@class='a-price']//span[@class='a-price-symbol']/following-sibling::span
2022-09-09 12:28:36,915  INFO [main] ViewProductsPage:58 - Trying to Find Element By : By.xpath: //span[@class='a-price']//span[@class='a-price-symbol']/following-sibling::span
2022-09-09 12:28:36,929  INFO [main] ViewProductsPage:62 - Found Element By : By.xpath: //span[@class='a-price']//span[@class='a-price-symbol']/following-sibling::span
2022-09-09 12:28:36,947  INFO [main] ViewProductsPage:58 - Trying to Find Element By : By.xpath: //span[@class='a-price']//span[@class='a-price-symbol']/following-sibling::span
2022-09-09 12:28:36,962  INFO [main] ViewProductsPage:62 - Found Element By : By.xpath: //span[@class='a-price']//span[@class='a-price-symbol']/following-sibling::span
2022-09-09 12:28:36,963  INFO [main] ViewProductsPage:58 - Trying to Find Element By : By.xpath: //span[@class='a-price']//span[@class='a-price-symbol']/following-sibling::span
2022-09-09 12:28:36,977  INFO [main] ViewProductsPage:62 - Found Element By : By.xpath: //span[@class='a-price']//span[@class='a-price-symbol']/following-sibling::span
2022-09-09 12:28:36,995  INFO [main] ViewProductsPage:58 - Trying to Find Element By : By.xpath: //span[@class='a-price']//span[@class='a-price-symbol']/following-sibling::span
2022-09-09 12:28:37,010  INFO [main] ViewProductsPage:62 - Found Element By : By.xpath: //span[@class='a-price']//span[@class='a-price-symbol']/following-sibling::span
2022-09-09 12:28:37,011  INFO [main] ViewProductsPage:58 - Trying to Find Element By : By.xpath: //span[@class='a-price']//span[@class='a-price-symbol']/following-sibling::span
2022-09-09 12:28:37,024  INFO [main] ViewProductsPage:62 - Found Element By : By.xpath: //span[@class='a-price']//span[@class='a-price-symbol']/following-sibling::span
2022-09-09 12:28:37,039  INFO [main] ViewProductsPage:58 - Trying to Find Element By : By.xpath: //span[@class='a-price']//span[@class='a-price-symbol']/following-sibling::span
2022-09-09 12:28:37,056  INFO [main] ViewProductsPage:62 - Found Element By : By.xpath: //span[@class='a-price']//span[@class='a-price-symbol']/following-sibling::span
2022-09-09 12:28:37,057  INFO [main] ViewProductsPage:58 - Trying to Find Element By : By.xpath: //span[@class='a-price']//span[@class='a-price-symbol']/following-sibling::span
2022-09-09 12:28:37,071  INFO [main] ViewProductsPage:62 - Found Element By : By.xpath: //span[@class='a-price']//span[@class='a-price-symbol']/following-sibling::span
2022-09-09 12:28:37,087  INFO [main] ViewProductsPage:58 - Trying to Find Element By : By.xpath: //span[@class='a-price']//span[@class='a-price-symbol']/following-sibling::span
2022-09-09 12:28:37,105  INFO [main] ViewProductsPage:62 - Found Element By : By.xpath: //span[@class='a-price']//span[@class='a-price-symbol']/following-sibling::span
2022-09-09 12:28:37,105  INFO [main] ViewProductsPage:58 - Trying to Find Element By : By.xpath: //span[@class='a-price']//span[@class='a-price-symbol']/following-sibling::span
2022-09-09 12:28:37,119  INFO [main] ViewProductsPage:62 - Found Element By : By.xpath: //span[@class='a-price']//span[@class='a-price-symbol']/following-sibling::span
2022-09-09 12:28:37,136  INFO [main] ViewProductsPage:58 - Trying to Find Element By : By.xpath: //span[@class='a-price']//span[@class='a-price-symbol']/following-sibling::span
2022-09-09 12:28:37,151  INFO [main] ViewProductsPage:62 - Found Element By : By.xpath: //span[@class='a-price']//span[@class='a-price-symbol']/following-sibling::span
2022-09-09 12:28:37,151  INFO [main] ViewProductsPage:58 - Trying to Find Element By : By.xpath: //span[@class='a-price']//span[@class='a-price-symbol']/following-sibling::span
2022-09-09 12:28:37,170  INFO [main] ViewProductsPage:62 - Found Element By : By.xpath: //span[@class='a-price']//span[@class='a-price-symbol']/following-sibling::span
2022-09-09 12:28:37,187  INFO [main] ViewProductsPage:58 - Trying to Find Element By : By.xpath: //span[@class='a-price']//span[@class='a-price-symbol']/following-sibling::span
2022-09-09 12:28:37,197  INFO [main] ViewProductsPage:62 - Found Element By : By.xpath: //span[@class='a-price']//span[@class='a-price-symbol']/following-sibling::span
2022-09-09 12:28:37,198  INFO [main] ViewProductsPage:58 - Trying to Find Element By : By.xpath: //span[@class='a-price']//span[@class='a-price-symbol']/following-sibling::span
2022-09-09 12:28:37,215  INFO [main] ViewProductsPage:62 - Found Element By : By.xpath: //span[@class='a-price']//span[@class='a-price-symbol']/following-sibling::span
2022-09-09 12:28:37,230  INFO [main] ViewProductsPage:58 - Trying to Find Element By : By.xpath: //span[@class='a-price']//span[@class='a-price-symbol']/following-sibling::span
2022-09-09 12:28:37,246  INFO [main] ViewProductsPage:62 - Found Element By : By.xpath: //span[@class='a-price']//span[@class='a-price-symbol']/following-sibling::span
2022-09-09 12:28:37,247  INFO [main] ViewProductsPage:58 - Trying to Find Element By : By.xpath: //span[@class='a-price']//span[@class='a-price-symbol']/following-sibling::span
2022-09-09 12:28:37,259  INFO [main] ViewProductsPage:62 - Found Element By : By.xpath: //span[@class='a-price']//span[@class='a-price-symbol']/following-sibling::span
2022-09-09 12:28:37,274  INFO [main] ViewProductsPage:58 - Trying to Find Element By : By.xpath: //span[@class='a-price']//span[@class='a-price-symbol']/following-sibling::span
2022-09-09 12:28:37,294  INFO [main] ViewProductsPage:62 - Found Element By : By.xpath: //span[@class='a-price']//span[@class='a-price-symbol']/following-sibling::span
2022-09-09 12:28:37,295  INFO [main] ViewProductsPage:58 - Trying to Find Element By : By.xpath: //span[@class='a-price']//span[@class='a-price-symbol']/following-sibling::span
2022-09-09 12:28:37,309  INFO [main] ViewProductsPage:62 - Found Element By : By.xpath: //span[@class='a-price']//span[@class='a-price-symbol']/following-sibling::span
2022-09-09 12:28:37,328  INFO [main] ViewProductsPage:58 - Trying to Find Element By : By.xpath: //span[@class='a-price']//span[@class='a-price-symbol']/following-sibling::span
2022-09-09 12:28:37,354  INFO [main] ViewProductsPage:62 - Found Element By : By.xpath: //span[@class='a-price']//span[@class='a-price-symbol']/following-sibling::span
2022-09-09 12:28:37,354  INFO [main] ViewProductsPage:58 - Trying to Find Element By : By.xpath: //span[@class='a-price']//span[@class='a-price-symbol']/following-sibling::span
2022-09-09 12:28:37,370  INFO [main] ViewProductsPage:62 - Found Element By : By.xpath: //span[@class='a-price']//span[@class='a-price-symbol']/following-sibling::span
2022-09-09 12:28:37,389  INFO [main] ViewProductsPage:58 - Trying to Find Element By : By.xpath: //span[@class='a-price']//span[@class='a-price-symbol']/following-sibling::span
2022-09-09 12:28:37,404  INFO [main] ViewProductsPage:62 - Found Element By : By.xpath: //span[@class='a-price']//span[@class='a-price-symbol']/following-sibling::span
2022-09-09 12:28:37,405  INFO [main] ViewProductsPage:58 - Trying to Find Element By : By.xpath: //span[@class='a-price']//span[@class='a-price-symbol']/following-sibling::span
2022-09-09 12:28:37,417  INFO [main] ViewProductsPage:62 - Found Element By : By.xpath: //span[@class='a-price']//span[@class='a-price-symbol']/following-sibling::span
2022-09-09 12:28:37,434  INFO [main] ViewProductsPage:58 - Trying to Find Element By : By.xpath: //span[@class='a-price']//span[@class='a-price-symbol']/following-sibling::span
2022-09-09 12:28:37,448  INFO [main] ViewProductsPage:62 - Found Element By : By.xpath: //span[@class='a-price']//span[@class='a-price-symbol']/following-sibling::span
2022-09-09 12:28:37,449  INFO [main] ViewProductsPage:58 - Trying to Find Element By : By.xpath: //span[@class='a-price']//span[@class='a-price-symbol']/following-sibling::span
2022-09-09 12:28:37,464  INFO [main] ViewProductsPage:62 - Found Element By : By.xpath: //span[@class='a-price']//span[@class='a-price-symbol']/following-sibling::span
2022-09-09 12:28:37,478  INFO [main] ViewProductsPage:58 - Trying to Find Element By : By.xpath: //span[@class='a-price']//span[@class='a-price-symbol']/following-sibling::span
2022-09-09 12:28:37,509  INFO [main] ViewProductsPage:62 - Found Element By : By.xpath: //span[@class='a-price']//span[@class='a-price-symbol']/following-sibling::span
2022-09-09 12:28:37,510  INFO [main] ViewProductsPage:58 - Trying to Find Element By : By.xpath: //span[@class='a-price']//span[@class='a-price-symbol']/following-sibling::span
2022-09-09 12:28:37,528  INFO [main] ViewProductsPage:62 - Found Element By : By.xpath: //span[@class='a-price']//span[@class='a-price-symbol']/following-sibling::span
2022-09-09 12:28:37,549  INFO [main] ViewProductsPage:58 - Trying to Find Element By : By.xpath: //span[@class='a-price']//span[@class='a-price-symbol']/following-sibling::span
2022-09-09 12:28:37,577  INFO [main] ViewProductsPage:62 - Found Element By : By.xpath: //span[@class='a-price']//span[@class='a-price-symbol']/following-sibling::span
2022-09-09 12:28:37,577  INFO [main] ViewProductsPage:58 - Trying to Find Element By : By.xpath: //span[@class='a-price']//span[@class='a-price-symbol']/following-sibling::span
2022-09-09 12:28:37,590  INFO [main] ViewProductsPage:62 - Found Element By : By.xpath: //span[@class='a-price']//span[@class='a-price-symbol']/following-sibling::span
2022-09-09 12:28:37,608  INFO [main] ViewProductsPage:58 - Trying to Find Element By : By.xpath: //span[@class='a-price']//span[@class='a-price-symbol']/following-sibling::span
2022-09-09 12:28:37,624  INFO [main] ViewProductsPage:62 - Found Element By : By.xpath: //span[@class='a-price']//span[@class='a-price-symbol']/following-sibling::span
2022-09-09 12:28:37,624  INFO [main] ViewProductsPage:58 - Trying to Find Element By : By.xpath: //span[@class='a-price']//span[@class='a-price-symbol']/following-sibling::span
2022-09-09 12:28:37,638  INFO [main] ViewProductsPage:62 - Found Element By : By.xpath: //span[@class='a-price']//span[@class='a-price-symbol']/following-sibling::span
2022-09-09 12:28:37,655  INFO [main] ViewProductsPage:58 - Trying to Find Element By : By.xpath: //span[@class='a-price']//span[@class='a-price-symbol']/following-sibling::span
2022-09-09 12:28:37,670  INFO [main] ViewProductsPage:62 - Found Element By : By.xpath: //span[@class='a-price']//span[@class='a-price-symbol']/following-sibling::span
2022-09-09 12:28:37,670  INFO [main] ViewProductsPage:58 - Trying to Find Element By : By.xpath: //span[@class='a-price']//span[@class='a-price-symbol']/following-sibling::span
2022-09-09 12:28:37,685  INFO [main] ViewProductsPage:62 - Found Element By : By.xpath: //span[@class='a-price']//span[@class='a-price-symbol']/following-sibling::span
2022-09-09 12:28:37,702  INFO [main] ViewProductsPage:58 - Trying to Find Element By : By.xpath: //span[@class='a-price']//span[@class='a-price-symbol']/following-sibling::span
2022-09-09 12:28:37,721  INFO [main] ViewProductsPage:62 - Found Element By : By.xpath: //span[@class='a-price']//span[@class='a-price-symbol']/following-sibling::span
2022-09-09 12:28:37,721  INFO [main] ViewProductsPage:58 - Trying to Find Element By : By.xpath: //span[@class='a-price']//span[@class='a-price-symbol']/following-sibling::span
2022-09-09 12:28:37,735  INFO [main] ViewProductsPage:62 - Found Element By : By.xpath: //span[@class='a-price']//span[@class='a-price-symbol']/following-sibling::span
2022-09-09 12:28:37,757  INFO [main] ViewProductsPage:58 - Trying to Find Element By : By.xpath: //span[@class='a-price']//span[@class='a-price-symbol']/following-sibling::span
2022-09-09 12:28:37,780  INFO [main] ViewProductsPage:62 - Found Element By : By.xpath: //span[@class='a-price']//span[@class='a-price-symbol']/following-sibling::span
2022-09-09 12:28:37,780  INFO [main] ViewProductsPage:58 - Trying to Find Element By : By.xpath: //span[@class='a-price']//span[@class='a-price-symbol']/following-sibling::span
2022-09-09 12:28:37,795  INFO [main] ViewProductsPage:62 - Found Element By : By.xpath: //span[@class='a-price']//span[@class='a-price-symbol']/following-sibling::span
2022-09-09 12:28:37,809  INFO [main] ViewProductsPage:58 - Trying to Find Element By : By.xpath: //span[@class='a-price']//span[@class='a-price-symbol']/following-sibling::span
2022-09-09 12:28:37,827  INFO [main] ViewProductsPage:62 - Found Element By : By.xpath: //span[@class='a-price']//span[@class='a-price-symbol']/following-sibling::span
2022-09-09 12:28:37,827  INFO [main] ViewProductsPage:58 - Trying to Find Element By : By.xpath: //span[@class='a-price']//span[@class='a-price-symbol']/following-sibling::span
2022-09-09 12:28:37,843  INFO [main] ViewProductsPage:62 - Found Element By : By.xpath: //span[@class='a-price']//span[@class='a-price-symbol']/following-sibling::span
2022-09-09 12:28:37,860  INFO [main] ViewProductsPage:58 - Trying to Find Element By : By.xpath: //span[@class='a-price']//span[@class='a-price-symbol']/following-sibling::span
2022-09-09 12:28:37,875  INFO [main] ViewProductsPage:62 - Found Element By : By.xpath: //span[@class='a-price']//span[@class='a-price-symbol']/following-sibling::span
2022-09-09 12:28:37,876  INFO [main] ViewProductsPage:58 - Trying to Find Element By : By.xpath: //span[@class='a-price']//span[@class='a-price-symbol']/following-sibling::span
2022-09-09 12:28:37,888  INFO [main] ViewProductsPage:62 - Found Element By : By.xpath: //span[@class='a-price']//span[@class='a-price-symbol']/following-sibling::span
2022-09-09 12:28:37,903  INFO [main] ViewProductsPage:58 - Trying to Find Element By : By.xpath: //span[@class='a-price']//span[@class='a-price-symbol']/following-sibling::span
2022-09-09 12:28:37,931  INFO [main] ViewProductsPage:62 - Found Element By : By.xpath: //span[@class='a-price']//span[@class='a-price-symbol']/following-sibling::span
2022-09-09 12:28:37,931  INFO [main] ViewProductsPage:58 - Trying to Find Element By : By.xpath: //span[@class='a-price']//span[@class='a-price-symbol']/following-sibling::span
2022-09-09 12:28:37,955  INFO [main] ViewProductsPage:62 - Found Element By : By.xpath: //span[@class='a-price']//span[@class='a-price-symbol']/following-sibling::span
2022-09-09 12:28:37,973  INFO [main] ViewProductsPage:58 - Trying to Find Element By : By.xpath: //span[@class='a-price']//span[@class='a-price-symbol']/following-sibling::span
2022-09-09 12:28:37,989  INFO [main] ViewProductsPage:62 - Found Element By : By.xpath: //span[@class='a-price']//span[@class='a-price-symbol']/following-sibling::span
2022-09-09 12:28:37,990  INFO [main] ViewProductsPage:58 - Trying to Find Element By : By.xpath: //span[@class='a-price']//span[@class='a-price-symbol']/following-sibling::span
2022-09-09 12:28:38,001  INFO [main] ViewProductsPage:62 - Found Element By : By.xpath: //span[@class='a-price']//span[@class='a-price-symbol']/following-sibling::span
2022-09-09 12:28:38,015  INFO [main] ViewProductsPage:58 - Trying to Find Element By : By.xpath: //span[@class='a-price']//span[@class='a-price-symbol']/following-sibling::span
2022-09-09 12:28:38,032  INFO [main] ViewProductsPage:62 - Found Element By : By.xpath: //span[@class='a-price']//span[@class='a-price-symbol']/following-sibling::span
2022-09-09 12:28:38,060  INFO [main] ViewProductsPage:30 - Trying to Click On: [[ChromeDriver: chrome on WINDOWS (d82e030b0eef7f403d2af2377378f4b3)] -> xpath: //span[@class='a-price']//span[@class='a-price-symbol']/following-sibling::span]
2022-09-09 12:28:38,270  INFO [main] ViewProductsPage:34 - Clicked On: [[ChromeDriver: chrome on WINDOWS (d82e030b0eef7f403d2af2377378f4b3)] -> xpath: //span[@class='a-price']//span[@class='a-price-symbol']/following-sibling::span]
2022-09-09 12:28:38,271  INFO [main] ViewProductsPage:237 - Selecting Product based upon price ==> Item Clicked On is ==> 6,69,990
2022-09-09 12:28:47,275  INFO [main] ViewProductsPage:58 - Trying to Find Element By : By.xpath: //h1[normalize-space()='About this item']
2022-09-09 12:28:47,338  INFO [main] ViewProductsPage:62 - Found Element By : By.xpath: //h1[normalize-space()='About this item']
2022-09-09 12:28:47,392  INFO [main] ViewProductsPage:58 - Trying to Find Element By : By.xpath: //h1[normalize-space()='About this item']
2022-09-09 12:28:47,424  INFO [main] ViewProductsPage:62 - Found Element By : By.xpath: //h1[normalize-space()='About this item']
2022-09-09 12:28:47,432  INFO [main] ViewProductsPage:58 - Trying to Find Element By : By.xpath: //h1[normalize-space()='About this item']
2022-09-09 12:28:47,558  INFO [main] ViewProductsPage:62 - Found Element By : By.xpath: //h1[normalize-space()='About this item']
2022-09-09 12:28:47,581  INFO [main] ViewProductsPage:58 - Trying to Find Element By : By.xpath: //h1[normalize-space()='About this item']
2022-09-09 12:28:47,634  INFO [main] ViewProductsPage:62 - Found Element By : By.xpath: //h1[normalize-space()='About this item']
2022-09-09 12:28:47,669  INFO [main] ViewProductsPage:139 - Scrolling to...About this item
2022-09-09 12:28:47,670  INFO [main] ViewProductsPage:58 - Trying to Find Element By : By.xpath: //h1[normalize-space()='About this item']
2022-09-09 12:28:47,688  INFO [main] ViewProductsPage:62 - Found Element By : By.xpath: //h1[normalize-space()='About this item']
2022-09-09 12:28:47,703  INFO [main] ViewProductsPage:237 -  If Product Details Page Displays after clicking on item ==> User is on Product details page
2022-09-09 12:28:48,186  INFO [main] ViewProductsPage:58 - Trying to Find Element By : By.xpath: //ul[@class='a-unordered-list a-vertical a-spacing-mini']//span
2022-09-09 12:28:48,225  INFO [main] ViewProductsPage:62 - Found Element By : By.xpath: //ul[@class='a-unordered-list a-vertical a-spacing-mini']//span
2022-09-09 12:28:48,225  INFO [main] ViewProductsPage:58 - Trying to Find Element By : By.xpath: //ul[@class='a-unordered-list a-vertical a-spacing-mini']//span
2022-09-09 12:28:48,258  INFO [main] ViewProductsPage:62 - Found Element By : By.xpath: //ul[@class='a-unordered-list a-vertical a-spacing-mini']//span
2022-09-09 12:28:48,327  INFO [main] ViewProductsPage:139 - Scrolling to...Resolution : 4K Ultra HD (3840 x 2160) Resolution || Refresh Rate : 100 Hertz
2022-09-09 12:28:48,380  INFO [main] ViewProductsPage:58 - Trying to Find Element By : By.xpath: //ul[@class='a-unordered-list a-vertical a-spacing-mini']//span
2022-09-09 12:28:48,420  INFO [main] ViewProductsPage:62 - Found Element By : By.xpath: //ul[@class='a-unordered-list a-vertical a-spacing-mini']//span
2022-09-09 12:28:48,432  INFO [main] ViewProductsPage:58 - Trying to Find Element By : By.xpath: //ul[@class='a-unordered-list a-vertical a-spacing-mini']//span
2022-09-09 12:28:48,454  INFO [main] ViewProductsPage:62 - Found Element By : By.xpath: //ul[@class='a-unordered-list a-vertical a-spacing-mini']//span
2022-09-09 12:28:48,454  INFO [main] ViewProductsPage:58 - Trying to Find Element By : By.xpath: //ul[@class='a-unordered-list a-vertical a-spacing-mini']//span
2022-09-09 12:28:48,486  INFO [main] ViewProductsPage:62 - Found Element By : By.xpath: //ul[@class='a-unordered-list a-vertical a-spacing-mini']//span
2022-09-09 12:28:48,556  INFO [main] ViewProductsPage:139 - Scrolling to...Connectivity: 4 HDMI ports to connect set top box || Blu-ray speakers or a gaming console || 2 USB ports to connect hard drives or other USB devices
2022-09-09 12:28:48,572  INFO [main] ViewProductsPage:58 - Trying to Find Element By : By.xpath: //ul[@class='a-unordered-list a-vertical a-spacing-mini']//span
2022-09-09 12:28:48,619  INFO [main] ViewProductsPage:62 - Found Element By : By.xpath: //ul[@class='a-unordered-list a-vertical a-spacing-mini']//span
2022-09-09 12:28:48,637  INFO [main] ViewProductsPage:58 - Trying to Find Element By : By.xpath: //ul[@class='a-unordered-list a-vertical a-spacing-mini']//span
2022-09-09 12:28:48,699  INFO [main] ViewProductsPage:62 - Found Element By : By.xpath: //ul[@class='a-unordered-list a-vertical a-spacing-mini']//span
2022-09-09 12:28:48,699  INFO [main] ViewProductsPage:58 - Trying to Find Element By : By.xpath: //ul[@class='a-unordered-list a-vertical a-spacing-mini']//span
2022-09-09 12:28:48,729  INFO [main] ViewProductsPage:62 - Found Element By : By.xpath: //ul[@class='a-unordered-list a-vertical a-spacing-mini']//span
2022-09-09 12:28:48,892  INFO [main] ViewProductsPage:139 - Scrolling to...Sound: 60 Watts Output - 4.2.2 Ch|| Powerful Speakers with Dolby Atmos || Surround Sound || Active Voice Amplifier || Adaptive Sound+
2022-09-09 12:28:48,906  INFO [main] ViewProductsPage:58 - Trying to Find Element By : By.xpath: //ul[@class='a-unordered-list a-vertical a-spacing-mini']//span
2022-09-09 12:28:48,992  INFO [main] ViewProductsPage:62 - Found Element By : By.xpath: //ul[@class='a-unordered-list a-vertical a-spacing-mini']//span
2022-09-09 12:28:49,021  INFO [main] ViewProductsPage:58 - Trying to Find Element By : By.xpath: //ul[@class='a-unordered-list a-vertical a-spacing-mini']//span
2022-09-09 12:28:49,041  INFO [main] ViewProductsPage:62 - Found Element By : By.xpath: //ul[@class='a-unordered-list a-vertical a-spacing-mini']//span
2022-09-09 12:28:49,041  INFO [main] ViewProductsPage:58 - Trying to Find Element By : By.xpath: //ul[@class='a-unordered-list a-vertical a-spacing-mini']//span
2022-09-09 12:28:49,066  INFO [main] ViewProductsPage:62 - Found Element By : By.xpath: //ul[@class='a-unordered-list a-vertical a-spacing-mini']//span
2022-09-09 12:28:49,145  INFO [main] ViewProductsPage:139 - Scrolling to...Smart TV Features : Mirroring || Tap View ||Multi-View || Music Wall || Mobile Camera Support || Wireless Dex || Auto Game Mode (ALLM) || Game Motion Plus || Dynamic Black EQ || Surround Sound || Super Ultra Wide Game View ||Mini Map Zoom || FreeSync Premium Pro || HGiG
2022-09-09 12:28:49,164  INFO [main] ViewProductsPage:58 - Trying to Find Element By : By.xpath: //ul[@class='a-unordered-list a-vertical a-spacing-mini']//span
2022-09-09 12:28:49,259  INFO [main] ViewProductsPage:62 - Found Element By : By.xpath: //ul[@class='a-unordered-list a-vertical a-spacing-mini']//span
2022-09-09 12:28:49,298  INFO [main] ViewProductsPage:58 - Trying to Find Element By : By.xpath: //ul[@class='a-unordered-list a-vertical a-spacing-mini']//span
2022-09-09 12:28:49,331  INFO [main] ViewProductsPage:62 - Found Element By : By.xpath: //ul[@class='a-unordered-list a-vertical a-spacing-mini']//span
2022-09-09 12:28:49,331  INFO [main] ViewProductsPage:58 - Trying to Find Element By : By.xpath: //ul[@class='a-unordered-list a-vertical a-spacing-mini']//span
2022-09-09 12:28:49,345  INFO [main] ViewProductsPage:62 - Found Element By : By.xpath: //ul[@class='a-unordered-list a-vertical a-spacing-mini']//span
2022-09-09 12:28:49,505  INFO [main] ViewProductsPage:139 - Scrolling to...Display: Matte Display || One Billion Color || PQI 4600 || 100% Colour Volume with Quantum Dot || Wide Viewing Angle || AI Upscale || Neo Quantum Processor 4K || Quantum Matrix Technology || Motion Xcelerator Turbo Pro || Real Depth Enhancer || LED Clear Motion
2022-09-09 12:28:49,538  INFO [main] ViewProductsPage:58 - Trying to Find Element By : By.xpath: //ul[@class='a-unordered-list a-vertical a-spacing-mini']//span
2022-09-09 12:28:49,624  INFO [main] ViewProductsPage:62 - Found Element By : By.xpath: //ul[@class='a-unordered-list a-vertical a-spacing-mini']//span
2022-09-09 12:28:49,637  INFO [main] ViewProductsPage:58 - Trying to Find Element By : By.xpath: //ul[@class='a-unordered-list a-vertical a-spacing-mini']//span
2022-09-09 12:28:49,668  INFO [main] ViewProductsPage:62 - Found Element By : By.xpath: //ul[@class='a-unordered-list a-vertical a-spacing-mini']//span
2022-09-09 12:28:49,668  INFO [main] ViewProductsPage:58 - Trying to Find Element By : By.xpath: //ul[@class='a-unordered-list a-vertical a-spacing-mini']//span
2022-09-09 12:28:49,709  INFO [main] ViewProductsPage:62 - Found Element By : By.xpath: //ul[@class='a-unordered-list a-vertical a-spacing-mini']//span
2022-09-09 12:28:49,844  INFO [main] ViewProductsPage:139 - Scrolling to...Warranty Information: 1 year comprehensive warranty plus additional 1 years on panel by brand from date of invoice
2022-09-09 12:28:49,855  INFO [main] ViewProductsPage:58 - Trying to Find Element By : By.xpath: //ul[@class='a-unordered-list a-vertical a-spacing-mini']//span
2022-09-09 12:28:50,000  INFO [main] ViewProductsPage:62 - Found Element By : By.xpath: //ul[@class='a-unordered-list a-vertical a-spacing-mini']//span
2022-09-09 12:28:50,045  INFO [main] ViewProductsPage:58 - Trying to Find Element By : By.xpath: //ul[@class='a-unordered-list a-vertical a-spacing-mini']//span
2022-09-09 12:28:50,096  INFO [main] ViewProductsPage:62 - Found Element By : By.xpath: //ul[@class='a-unordered-list a-vertical a-spacing-mini']//span
2022-09-09 12:28:50,096  INFO [main] ViewProductsPage:58 - Trying to Find Element By : By.xpath: //ul[@class='a-unordered-list a-vertical a-spacing-mini']//span
2022-09-09 12:28:50,120  INFO [main] ViewProductsPage:62 - Found Element By : By.xpath: //ul[@class='a-unordered-list a-vertical a-spacing-mini']//span
2022-09-09 12:28:50,237  INFO [main] ViewProductsPage:139 - Scrolling to...Installation: TV Table stand is not included in the box with this model. customer may ask for Table Top Stand or Wall Mount which will be provided to the customer at the time of installation, please directly call Samsung support on [Please visit brand website for tollfree numbers] and provide product's model name as well as seller's details mentioned on the invoice
2022-09-09 12:28:50,263  INFO [main] ViewProductsPage:58 - Trying to Find Element By : By.xpath: //ul[@class='a-unordered-list a-vertical a-spacing-mini']//span
2022-09-09 12:28:50,360  INFO [main] ViewProductsPage:62 - Found Element By : By.xpath: //ul[@class='a-unordered-list a-vertical a-spacing-mini']//span
2022-09-09 12:28:50,370  INFO [main] ViewProductsPage:58 - Trying to Find Element By : By.xpath: //ul[@class='a-unordered-list a-vertical a-spacing-mini']//span
2022-09-09 12:28:50,403  INFO [main] ViewProductsPage:62 - Found Element By : By.xpath: //ul[@class='a-unordered-list a-vertical a-spacing-mini']//span
2022-09-09 12:28:50,403  INFO [main] ViewProductsPage:58 - Trying to Find Element By : By.xpath: //ul[@class='a-unordered-list a-vertical a-spacing-mini']//span
2022-09-09 12:28:50,430  INFO [main] ViewProductsPage:62 - Found Element By : By.xpath: //ul[@class='a-unordered-list a-vertical a-spacing-mini']//span
2022-09-09 12:28:50,571  INFO [main] ViewProductsPage:139 - Scrolling to...Easy Returns: This product is eligible for replacement within 10 days of delivery in case of any product defects, damage or features not matching the description
2022-09-09 12:28:50,587  INFO [main] ViewProductsPage:58 - Trying to Find Element By : By.xpath: //ul[@class='a-unordered-list a-vertical a-spacing-mini']//span
2022-09-09 12:28:50,639  INFO [main] ViewProductsPage:62 - Found Element By : By.xpath: //ul[@class='a-unordered-list a-vertical a-spacing-mini']//span
2022-09-09 12:28:50,654  INFO [main] ViewProductsPage:58 - Trying to Find Element By : By.xpath: //ul[@class='a-unordered-list a-vertical a-spacing-mini']//span
2022-09-09 12:28:50,681  INFO [main] ViewProductsPage:62 - Found Element By : By.xpath: //ul[@class='a-unordered-list a-vertical a-spacing-mini']//span
2022-09-09 12:28:50,681  INFO [main] ViewProductsPage:51 - [Resolution : 4K Ultra HD (3840 x 2160) Resolution || Refresh Rate : 100 Hertz, 
, Connectivity: 4 HDMI ports to connect set top box || Blu-ray speakers or a gaming console || 2 USB ports to connect hard drives or other USB devices, 
, Sound: 60 Watts Output - 4.2.2 Ch|| Powerful Speakers with Dolby Atmos || Surround Sound || Active Voice Amplifier || Adaptive Sound+, 
, Smart TV Features : Mirroring || Tap View ||Multi-View || Music Wall || Mobile Camera Support || Wireless Dex || Auto Game Mode (ALLM) || Game Motion Plus || Dynamic Black EQ || Surround Sound || Super Ultra Wide Game View ||Mini Map Zoom || FreeSync Premium Pro || HGiG, 
, Display: Matte Display || One Billion Color || PQI 4600 || 100% Colour Volume with Quantum Dot || Wide Viewing Angle || AI Upscale || Neo Quantum Processor 4K || Quantum Matrix Technology || Motion Xcelerator Turbo Pro || Real Depth Enhancer || LED Clear Motion, 
, Warranty Information: 1 year comprehensive warranty plus additional 1 years on panel by brand from date of invoice, 
, Installation: TV Table stand is not included in the box with this model. customer may ask for Table Top Stand or Wall Mount which will be provided to the customer at the time of installation, please directly call Samsung support on [Please visit brand website for tollfree numbers] and provide product's model name as well as seller's details mentioned on the invoice, 
, Easy Returns: This product is eligible for replacement within 10 days of delivery in case of any product defects, damage or features not matching the description, 
]
2022-09-09 12:28:50,682  INFO [main] ViewProductsPage:237 -  Getting Product details ==>>>>>>>  [Resolution : 4K Ultra HD (3840 x 2160) Resolution || Refresh Rate : 100 Hertz, 
, Connectivity: 4 HDMI ports to connect set top box || Blu-ray speakers or a gaming console || 2 USB ports to connect hard drives or other USB devices, 
, Sound: 60 Watts Output - 4.2.2 Ch|| Powerful Speakers with Dolby Atmos || Surround Sound || Active Voice Amplifier || Adaptive Sound+, 
, Smart TV Features : Mirroring || Tap View ||Multi-View || Music Wall || Mobile Camera Support || Wireless Dex || Auto Game Mode (ALLM) || Game Motion Plus || Dynamic Black EQ || Surround Sound || Super Ultra Wide Game View ||Mini Map Zoom || FreeSync Premium Pro || HGiG, 
, Display: Matte Display || One Billion Color || PQI 4600 || 100% Colour Volume with Quantum Dot || Wide Viewing Angle || AI Upscale || Neo Quantum Processor 4K || Quantum Matrix Technology || Motion Xcelerator Turbo Pro || Real Depth Enhancer || LED Clear Motion, 
, Warranty Information: 1 year comprehensive warranty plus additional 1 years on panel by brand from date of invoice, 
, Installation: TV Table stand is not included in the box with this model. customer may ask for Table Top Stand or Wall Mount which will be provided to the customer at the time of installation, please directly call Samsung support on [Please visit brand website for tollfree numbers] and provide product's model name as well as seller's details mentioned on the invoice, 
, Easy Returns: This product is eligible for replacement within 10 days of delivery in case of any product defects, damage or features not matching the description, 
] 
2022-09-09 12:28:50,930  INFO [main] ViewProductsPage:154 - --------------TEST CASE FINISHED--------------------------
2022-09-09 12:28:53,087  INFO [main] ViewProductsPage:177 - -----------------------------------------------
2022-09-09 12:28:53,087  INFO [main] ViewProductsPage:178 - -------- Browser Terminated --------------------
2022-09-09 12:28:53,087  INFO [main] ViewProductsPage:179 - -----------------------------------------------
2022-09-09 12:28:53,135 DEBUG [main] cache:45 - Couldn't find template in cache for "index.ftl"("en_CA", UTF-8, parsed); will try to load it.
2022-09-09 12:28:53,137 DEBUG [main] cache:45 - TemplateLoader.findTemplateSource("index_en_CA.ftl"): Not found
2022-09-09 12:28:53,140 DEBUG [main] cache:45 - TemplateLoader.findTemplateSource("index_en.ftl"): Not found
2022-09-09 12:28:53,141 DEBUG [main] cache:45 - TemplateLoader.findTemplateSource("index.ftl"): Found
2022-09-09 12:28:53,142 DEBUG [main] cache:45 - Loading template for "index.ftl"("en_CA", UTF-8, parsed) from "jar:file:/C:/Users/sakshi.lnu/.m2/repository/com/aventstack/extentreports/3.0.1/extentreports-3.0.1.jar!/com/aventstack/extentreports/view/html-report/index.ftl"
2022-09-09 12:28:53,449 DEBUG [main] cache:45 - Couldn't find template in cache for "head.ftl"("en_CA", UTF-8, parsed); will try to load it.
2022-09-09 12:28:53,450 DEBUG [main] cache:45 - TemplateLoader.findTemplateSource("head_en_CA.ftl"): Not found
2022-09-09 12:28:53,451 DEBUG [main] cache:45 - TemplateLoader.findTemplateSource("head_en.ftl"): Not found
2022-09-09 12:28:53,451 DEBUG [main] cache:45 - TemplateLoader.findTemplateSource("head.ftl"): Found
2022-09-09 12:28:53,452 DEBUG [main] cache:45 - Loading template for "head.ftl"("en_CA", UTF-8, parsed) from "jar:file:/C:/Users/sakshi.lnu/.m2/repository/com/aventstack/extentreports/3.0.1/extentreports-3.0.1.jar!/com/aventstack/extentreports/view/html-report/head.ftl"
2022-09-09 12:28:53,455 DEBUG [main] cache:45 - Couldn't find template in cache for "nav.ftl"("en_CA", UTF-8, parsed); will try to load it.
2022-09-09 12:28:53,456 DEBUG [main] cache:45 - TemplateLoader.findTemplateSource("nav_en_CA.ftl"): Not found
2022-09-09 12:28:53,457 DEBUG [main] cache:45 - TemplateLoader.findTemplateSource("nav_en.ftl"): Not found
2022-09-09 12:28:53,457 DEBUG [main] cache:45 - TemplateLoader.findTemplateSource("nav.ftl"): Found
2022-09-09 12:28:53,458 DEBUG [main] cache:45 - Loading template for "nav.ftl"("en_CA", UTF-8, parsed) from "jar:file:/C:/Users/sakshi.lnu/.m2/repository/com/aventstack/extentreports/3.0.1/extentreports-3.0.1.jar!/com/aventstack/extentreports/view/html-report/nav.ftl"
2022-09-09 12:28:53,470 DEBUG [main] cache:45 - Couldn't find template in cache for "test-view/test-view.ftl"("en_CA", UTF-8, parsed); will try to load it.
2022-09-09 12:28:53,471 DEBUG [main] cache:45 - TemplateLoader.findTemplateSource("test-view/test-view_en_CA.ftl"): Not found
2022-09-09 12:28:53,472 DEBUG [main] cache:45 - TemplateLoader.findTemplateSource("test-view/test-view_en.ftl"): Not found
2022-09-09 12:28:53,473 DEBUG [main] cache:45 - TemplateLoader.findTemplateSource("test-view/test-view.ftl"): Found
2022-09-09 12:28:53,473 DEBUG [main] cache:45 - Loading template for "test-view/test-view.ftl"("en_CA", UTF-8, parsed) from "jar:file:/C:/Users/sakshi.lnu/.m2/repository/com/aventstack/extentreports/3.0.1/extentreports-3.0.1.jar!/com/aventstack/extentreports/view/html-report/test-view/test-view.ftl"
2022-09-09 12:28:53,508 DEBUG [main] cache:45 - Couldn't find template in cache for "test-view/test-view-charts.ftl"("en_CA", UTF-8, parsed); will try to load it.
2022-09-09 12:28:53,509 DEBUG [main] cache:45 - TemplateLoader.findTemplateSource("test-view/test-view-charts_en_CA.ftl"): Not found
2022-09-09 12:28:53,510 DEBUG [main] cache:45 - TemplateLoader.findTemplateSource("test-view/test-view-charts_en.ftl"): Not found
2022-09-09 12:28:53,510 DEBUG [main] cache:45 - TemplateLoader.findTemplateSource("test-view/test-view-charts.ftl"): Found
2022-09-09 12:28:53,511 DEBUG [main] cache:45 - Loading template for "test-view/test-view-charts.ftl"("en_CA", UTF-8, parsed) from "jar:file:/C:/Users/sakshi.lnu/.m2/repository/com/aventstack/extentreports/3.0.1/extentreports-3.0.1.jar!/com/aventstack/extentreports/view/html-report/test-view/test-view-charts.ftl"
2022-09-09 12:28:53,525 DEBUG [main] cache:45 - Couldn't find template in cache for "test-view/standard.ftl"("en_CA", UTF-8, parsed); will try to load it.
2022-09-09 12:28:53,526 DEBUG [main] cache:45 - TemplateLoader.findTemplateSource("test-view/standard_en_CA.ftl"): Not found
2022-09-09 12:28:53,526 DEBUG [main] cache:45 - TemplateLoader.findTemplateSource("test-view/standard_en.ftl"): Not found
2022-09-09 12:28:53,527 DEBUG [main] cache:45 - TemplateLoader.findTemplateSource("test-view/standard.ftl"): Found
2022-09-09 12:28:53,527 DEBUG [main] cache:45 - Loading template for "test-view/standard.ftl"("en_CA", UTF-8, parsed) from "jar:file:/C:/Users/sakshi.lnu/.m2/repository/com/aventstack/extentreports/3.0.1/extentreports-3.0.1.jar!/com/aventstack/extentreports/view/html-report/test-view/standard.ftl"
2022-09-09 12:28:53,552 DEBUG [main] cache:45 - Couldn't find template in cache for "category-view/category-view.ftl"("en_CA", UTF-8, parsed); will try to load it.
2022-09-09 12:28:53,553 DEBUG [main] cache:45 - TemplateLoader.findTemplateSource("category-view/category-view_en_CA.ftl"): Not found
2022-09-09 12:28:53,554 DEBUG [main] cache:45 - TemplateLoader.findTemplateSource("category-view/category-view_en.ftl"): Not found
2022-09-09 12:28:53,555 DEBUG [main] cache:45 - TemplateLoader.findTemplateSource("category-view/category-view.ftl"): Found
2022-09-09 12:28:53,555 DEBUG [main] cache:45 - Loading template for "category-view/category-view.ftl"("en_CA", UTF-8, parsed) from "jar:file:/C:/Users/sakshi.lnu/.m2/repository/com/aventstack/extentreports/3.0.1/extentreports-3.0.1.jar!/com/aventstack/extentreports/view/html-report/category-view/category-view.ftl"
2022-09-09 12:28:53,560 DEBUG [main] cache:45 - Couldn't find template in cache for "exception-view/exception-view.ftl"("en_CA", UTF-8, parsed); will try to load it.
2022-09-09 12:28:53,561 DEBUG [main] cache:45 - TemplateLoader.findTemplateSource("exception-view/exception-view_en_CA.ftl"): Not found
2022-09-09 12:28:53,561 DEBUG [main] cache:45 - TemplateLoader.findTemplateSource("exception-view/exception-view_en.ftl"): Not found
2022-09-09 12:28:53,562 DEBUG [main] cache:45 - TemplateLoader.findTemplateSource("exception-view/exception-view.ftl"): Found
2022-09-09 12:28:53,562 DEBUG [main] cache:45 - Loading template for "exception-view/exception-view.ftl"("en_CA", UTF-8, parsed) from "jar:file:/C:/Users/sakshi.lnu/.m2/repository/com/aventstack/extentreports/3.0.1/extentreports-3.0.1.jar!/com/aventstack/extentreports/view/html-report/exception-view/exception-view.ftl"
2022-09-09 12:28:53,566 DEBUG [main] cache:45 - Couldn't find template in cache for "dashboard-view/dashboard-view.ftl"("en_CA", UTF-8, parsed); will try to load it.
2022-09-09 12:28:53,567 DEBUG [main] cache:45 - TemplateLoader.findTemplateSource("dashboard-view/dashboard-view_en_CA.ftl"): Not found
2022-09-09 12:28:53,567 DEBUG [main] cache:45 - TemplateLoader.findTemplateSource("dashboard-view/dashboard-view_en.ftl"): Not found
2022-09-09 12:28:53,568 DEBUG [main] cache:45 - TemplateLoader.findTemplateSource("dashboard-view/dashboard-view.ftl"): Found
2022-09-09 12:28:53,569 DEBUG [main] cache:45 - Loading template for "dashboard-view/dashboard-view.ftl"("en_CA", UTF-8, parsed) from "jar:file:/C:/Users/sakshi.lnu/.m2/repository/com/aventstack/extentreports/3.0.1/extentreports-3.0.1.jar!/com/aventstack/extentreports/view/html-report/dashboard-view/dashboard-view.ftl"
2022-09-09 12:28:53,578 DEBUG [main] cache:45 - Couldn't find template in cache for "logs-view/testrunner-logs-view.ftl"("en_CA", UTF-8, parsed); will try to load it.
2022-09-09 12:28:53,579 DEBUG [main] cache:45 - TemplateLoader.findTemplateSource("logs-view/testrunner-logs-view_en_CA.ftl"): Not found
2022-09-09 12:28:53,580 DEBUG [main] cache:45 - TemplateLoader.findTemplateSource("logs-view/testrunner-logs-view_en.ftl"): Not found
2022-09-09 12:28:53,581 DEBUG [main] cache:45 - TemplateLoader.findTemplateSource("logs-view/testrunner-logs-view.ftl"): Found
2022-09-09 12:28:53,581 DEBUG [main] cache:45 - Loading template for "logs-view/testrunner-logs-view.ftl"("en_CA", UTF-8, parsed) from "jar:file:/C:/Users/sakshi.lnu/.m2/repository/com/aventstack/extentreports/3.0.1/extentreports-3.0.1.jar!/com/aventstack/extentreports/view/html-report/logs-view/testrunner-logs-view.ftl"
