2022-09-09 12:57:43,934  INFO [main] GettingProductsInformationTests:68 - INFO: Tests are running on: chrome browser 
2022-09-09 12:57:48,979  INFO [main] WebEventListener:116 - -------------Launching URL---------------------------
2022-09-09 12:57:48,980  INFO [main] WebEventListener:14 - Before navigating to: 'https://www.amazon.in/'
2022-09-09 12:57:49,974  INFO [main] WebEventListener:18 - Navigated to:'https://www.amazon.in/'
2022-09-09 12:57:50,922  INFO [main] WebEventListener:19 - -------------TEST CASE STARTED---------------------------
2022-09-09 12:57:50,970  INFO [main] ViewProductsPage:237 - Validate Main Page Title Title is matched
2022-09-09 12:57:51,754  INFO [main] ViewProductsPage:58 - Trying to Find Element By : By.xpath: //a[@aria-label='Open Menu']
2022-09-09 12:58:02,306  INFO [main] ViewProductsPage:58 - Trying to Find Element By : By.xpath: //a[@aria-label='Open Menu']
2022-09-09 12:58:12,851  INFO [main] ViewProductsPage:58 - Trying to Find Element By : By.xpath: //a[@aria-label='Open Menu']
2022-09-09 12:58:22,925  INFO [main] ViewProductsPage:58 - Trying to Find Element By : By.xpath: //a[@aria-label='Open Menu']
2022-09-09 12:58:32,984  INFO [main] ViewProductsPage:154 - --------------TEST CASE FINISHED--------------------------
2022-09-09 12:58:32,985  INFO [main] ViewProductsPage:160 - ---------Capturing screenshot for fail test case------------
2022-09-09 12:58:34,495  INFO [main] ViewProductsPage:177 - -----------------------------------------------
2022-09-09 12:58:34,495  INFO [main] ViewProductsPage:178 - -------- Browser Terminated --------------------
2022-09-09 12:58:34,496  INFO [main] ViewProductsPage:179 - -----------------------------------------------
2022-09-09 12:58:34,675 DEBUG [main] cache:45 - Couldn't find template in cache for "index.ftl"("en_CA", UTF-8, parsed); will try to load it.
2022-09-09 12:58:34,677 DEBUG [main] cache:45 - TemplateLoader.findTemplateSource("index_en_CA.ftl"): Not found
2022-09-09 12:58:34,681 DEBUG [main] cache:45 - TemplateLoader.findTemplateSource("index_en.ftl"): Not found
2022-09-09 12:58:34,688 DEBUG [main] cache:45 - TemplateLoader.findTemplateSource("index.ftl"): Found
2022-09-09 12:58:34,689 DEBUG [main] cache:45 - Loading template for "index.ftl"("en_CA", UTF-8, parsed) from "jar:file:/C:/Users/sakshi.lnu/.m2/repository/com/aventstack/extentreports/3.0.1/extentreports-3.0.1.jar!/com/aventstack/extentreports/view/html-report/index.ftl"
2022-09-09 12:58:35,208 DEBUG [main] cache:45 - Couldn't find template in cache for "head.ftl"("en_CA", UTF-8, parsed); will try to load it.
2022-09-09 12:58:35,209 DEBUG [main] cache:45 - TemplateLoader.findTemplateSource("head_en_CA.ftl"): Not found
2022-09-09 12:58:35,210 DEBUG [main] cache:45 - TemplateLoader.findTemplateSource("head_en.ftl"): Not found
2022-09-09 12:58:35,211 DEBUG [main] cache:45 - TemplateLoader.findTemplateSource("head.ftl"): Found
2022-09-09 12:58:35,212 DEBUG [main] cache:45 - Loading template for "head.ftl"("en_CA", UTF-8, parsed) from "jar:file:/C:/Users/sakshi.lnu/.m2/repository/com/aventstack/extentreports/3.0.1/extentreports-3.0.1.jar!/com/aventstack/extentreports/view/html-report/head.ftl"
2022-09-09 12:58:35,214 DEBUG [main] cache:45 - Couldn't find template in cache for "nav.ftl"("en_CA", UTF-8, parsed); will try to load it.
2022-09-09 12:58:35,215 DEBUG [main] cache:45 - TemplateLoader.findTemplateSource("nav_en_CA.ftl"): Not found
2022-09-09 12:58:35,216 DEBUG [main] cache:45 - TemplateLoader.findTemplateSource("nav_en.ftl"): Not found
2022-09-09 12:58:35,217 DEBUG [main] cache:45 - TemplateLoader.findTemplateSource("nav.ftl"): Found
2022-09-09 12:58:35,218 DEBUG [main] cache:45 - Loading template for "nav.ftl"("en_CA", UTF-8, parsed) from "jar:file:/C:/Users/sakshi.lnu/.m2/repository/com/aventstack/extentreports/3.0.1/extentreports-3.0.1.jar!/com/aventstack/extentreports/view/html-report/nav.ftl"
2022-09-09 12:58:35,230 DEBUG [main] cache:45 - Couldn't find template in cache for "test-view/test-view.ftl"("en_CA", UTF-8, parsed); will try to load it.
2022-09-09 12:58:35,231 DEBUG [main] cache:45 - TemplateLoader.findTemplateSource("test-view/test-view_en_CA.ftl"): Not found
2022-09-09 12:58:35,232 DEBUG [main] cache:45 - TemplateLoader.findTemplateSource("test-view/test-view_en.ftl"): Not found
2022-09-09 12:58:35,233 DEBUG [main] cache:45 - TemplateLoader.findTemplateSource("test-view/test-view.ftl"): Found
2022-09-09 12:58:35,233 DEBUG [main] cache:45 - Loading template for "test-view/test-view.ftl"("en_CA", UTF-8, parsed) from "jar:file:/C:/Users/sakshi.lnu/.m2/repository/com/aventstack/extentreports/3.0.1/extentreports-3.0.1.jar!/com/aventstack/extentreports/view/html-report/test-view/test-view.ftl"
2022-09-09 12:58:35,285 DEBUG [main] cache:45 - Couldn't find template in cache for "test-view/test-view-charts.ftl"("en_CA", UTF-8, parsed); will try to load it.
2022-09-09 12:58:35,286 DEBUG [main] cache:45 - TemplateLoader.findTemplateSource("test-view/test-view-charts_en_CA.ftl"): Not found
2022-09-09 12:58:35,295 DEBUG [main] cache:45 - TemplateLoader.findTemplateSource("test-view/test-view-charts_en.ftl"): Not found
2022-09-09 12:58:35,296 DEBUG [main] cache:45 - TemplateLoader.findTemplateSource("test-view/test-view-charts.ftl"): Found
2022-09-09 12:58:35,297 DEBUG [main] cache:45 - Loading template for "test-view/test-view-charts.ftl"("en_CA", UTF-8, parsed) from "jar:file:/C:/Users/sakshi.lnu/.m2/repository/com/aventstack/extentreports/3.0.1/extentreports-3.0.1.jar!/com/aventstack/extentreports/view/html-report/test-view/test-view-charts.ftl"
2022-09-09 12:58:35,325 DEBUG [main] cache:45 - Couldn't find template in cache for "test-view/standard.ftl"("en_CA", UTF-8, parsed); will try to load it.
2022-09-09 12:58:35,326 DEBUG [main] cache:45 - TemplateLoader.findTemplateSource("test-view/standard_en_CA.ftl"): Not found
2022-09-09 12:58:35,327 DEBUG [main] cache:45 - TemplateLoader.findTemplateSource("test-view/standard_en.ftl"): Not found
2022-09-09 12:58:35,328 DEBUG [main] cache:45 - TemplateLoader.findTemplateSource("test-view/standard.ftl"): Found
2022-09-09 12:58:35,329 DEBUG [main] cache:45 - Loading template for "test-view/standard.ftl"("en_CA", UTF-8, parsed) from "jar:file:/C:/Users/sakshi.lnu/.m2/repository/com/aventstack/extentreports/3.0.1/extentreports-3.0.1.jar!/com/aventstack/extentreports/view/html-report/test-view/standard.ftl"
2022-09-09 12:58:35,354 DEBUG [main] cache:45 - Couldn't find template in cache for "category-view/category-view.ftl"("en_CA", UTF-8, parsed); will try to load it.
2022-09-09 12:58:35,355 DEBUG [main] cache:45 - TemplateLoader.findTemplateSource("category-view/category-view_en_CA.ftl"): Not found
2022-09-09 12:58:35,356 DEBUG [main] cache:45 - TemplateLoader.findTemplateSource("category-view/category-view_en.ftl"): Not found
2022-09-09 12:58:35,357 DEBUG [main] cache:45 - TemplateLoader.findTemplateSource("category-view/category-view.ftl"): Found
2022-09-09 12:58:35,358 DEBUG [main] cache:45 - Loading template for "category-view/category-view.ftl"("en_CA", UTF-8, parsed) from "jar:file:/C:/Users/sakshi.lnu/.m2/repository/com/aventstack/extentreports/3.0.1/extentreports-3.0.1.jar!/com/aventstack/extentreports/view/html-report/category-view/category-view.ftl"
2022-09-09 12:58:35,367 DEBUG [main] cache:45 - Couldn't find template in cache for "exception-view/exception-view.ftl"("en_CA", UTF-8, parsed); will try to load it.
2022-09-09 12:58:35,368 DEBUG [main] cache:45 - TemplateLoader.findTemplateSource("exception-view/exception-view_en_CA.ftl"): Not found
2022-09-09 12:58:35,369 DEBUG [main] cache:45 - TemplateLoader.findTemplateSource("exception-view/exception-view_en.ftl"): Not found
2022-09-09 12:58:35,370 DEBUG [main] cache:45 - TemplateLoader.findTemplateSource("exception-view/exception-view.ftl"): Found
2022-09-09 12:58:35,371 DEBUG [main] cache:45 - Loading template for "exception-view/exception-view.ftl"("en_CA", UTF-8, parsed) from "jar:file:/C:/Users/sakshi.lnu/.m2/repository/com/aventstack/extentreports/3.0.1/extentreports-3.0.1.jar!/com/aventstack/extentreports/view/html-report/exception-view/exception-view.ftl"
2022-09-09 12:58:35,393 DEBUG [main] cache:45 - Couldn't find template in cache for "dashboard-view/dashboard-view.ftl"("en_CA", UTF-8, parsed); will try to load it.
2022-09-09 12:58:35,394 DEBUG [main] cache:45 - TemplateLoader.findTemplateSource("dashboard-view/dashboard-view_en_CA.ftl"): Not found
2022-09-09 12:58:35,395 DEBUG [main] cache:45 - TemplateLoader.findTemplateSource("dashboard-view/dashboard-view_en.ftl"): Not found
2022-09-09 12:58:35,396 DEBUG [main] cache:45 - TemplateLoader.findTemplateSource("dashboard-view/dashboard-view.ftl"): Found
2022-09-09 12:58:35,396 DEBUG [main] cache:45 - Loading template for "dashboard-view/dashboard-view.ftl"("en_CA", UTF-8, parsed) from "jar:file:/C:/Users/sakshi.lnu/.m2/repository/com/aventstack/extentreports/3.0.1/extentreports-3.0.1.jar!/com/aventstack/extentreports/view/html-report/dashboard-view/dashboard-view.ftl"
2022-09-09 12:58:35,419 DEBUG [main] cache:45 - Couldn't find template in cache for "logs-view/testrunner-logs-view.ftl"("en_CA", UTF-8, parsed); will try to load it.
2022-09-09 12:58:35,420 DEBUG [main] cache:45 - TemplateLoader.findTemplateSource("logs-view/testrunner-logs-view_en_CA.ftl"): Not found
2022-09-09 12:58:35,421 DEBUG [main] cache:45 - TemplateLoader.findTemplateSource("logs-view/testrunner-logs-view_en.ftl"): Not found
2022-09-09 12:58:35,422 DEBUG [main] cache:45 - TemplateLoader.findTemplateSource("logs-view/testrunner-logs-view.ftl"): Found
2022-09-09 12:58:35,423 DEBUG [main] cache:45 - Loading template for "logs-view/testrunner-logs-view.ftl"("en_CA", UTF-8, parsed) from "jar:file:/C:/Users/sakshi.lnu/.m2/repository/com/aventstack/extentreports/3.0.1/extentreports-3.0.1.jar!/com/aventstack/extentreports/view/html-report/logs-view/testrunner-logs-view.ftl"
