2022-09-11 21:31:46,953  INFO [main] GettingProductsInformationTest:69 - INFO: Tests are running on: chrome browser 
2022-09-11 21:31:51,684  INFO [main] WebEventListener:117 - -------------Launching URL---------------------------
2022-09-11 21:31:51,684  INFO [main] WebEventListener:14 - Before navigating to: 'https://www.amazon.in/'
2022-09-11 21:31:54,222  INFO [main] WebEventListener:18 - Navigated to:'https://www.amazon.in/'
2022-09-11 21:31:55,413  INFO [main] WebEventListener:19 - -------------TEST CASE STARTED---------------------------
2022-09-11 21:31:55,582  INFO [main] ViewProductsPage:237 - Validate Main Page Title Title is matched
2022-09-11 21:31:56,582  INFO [main] ViewProductsPage:58 - Trying to Find Element By : By.xpath: //a[@aria-label='Open Menu']
2022-09-11 21:31:56,616  INFO [main] ViewProductsPage:62 - Found Element By : By.xpath: //a[@aria-label='Open Menu']
2022-09-11 21:31:56,669  INFO [main] ViewProductsPage:58 - Trying to Find Element By : By.xpath: //a[@aria-label='Open Menu']
2022-09-11 21:31:56,694  INFO [main] ViewProductsPage:62 - Found Element By : By.xpath: //a[@aria-label='Open Menu']
2022-09-11 21:31:56,733  INFO [main] ViewProductsPage:58 - Trying to Find Element By : By.xpath: //a[@aria-label='Open Menu']
2022-09-11 21:31:56,756  INFO [main] ViewProductsPage:62 - Found Element By : By.xpath: //a[@aria-label='Open Menu']
2022-09-11 21:31:56,795  INFO [main] ViewProductsPage:58 - Trying to Find Element By : By.xpath: //a[@aria-label='Open Menu']
2022-09-11 21:31:56,818  INFO [main] ViewProductsPage:62 - Found Element By : By.xpath: //a[@aria-label='Open Menu']
2022-09-11 21:31:56,853  INFO [main] ViewProductsPage:237 - Hamburger Menu Btn Visibility on main Page HamBurger Menu Btn is displayed 
2022-09-11 21:31:57,826  INFO [main] ViewProductsPage:58 - Trying to Find Element By : By.xpath: //a[@aria-label='Open Menu']
2022-09-11 21:31:57,846  INFO [main] ViewProductsPage:62 - Found Element By : By.xpath: //a[@aria-label='Open Menu']
2022-09-11 21:31:57,876  INFO [main] ViewProductsPage:58 - Trying to Find Element By : By.xpath: //a[@aria-label='Open Menu']
2022-09-11 21:31:57,912  INFO [main] ViewProductsPage:62 - Found Element By : By.xpath: //a[@aria-label='Open Menu']
2022-09-11 21:31:57,931  INFO [main] ViewProductsPage:58 - Trying to Find Element By : By.xpath: //a[@aria-label='Open Menu']
2022-09-11 21:31:57,954  INFO [main] ViewProductsPage:62 - Found Element By : By.xpath: //a[@aria-label='Open Menu']
2022-09-11 21:31:57,991  INFO [main] ViewProductsPage:58 - Trying to Find Element By : By.xpath: //a[@aria-label='Open Menu']
2022-09-11 21:31:58,031  INFO [main] ViewProductsPage:62 - Found Element By : By.xpath: //a[@aria-label='Open Menu']
2022-09-11 21:31:58,095  INFO [main] ViewProductsPage:58 - Trying to Find Element By : By.xpath: //a[@aria-label='Open Menu']
2022-09-11 21:31:58,110  INFO [main] ViewProductsPage:62 - Found Element By : By.xpath: //a[@aria-label='Open Menu']
2022-09-11 21:31:58,144  INFO [main] ViewProductsPage:58 - Trying to Find Element By : By.xpath: //a[@aria-label='Open Menu']
2022-09-11 21:31:58,158  INFO [main] ViewProductsPage:62 - Found Element By : By.xpath: //a[@aria-label='Open Menu']
2022-09-11 21:31:58,177  INFO [main] ViewProductsPage:58 - Trying to Find Element By : By.xpath: //a[@aria-label='Open Menu']
2022-09-11 21:31:58,206  INFO [main] ViewProductsPage:62 - Found Element By : By.xpath: //a[@aria-label='Open Menu']
2022-09-11 21:31:58,232  INFO [main] ViewProductsPage:58 - Trying to Find Element By : By.xpath: //a[@aria-label='Open Menu']
2022-09-11 21:31:58,254  INFO [main] ViewProductsPage:62 - Found Element By : By.xpath: //a[@aria-label='Open Menu']
2022-09-11 21:31:58,255  INFO [main] ViewProductsPage:30 - Trying to Click On: [[ChromeDriver: chrome on WINDOWS (b4482f5a26dcc7b845433106c454fe17)] -> xpath: //a[@aria-label='Open Menu']]
2022-09-11 21:31:58,452  INFO [main] ViewProductsPage:34 - Clicked On: [[ChromeDriver: chrome on WINDOWS (b4482f5a26dcc7b845433106c454fe17)] -> xpath: //a[@aria-label='Open Menu']]
2022-09-11 21:31:58,453  INFO [main] ViewProductsPage:237 -   Click on hamburger Menu Item Btn 
2022-09-11 21:31:59,141  INFO [main] ViewProductsPage:58 - Trying to Find Element By : By.xpath: //div[@id='hmenu-customer-profile-right']//b[contains(normalize-space(),'Hello')]
2022-09-11 21:32:09,856  INFO [main] ViewProductsPage:58 - Trying to Find Element By : By.xpath: //div[@id='hmenu-customer-profile-right']//b[contains(normalize-space(),'Hello')]
2022-09-11 21:32:20,435  INFO [main] ViewProductsPage:58 - Trying to Find Element By : By.xpath: //div[@id='hmenu-customer-profile-right']//b[contains(normalize-space(),'Hello')]
2022-09-11 21:32:30,463  INFO [main] ViewProductsPage:58 - Trying to Find Element By : By.xpath: //div[@id='hmenu-customer-profile-right']//b[contains(normalize-space(),'Hello')]
2022-09-11 21:32:37,732  INFO [main] ViewProductsPage:62 - Found Element By : By.xpath: //div[@id='hmenu-customer-profile-right']//b[contains(normalize-space(),'Hello')]
2022-09-11 21:32:37,749  INFO [main] ViewProductsPage:155 - --------------TEST CASE FINISHED--------------------------
2022-09-11 21:32:37,750  INFO [main] ViewProductsPage:161 - ---------Capturing screenshot for fail test case------------
2022-09-11 21:32:39,622  INFO [main] ViewProductsPage:178 - -----------------------------------------------
2022-09-11 21:32:39,623  INFO [main] ViewProductsPage:179 - -------- Browser Terminated --------------------
2022-09-11 21:32:39,623  INFO [main] ViewProductsPage:180 - -----------------------------------------------
2022-09-11 21:32:39,687 DEBUG [main] cache:45 - Couldn't find template in cache for "index.ftl"("en_CA", UTF-8, parsed); will try to load it.
2022-09-11 21:32:39,690 DEBUG [main] cache:45 - TemplateLoader.findTemplateSource("index_en_CA.ftl"): Not found
2022-09-11 21:32:39,697 DEBUG [main] cache:45 - TemplateLoader.findTemplateSource("index_en.ftl"): Not found
2022-09-11 21:32:39,699 DEBUG [main] cache:45 - TemplateLoader.findTemplateSource("index.ftl"): Found
2022-09-11 21:32:39,700 DEBUG [main] cache:45 - Loading template for "index.ftl"("en_CA", UTF-8, parsed) from "jar:file:/C:/Users/sakshi.lnu/.m2/repository/com/aventstack/extentreports/3.0.1/extentreports-3.0.1.jar!/com/aventstack/extentreports/view/html-report/index.ftl"
2022-09-11 21:32:40,137 DEBUG [main] cache:45 - Couldn't find template in cache for "head.ftl"("en_CA", UTF-8, parsed); will try to load it.
2022-09-11 21:32:40,138 DEBUG [main] cache:45 - TemplateLoader.findTemplateSource("head_en_CA.ftl"): Not found
2022-09-11 21:32:40,139 DEBUG [main] cache:45 - TemplateLoader.findTemplateSource("head_en.ftl"): Not found
2022-09-11 21:32:40,140 DEBUG [main] cache:45 - TemplateLoader.findTemplateSource("head.ftl"): Found
2022-09-11 21:32:40,141 DEBUG [main] cache:45 - Loading template for "head.ftl"("en_CA", UTF-8, parsed) from "jar:file:/C:/Users/sakshi.lnu/.m2/repository/com/aventstack/extentreports/3.0.1/extentreports-3.0.1.jar!/com/aventstack/extentreports/view/html-report/head.ftl"
2022-09-11 21:32:40,146 DEBUG [main] cache:45 - Couldn't find template in cache for "nav.ftl"("en_CA", UTF-8, parsed); will try to load it.
2022-09-11 21:32:40,148 DEBUG [main] cache:45 - TemplateLoader.findTemplateSource("nav_en_CA.ftl"): Not found
2022-09-11 21:32:40,149 DEBUG [main] cache:45 - TemplateLoader.findTemplateSource("nav_en.ftl"): Not found
2022-09-11 21:32:40,151 DEBUG [main] cache:45 - TemplateLoader.findTemplateSource("nav.ftl"): Found
2022-09-11 21:32:40,152 DEBUG [main] cache:45 - Loading template for "nav.ftl"("en_CA", UTF-8, parsed) from "jar:file:/C:/Users/sakshi.lnu/.m2/repository/com/aventstack/extentreports/3.0.1/extentreports-3.0.1.jar!/com/aventstack/extentreports/view/html-report/nav.ftl"
2022-09-11 21:32:40,179 DEBUG [main] cache:45 - Couldn't find template in cache for "test-view/test-view.ftl"("en_CA", UTF-8, parsed); will try to load it.
2022-09-11 21:32:40,180 DEBUG [main] cache:45 - TemplateLoader.findTemplateSource("test-view/test-view_en_CA.ftl"): Not found
2022-09-11 21:32:40,181 DEBUG [main] cache:45 - TemplateLoader.findTemplateSource("test-view/test-view_en.ftl"): Not found
2022-09-11 21:32:40,183 DEBUG [main] cache:45 - TemplateLoader.findTemplateSource("test-view/test-view.ftl"): Found
2022-09-11 21:32:40,183 DEBUG [main] cache:45 - Loading template for "test-view/test-view.ftl"("en_CA", UTF-8, parsed) from "jar:file:/C:/Users/sakshi.lnu/.m2/repository/com/aventstack/extentreports/3.0.1/extentreports-3.0.1.jar!/com/aventstack/extentreports/view/html-report/test-view/test-view.ftl"
2022-09-11 21:32:40,242 DEBUG [main] cache:45 - Couldn't find template in cache for "test-view/test-view-charts.ftl"("en_CA", UTF-8, parsed); will try to load it.
2022-09-11 21:32:40,244 DEBUG [main] cache:45 - TemplateLoader.findTemplateSource("test-view/test-view-charts_en_CA.ftl"): Not found
2022-09-11 21:32:40,244 DEBUG [main] cache:45 - TemplateLoader.findTemplateSource("test-view/test-view-charts_en.ftl"): Not found
2022-09-11 21:32:40,245 DEBUG [main] cache:45 - TemplateLoader.findTemplateSource("test-view/test-view-charts.ftl"): Found
2022-09-11 21:32:40,246 DEBUG [main] cache:45 - Loading template for "test-view/test-view-charts.ftl"("en_CA", UTF-8, parsed) from "jar:file:/C:/Users/sakshi.lnu/.m2/repository/com/aventstack/extentreports/3.0.1/extentreports-3.0.1.jar!/com/aventstack/extentreports/view/html-report/test-view/test-view-charts.ftl"
2022-09-11 21:32:40,266 DEBUG [main] cache:45 - Couldn't find template in cache for "test-view/standard.ftl"("en_CA", UTF-8, parsed); will try to load it.
2022-09-11 21:32:40,268 DEBUG [main] cache:45 - TemplateLoader.findTemplateSource("test-view/standard_en_CA.ftl"): Not found
2022-09-11 21:32:40,271 DEBUG [main] cache:45 - TemplateLoader.findTemplateSource("test-view/standard_en.ftl"): Not found
2022-09-11 21:32:40,272 DEBUG [main] cache:45 - TemplateLoader.findTemplateSource("test-view/standard.ftl"): Found
2022-09-11 21:32:40,273 DEBUG [main] cache:45 - Loading template for "test-view/standard.ftl"("en_CA", UTF-8, parsed) from "jar:file:/C:/Users/sakshi.lnu/.m2/repository/com/aventstack/extentreports/3.0.1/extentreports-3.0.1.jar!/com/aventstack/extentreports/view/html-report/test-view/standard.ftl"
2022-09-11 21:32:40,311 DEBUG [main] cache:45 - Couldn't find template in cache for "category-view/category-view.ftl"("en_CA", UTF-8, parsed); will try to load it.
2022-09-11 21:32:40,312 DEBUG [main] cache:45 - TemplateLoader.findTemplateSource("category-view/category-view_en_CA.ftl"): Not found
2022-09-11 21:32:40,314 DEBUG [main] cache:45 - TemplateLoader.findTemplateSource("category-view/category-view_en.ftl"): Not found
2022-09-11 21:32:40,315 DEBUG [main] cache:45 - TemplateLoader.findTemplateSource("category-view/category-view.ftl"): Found
2022-09-11 21:32:40,316 DEBUG [main] cache:45 - Loading template for "category-view/category-view.ftl"("en_CA", UTF-8, parsed) from "jar:file:/C:/Users/sakshi.lnu/.m2/repository/com/aventstack/extentreports/3.0.1/extentreports-3.0.1.jar!/com/aventstack/extentreports/view/html-report/category-view/category-view.ftl"
2022-09-11 21:32:40,323 DEBUG [main] cache:45 - Couldn't find template in cache for "exception-view/exception-view.ftl"("en_CA", UTF-8, parsed); will try to load it.
2022-09-11 21:32:40,324 DEBUG [main] cache:45 - TemplateLoader.findTemplateSource("exception-view/exception-view_en_CA.ftl"): Not found
2022-09-11 21:32:40,325 DEBUG [main] cache:45 - TemplateLoader.findTemplateSource("exception-view/exception-view_en.ftl"): Not found
2022-09-11 21:32:40,326 DEBUG [main] cache:45 - TemplateLoader.findTemplateSource("exception-view/exception-view.ftl"): Found
2022-09-11 21:32:40,326 DEBUG [main] cache:45 - Loading template for "exception-view/exception-view.ftl"("en_CA", UTF-8, parsed) from "jar:file:/C:/Users/sakshi.lnu/.m2/repository/com/aventstack/extentreports/3.0.1/extentreports-3.0.1.jar!/com/aventstack/extentreports/view/html-report/exception-view/exception-view.ftl"
2022-09-11 21:32:40,331 DEBUG [main] cache:45 - Couldn't find template in cache for "dashboard-view/dashboard-view.ftl"("en_CA", UTF-8, parsed); will try to load it.
2022-09-11 21:32:40,331 DEBUG [main] cache:45 - TemplateLoader.findTemplateSource("dashboard-view/dashboard-view_en_CA.ftl"): Not found
2022-09-11 21:32:40,332 DEBUG [main] cache:45 - TemplateLoader.findTemplateSource("dashboard-view/dashboard-view_en.ftl"): Not found
2022-09-11 21:32:40,333 DEBUG [main] cache:45 - TemplateLoader.findTemplateSource("dashboard-view/dashboard-view.ftl"): Found
2022-09-11 21:32:40,334 DEBUG [main] cache:45 - Loading template for "dashboard-view/dashboard-view.ftl"("en_CA", UTF-8, parsed) from "jar:file:/C:/Users/sakshi.lnu/.m2/repository/com/aventstack/extentreports/3.0.1/extentreports-3.0.1.jar!/com/aventstack/extentreports/view/html-report/dashboard-view/dashboard-view.ftl"
2022-09-11 21:32:40,437 DEBUG [main] cache:45 - Couldn't find template in cache for "logs-view/testrunner-logs-view.ftl"("en_CA", UTF-8, parsed); will try to load it.
2022-09-11 21:32:40,438 DEBUG [main] cache:45 - TemplateLoader.findTemplateSource("logs-view/testrunner-logs-view_en_CA.ftl"): Not found
2022-09-11 21:32:40,439 DEBUG [main] cache:45 - TemplateLoader.findTemplateSource("logs-view/testrunner-logs-view_en.ftl"): Not found
2022-09-11 21:32:40,440 DEBUG [main] cache:45 - TemplateLoader.findTemplateSource("logs-view/testrunner-logs-view.ftl"): Found
2022-09-11 21:32:40,441 DEBUG [main] cache:45 - Loading template for "logs-view/testrunner-logs-view.ftl"("en_CA", UTF-8, parsed) from "jar:file:/C:/Users/sakshi.lnu/.m2/repository/com/aventstack/extentreports/3.0.1/extentreports-3.0.1.jar!/com/aventstack/extentreports/view/html-report/logs-view/testrunner-logs-view.ftl"
