2022-09-11 21:32:48,697  INFO [main] GettingProductsInformationTest:69 - INFO: Tests are running on: chrome browser 
2022-09-11 21:32:53,548  INFO [main] WebEventListener:117 - -------------Launching URL---------------------------
2022-09-11 21:32:53,549  INFO [main] WebEventListener:14 - Before navigating to: 'https://www.amazon.in/'
2022-09-11 21:32:56,263  INFO [main] WebEventListener:18 - Navigated to:'https://www.amazon.in/'
2022-09-11 21:32:57,310  INFO [main] WebEventListener:19 - -------------TEST CASE STARTED---------------------------
2022-09-11 21:32:57,378  INFO [main] ViewProductsPage:237 - Validate Main Page Title Title is matched
2022-09-11 21:32:58,168  INFO [main] ViewProductsPage:58 - Trying to Find Element By : By.xpath: //a[@aria-label='Open Menu']
2022-09-11 21:32:58,201  INFO [main] ViewProductsPage:62 - Found Element By : By.xpath: //a[@aria-label='Open Menu']
2022-09-11 21:32:58,291  INFO [main] ViewProductsPage:58 - Trying to Find Element By : By.xpath: //a[@aria-label='Open Menu']
2022-09-11 21:32:58,316  INFO [main] ViewProductsPage:62 - Found Element By : By.xpath: //a[@aria-label='Open Menu']
2022-09-11 21:32:58,354  INFO [main] ViewProductsPage:58 - Trying to Find Element By : By.xpath: //a[@aria-label='Open Menu']
2022-09-11 21:32:58,382  INFO [main] ViewProductsPage:62 - Found Element By : By.xpath: //a[@aria-label='Open Menu']
2022-09-11 21:32:58,430  INFO [main] ViewProductsPage:58 - Trying to Find Element By : By.xpath: //a[@aria-label='Open Menu']
2022-09-11 21:32:58,439  INFO [main] ViewProductsPage:62 - Found Element By : By.xpath: //a[@aria-label='Open Menu']
2022-09-11 21:32:58,478  INFO [main] ViewProductsPage:237 - Hamburger Menu Btn Visibility on main Page HamBurger Menu Btn is displayed 
2022-09-11 21:32:59,211  INFO [main] ViewProductsPage:58 - Trying to Find Element By : By.xpath: //a[@aria-label='Open Menu']
2022-09-11 21:32:59,235  INFO [main] ViewProductsPage:62 - Found Element By : By.xpath: //a[@aria-label='Open Menu']
2022-09-11 21:32:59,267  INFO [main] ViewProductsPage:58 - Trying to Find Element By : By.xpath: //a[@aria-label='Open Menu']
2022-09-11 21:32:59,308  INFO [main] ViewProductsPage:62 - Found Element By : By.xpath: //a[@aria-label='Open Menu']
2022-09-11 21:32:59,326  INFO [main] ViewProductsPage:58 - Trying to Find Element By : By.xpath: //a[@aria-label='Open Menu']
2022-09-11 21:32:59,341  INFO [main] ViewProductsPage:62 - Found Element By : By.xpath: //a[@aria-label='Open Menu']
2022-09-11 21:32:59,381  INFO [main] ViewProductsPage:58 - Trying to Find Element By : By.xpath: //a[@aria-label='Open Menu']
2022-09-11 21:32:59,410  INFO [main] ViewProductsPage:62 - Found Element By : By.xpath: //a[@aria-label='Open Menu']
2022-09-11 21:32:59,456  INFO [main] ViewProductsPage:58 - Trying to Find Element By : By.xpath: //a[@aria-label='Open Menu']
2022-09-11 21:32:59,572  INFO [main] ViewProductsPage:62 - Found Element By : By.xpath: //a[@aria-label='Open Menu']
2022-09-11 21:32:59,612  INFO [main] ViewProductsPage:58 - Trying to Find Element By : By.xpath: //a[@aria-label='Open Menu']
2022-09-11 21:32:59,630  INFO [main] ViewProductsPage:62 - Found Element By : By.xpath: //a[@aria-label='Open Menu']
2022-09-11 21:32:59,647  INFO [main] ViewProductsPage:58 - Trying to Find Element By : By.xpath: //a[@aria-label='Open Menu']
2022-09-11 21:32:59,685  INFO [main] ViewProductsPage:62 - Found Element By : By.xpath: //a[@aria-label='Open Menu']
2022-09-11 21:32:59,706  INFO [main] ViewProductsPage:58 - Trying to Find Element By : By.xpath: //a[@aria-label='Open Menu']
2022-09-11 21:32:59,733  INFO [main] ViewProductsPage:62 - Found Element By : By.xpath: //a[@aria-label='Open Menu']
2022-09-11 21:32:59,734  INFO [main] ViewProductsPage:30 - Trying to Click On: [[ChromeDriver: chrome on WINDOWS (5b9967cbffbd1fb17e0df13a929814d9)] -> xpath: //a[@aria-label='Open Menu']]
2022-09-11 21:32:59,912  INFO [main] ViewProductsPage:34 - Clicked On: [[ChromeDriver: chrome on WINDOWS (5b9967cbffbd1fb17e0df13a929814d9)] -> xpath: //a[@aria-label='Open Menu']]
2022-09-11 21:32:59,913  INFO [main] ViewProductsPage:237 -   Click on hamburger Menu Item Btn 
2022-09-11 21:33:00,684  INFO [main] ViewProductsPage:58 - Trying to Find Element By : By.xpath: //div[@id='hmenu-customer-profile-right']//b[contains(normalize-space(),'Hello')]
2022-09-11 21:33:00,703  INFO [main] ViewProductsPage:62 - Found Element By : By.xpath: //div[@id='hmenu-customer-profile-right']//b[contains(normalize-space(),'Hello')]
2022-09-11 21:33:00,733  INFO [main] ViewProductsPage:58 - Trying to Find Element By : By.xpath: //div[@id='hmenu-customer-profile-right']//b[contains(normalize-space(),'Hello')]
2022-09-11 21:33:00,762  INFO [main] ViewProductsPage:62 - Found Element By : By.xpath: //div[@id='hmenu-customer-profile-right']//b[contains(normalize-space(),'Hello')]
2022-09-11 21:33:00,778  INFO [main] ViewProductsPage:58 - Trying to Find Element By : By.xpath: //div[@id='hmenu-customer-profile-right']//b[contains(normalize-space(),'Hello')]
2022-09-11 21:33:00,798  INFO [main] ViewProductsPage:62 - Found Element By : By.xpath: //div[@id='hmenu-customer-profile-right']//b[contains(normalize-space(),'Hello')]
2022-09-11 21:33:00,835  INFO [main] ViewProductsPage:58 - Trying to Find Element By : By.xpath: //div[@id='hmenu-customer-profile-right']//b[contains(normalize-space(),'Hello')]
2022-09-11 21:33:00,860  INFO [main] ViewProductsPage:62 - Found Element By : By.xpath: //div[@id='hmenu-customer-profile-right']//b[contains(normalize-space(),'Hello')]
2022-09-11 21:33:00,890  INFO [main] ViewProductsPage:58 - Trying to Find Element By : By.cssSelector: [class='hmenu hmenu-visible']>li
2022-09-11 21:33:00,938  INFO [main] ViewProductsPage:62 - Found Element By : By.cssSelector: [class='hmenu hmenu-visible']>li
2022-09-11 21:33:01,064  INFO [main] ViewProductsPage:58 - Trying to Find Element By : By.xpath: //div[@id='hmenu-customer-profile-right']//b[contains(normalize-space(),'Hello')]
2022-09-11 21:33:01,090  INFO [main] ViewProductsPage:62 - Found Element By : By.xpath: //div[@id='hmenu-customer-profile-right']//b[contains(normalize-space(),'Hello')]
2022-09-11 21:33:01,107  INFO [main] ViewProductsPage:58 - Trying to Find Element By : By.cssSelector: [class='hmenu hmenu-visible']>li
2022-09-11 21:33:01,125  INFO [main] ViewProductsPage:62 - Found Element By : By.cssSelector: [class='hmenu hmenu-visible']>li
2022-09-11 21:33:01,126  INFO [main] ViewProductsPage:237 - Is Hamburger opened validationtrue==>  Hamburger menu is opened andHamBurger Menu items are Displayed30
2022-09-11 21:33:01,532  INFO [main] ViewProductsPage:58 - Trying to Find Element By : By.xpath: //div[@class='hmenu-item hmenu-title ']
2022-09-11 21:33:01,557  INFO [main] ViewProductsPage:62 - Found Element By : By.xpath: //div[@class='hmenu-item hmenu-title ']
2022-09-11 21:33:01,558  INFO [main] ViewProductsPage:58 - Trying to Find Element By : By.xpath: //div[@class='hmenu-item hmenu-title ']
2022-09-11 21:33:01,583  INFO [main] ViewProductsPage:62 - Found Element By : By.xpath: //div[@class='hmenu-item hmenu-title ']
2022-09-11 21:33:01,601  INFO [main] ViewProductsPage:58 - Trying to Find Element By : By.xpath: //div[@class='hmenu-item hmenu-title ']
2022-09-11 21:33:01,632  INFO [main] ViewProductsPage:62 - Found Element By : By.xpath: //div[@class='hmenu-item hmenu-title ']
2022-09-11 21:33:01,643  INFO [main] ViewProductsPage:58 - Trying to Find Element By : By.xpath: //div[@class='hmenu-item hmenu-title ']
2022-09-11 21:33:01,663  INFO [main] ViewProductsPage:62 - Found Element By : By.xpath: //div[@class='hmenu-item hmenu-title ']
2022-09-11 21:33:01,664  INFO [main] ViewProductsPage:58 - Trying to Find Element By : By.xpath: //div[@class='hmenu-item hmenu-title ']
2022-09-11 21:33:01,696  INFO [main] ViewProductsPage:62 - Found Element By : By.xpath: //div[@class='hmenu-item hmenu-title ']
2022-09-11 21:33:01,718  INFO [main] ViewProductsPage:58 - Trying to Find Element By : By.xpath: //div[@class='hmenu-item hmenu-title ']
2022-09-11 21:33:01,742  INFO [main] ViewProductsPage:62 - Found Element By : By.xpath: //div[@class='hmenu-item hmenu-title ']
2022-09-11 21:33:01,754  INFO [main] ViewProductsPage:58 - Trying to Find Element By : By.xpath: //div[@class='hmenu-item hmenu-title ']
2022-09-11 21:33:01,776  INFO [main] ViewProductsPage:62 - Found Element By : By.xpath: //div[@class='hmenu-item hmenu-title ']
2022-09-11 21:33:01,778  INFO [main] ViewProductsPage:58 - Trying to Find Element By : By.xpath: //div[@class='hmenu-item hmenu-title ']
2022-09-11 21:33:01,811  INFO [main] ViewProductsPage:62 - Found Element By : By.xpath: //div[@class='hmenu-item hmenu-title ']
2022-09-11 21:33:01,833  INFO [main] ViewProductsPage:58 - Trying to Find Element By : By.xpath: //div[@class='hmenu-item hmenu-title ']
2022-09-11 21:33:01,851  INFO [main] ViewProductsPage:62 - Found Element By : By.xpath: //div[@class='hmenu-item hmenu-title ']
2022-09-11 21:33:01,923  INFO [main] ViewProductsPage:139 - Scrolling to...Shop By Department
2022-09-11 21:33:01,941  INFO [main] ViewProductsPage:237 -  Department Title validationDepartment Title is found
2022-09-11 21:33:02,403  INFO [main] ViewProductsPage:58 - Trying to Find Element By : By.className: hmenu-item
2022-09-11 21:33:02,448  INFO [main] ViewProductsPage:62 - Found Element By : By.className: hmenu-item
2022-09-11 21:33:02,452  INFO [main] ViewProductsPage:58 - Trying to Find Element By : By.className: hmenu-item
2022-09-11 21:33:02,493  INFO [main] ViewProductsPage:62 - Found Element By : By.className: hmenu-item
2022-09-11 21:33:02,511  INFO [main] ViewProductsPage:58 - Trying to Find Element By : By.className: hmenu-item
2022-09-11 21:33:02,560  INFO [main] ViewProductsPage:62 - Found Element By : By.className: hmenu-item
2022-09-11 21:33:02,577  INFO [main] ViewProductsPage:58 - Trying to Find Element By : By.className: hmenu-item
2022-09-11 21:33:02,613  INFO [main] ViewProductsPage:62 - Found Element By : By.className: hmenu-item
2022-09-11 21:33:02,615  INFO [main] ViewProductsPage:58 - Trying to Find Element By : By.className: hmenu-item
2022-09-11 21:33:02,714  INFO [main] ViewProductsPage:62 - Found Element By : By.className: hmenu-item
2022-09-11 21:33:02,741  INFO [main] ViewProductsPage:58 - Trying to Find Element By : By.className: hmenu-item
2022-09-11 21:33:02,804  INFO [main] ViewProductsPage:62 - Found Element By : By.className: hmenu-item
2022-09-11 21:33:02,827  INFO [main] ViewProductsPage:58 - Trying to Find Element By : By.className: hmenu-item
2022-09-11 21:33:02,876  INFO [main] ViewProductsPage:62 - Found Element By : By.className: hmenu-item
2022-09-11 21:33:02,878  INFO [main] ViewProductsPage:58 - Trying to Find Element By : By.className: hmenu-item
2022-09-11 21:33:02,947  INFO [main] ViewProductsPage:62 - Found Element By : By.className: hmenu-item
2022-09-11 21:33:02,968  INFO [main] ViewProductsPage:58 - Trying to Find Element By : By.className: hmenu-item
2022-09-11 21:33:03,014  INFO [main] ViewProductsPage:62 - Found Element By : By.className: hmenu-item
2022-09-11 21:33:03,025  INFO [main] ViewProductsPage:58 - Trying to Find Element By : By.className: hmenu-item
2022-09-11 21:33:03,095  INFO [main] ViewProductsPage:62 - Found Element By : By.className: hmenu-item
2022-09-11 21:33:03,097  INFO [main] ViewProductsPage:58 - Trying to Find Element By : By.className: hmenu-item
2022-09-11 21:33:03,240  INFO [main] ViewProductsPage:62 - Found Element By : By.className: hmenu-item
2022-09-11 21:33:03,267  INFO [main] ViewProductsPage:58 - Trying to Find Element By : By.className: hmenu-item
2022-09-11 21:33:03,313  INFO [main] ViewProductsPage:62 - Found Element By : By.className: hmenu-item
2022-09-11 21:33:03,348  INFO [main] ViewProductsPage:58 - Trying to Find Element By : By.className: hmenu-item
2022-09-11 21:33:03,382  INFO [main] ViewProductsPage:62 - Found Element By : By.className: hmenu-item
2022-09-11 21:33:03,384  INFO [main] ViewProductsPage:58 - Trying to Find Element By : By.className: hmenu-item
2022-09-11 21:33:03,411  INFO [main] ViewProductsPage:62 - Found Element By : By.className: hmenu-item
2022-09-11 21:33:03,423  INFO [main] ViewProductsPage:58 - Trying to Find Element By : By.className: hmenu-item
2022-09-11 21:33:03,464  INFO [main] ViewProductsPage:62 - Found Element By : By.className: hmenu-item
2022-09-11 21:33:03,491  INFO [main] ViewProductsPage:58 - Trying to Find Element By : By.className: hmenu-item
2022-09-11 21:33:03,536  INFO [main] ViewProductsPage:62 - Found Element By : By.className: hmenu-item
2022-09-11 21:33:03,539  INFO [main] ViewProductsPage:58 - Trying to Find Element By : By.className: hmenu-item
2022-09-11 21:33:03,585  INFO [main] ViewProductsPage:62 - Found Element By : By.className: hmenu-item
2022-09-11 21:33:03,610  INFO [main] ViewProductsPage:58 - Trying to Find Element By : By.className: hmenu-item
2022-09-11 21:33:03,652  INFO [main] ViewProductsPage:62 - Found Element By : By.className: hmenu-item
2022-09-11 21:33:03,667  INFO [main] ViewProductsPage:58 - Trying to Find Element By : By.className: hmenu-item
2022-09-11 21:33:03,717  INFO [main] ViewProductsPage:62 - Found Element By : By.className: hmenu-item
2022-09-11 21:33:03,719  INFO [main] ViewProductsPage:58 - Trying to Find Element By : By.className: hmenu-item
2022-09-11 21:33:03,769  INFO [main] ViewProductsPage:62 - Found Element By : By.className: hmenu-item
2022-09-11 21:33:03,815  INFO [main] ViewProductsPage:58 - Trying to Find Element By : By.className: hmenu-item
2022-09-11 21:33:03,857  INFO [main] ViewProductsPage:62 - Found Element By : By.className: hmenu-item
2022-09-11 21:33:03,885  INFO [main] ViewProductsPage:58 - Trying to Find Element By : By.className: hmenu-item
2022-09-11 21:33:03,944  INFO [main] ViewProductsPage:62 - Found Element By : By.className: hmenu-item
2022-09-11 21:33:03,946  INFO [main] ViewProductsPage:58 - Trying to Find Element By : By.className: hmenu-item
2022-09-11 21:33:03,991  INFO [main] ViewProductsPage:62 - Found Element By : By.className: hmenu-item
2022-09-11 21:33:04,026  INFO [main] ViewProductsPage:58 - Trying to Find Element By : By.className: hmenu-item
2022-09-11 21:33:04,078  INFO [main] ViewProductsPage:62 - Found Element By : By.className: hmenu-item
2022-09-11 21:33:04,096  INFO [main] ViewProductsPage:58 - Trying to Find Element By : By.className: hmenu-item
2022-09-11 21:33:04,143  INFO [main] ViewProductsPage:62 - Found Element By : By.className: hmenu-item
2022-09-11 21:33:04,148  INFO [main] ViewProductsPage:58 - Trying to Find Element By : By.className: hmenu-item
2022-09-11 21:33:04,207  INFO [main] ViewProductsPage:62 - Found Element By : By.className: hmenu-item
2022-09-11 21:33:04,245  INFO [main] ViewProductsPage:58 - Trying to Find Element By : By.className: hmenu-item
2022-09-11 21:33:04,302  INFO [main] ViewProductsPage:62 - Found Element By : By.className: hmenu-item
2022-09-11 21:33:04,316  INFO [main] ViewProductsPage:58 - Trying to Find Element By : By.className: hmenu-item
2022-09-11 21:33:04,360  INFO [main] ViewProductsPage:62 - Found Element By : By.className: hmenu-item
2022-09-11 21:33:04,361  INFO [main] ViewProductsPage:58 - Trying to Find Element By : By.className: hmenu-item
2022-09-11 21:33:04,397  INFO [main] ViewProductsPage:62 - Found Element By : By.className: hmenu-item
2022-09-11 21:33:04,414  INFO [main] ViewProductsPage:58 - Trying to Find Element By : By.className: hmenu-item
2022-09-11 21:33:04,475  INFO [main] ViewProductsPage:62 - Found Element By : By.className: hmenu-item
2022-09-11 21:33:04,486  INFO [main] ViewProductsPage:58 - Trying to Find Element By : By.className: hmenu-item
2022-09-11 21:33:04,519  INFO [main] ViewProductsPage:62 - Found Element By : By.className: hmenu-item
2022-09-11 21:33:04,521  INFO [main] ViewProductsPage:58 - Trying to Find Element By : By.className: hmenu-item
2022-09-11 21:33:04,551  INFO [main] ViewProductsPage:62 - Found Element By : By.className: hmenu-item
2022-09-11 21:33:04,569  INFO [main] ViewProductsPage:58 - Trying to Find Element By : By.className: hmenu-item
2022-09-11 21:33:04,606  INFO [main] ViewProductsPage:62 - Found Element By : By.className: hmenu-item
2022-09-11 21:33:04,616  INFO [main] ViewProductsPage:58 - Trying to Find Element By : By.className: hmenu-item
2022-09-11 21:33:04,658  INFO [main] ViewProductsPage:62 - Found Element By : By.className: hmenu-item
2022-09-11 21:33:04,660  INFO [main] ViewProductsPage:58 - Trying to Find Element By : By.className: hmenu-item
2022-09-11 21:33:04,707  INFO [main] ViewProductsPage:62 - Found Element By : By.className: hmenu-item
2022-09-11 21:33:04,715  INFO [main] ViewProductsPage:58 - Trying to Find Element By : By.className: hmenu-item
2022-09-11 21:33:04,785  INFO [main] ViewProductsPage:62 - Found Element By : By.className: hmenu-item
2022-09-11 21:33:04,798  INFO [main] ViewProductsPage:58 - Trying to Find Element By : By.className: hmenu-item
2022-09-11 21:33:04,851  INFO [main] ViewProductsPage:62 - Found Element By : By.className: hmenu-item
2022-09-11 21:33:04,853  INFO [main] ViewProductsPage:58 - Trying to Find Element By : By.className: hmenu-item
2022-09-11 21:33:04,930  INFO [main] ViewProductsPage:62 - Found Element By : By.className: hmenu-item
2022-09-11 21:33:04,960  INFO [main] ViewProductsPage:58 - Trying to Find Element By : By.className: hmenu-item
2022-09-11 21:33:05,016  INFO [main] ViewProductsPage:62 - Found Element By : By.className: hmenu-item
2022-09-11 21:33:05,025  INFO [main] ViewProductsPage:58 - Trying to Find Element By : By.className: hmenu-item
2022-09-11 21:33:05,058  INFO [main] ViewProductsPage:62 - Found Element By : By.className: hmenu-item
2022-09-11 21:33:05,059  INFO [main] ViewProductsPage:58 - Trying to Find Element By : By.className: hmenu-item
2022-09-11 21:33:05,088  INFO [main] ViewProductsPage:62 - Found Element By : By.className: hmenu-item
2022-09-11 21:33:05,103  INFO [main] ViewProductsPage:58 - Trying to Find Element By : By.className: hmenu-item
2022-09-11 21:33:05,169  INFO [main] ViewProductsPage:62 - Found Element By : By.className: hmenu-item
2022-09-11 21:33:05,281  INFO [main] ViewProductsPage:139 - Scrolling to...TV, Appliances, Electronics
2022-09-11 21:33:05,299  INFO [main] ViewProductsPage:58 - Trying to Find Element By : By.className: hmenu-item
2022-09-11 21:33:05,346  INFO [main] ViewProductsPage:62 - Found Element By : By.className: hmenu-item
2022-09-11 21:33:05,424  INFO [main] ViewProductsPage:30 - Trying to Click On: [[ChromeDriver: chrome on WINDOWS (5b9967cbffbd1fb17e0df13a929814d9)] -> class name: hmenu-item]
2022-09-11 21:33:05,530  INFO [main] ViewProductsPage:34 - Clicked On: [[ChromeDriver: chrome on WINDOWS (5b9967cbffbd1fb17e0df13a929814d9)] -> class name: hmenu-item]
2022-09-11 21:33:05,531  INFO [main] ViewProductsPage:58 - Trying to Find Element By : By.className: hmenu-item
2022-09-11 21:33:05,576  INFO [main] ViewProductsPage:62 - Found Element By : By.className: hmenu-item
2022-09-11 21:33:05,588  INFO [main] ViewProductsPage:237 - Click on department menu Item ==> Department menu item found and clicked is==> TV, Appliances, Electronics
2022-09-11 21:33:06,271  INFO [main] ViewProductsPage:58 - Trying to Find Element By : By.xpath: //ul[@class='hmenu hmenu-visible hmenu-translateX']//div[normalize-space()='main menu']
2022-09-11 21:33:06,297  INFO [main] ViewProductsPage:62 - Found Element By : By.xpath: //ul[@class='hmenu hmenu-visible hmenu-translateX']//div[normalize-space()='main menu']
2022-09-11 21:33:06,325  INFO [main] ViewProductsPage:58 - Trying to Find Element By : By.xpath: //ul[@class='hmenu hmenu-visible hmenu-translateX']//div[normalize-space()='main menu']
2022-09-11 21:33:06,340  INFO [main] ViewProductsPage:62 - Found Element By : By.xpath: //ul[@class='hmenu hmenu-visible hmenu-translateX']//div[normalize-space()='main menu']
2022-09-11 21:33:06,356  INFO [main] ViewProductsPage:58 - Trying to Find Element By : By.xpath: //ul[@class='hmenu hmenu-visible hmenu-translateX']//div[normalize-space()='main menu']
2022-09-11 21:33:06,369  INFO [main] ViewProductsPage:62 - Found Element By : By.xpath: //ul[@class='hmenu hmenu-visible hmenu-translateX']//div[normalize-space()='main menu']
2022-09-11 21:33:06,387  INFO [main] ViewProductsPage:58 - Trying to Find Element By : By.xpath: //ul[@class='hmenu hmenu-visible hmenu-translateX']//div[normalize-space()='main menu']
2022-09-11 21:33:06,401  INFO [main] ViewProductsPage:62 - Found Element By : By.xpath: //ul[@class='hmenu hmenu-visible hmenu-translateX']//div[normalize-space()='main menu']
2022-09-11 21:33:06,426  INFO [main] ViewProductsPage:237 -  Dept. Menu Item click ValidationMenu Item is Clicked
2022-09-11 21:33:07,098  INFO [main] ViewProductsPage:58 - Trying to Find Element By : By.xpath: //a[@aria-label='Back to main menu']/ancestor::ul[@class='hmenu hmenu-visible hmenu-translateX']/li/a
2022-09-11 21:33:07,117  INFO [main] ViewProductsPage:62 - Found Element By : By.xpath: //a[@aria-label='Back to main menu']/ancestor::ul[@class='hmenu hmenu-visible hmenu-translateX']/li/a
2022-09-11 21:33:07,118  INFO [main] ViewProductsPage:58 - Trying to Find Element By : By.xpath: //a[@aria-label='Back to main menu']/ancestor::ul[@class='hmenu hmenu-visible hmenu-translateX']/li/a
2022-09-11 21:33:07,144  INFO [main] ViewProductsPage:62 - Found Element By : By.xpath: //a[@aria-label='Back to main menu']/ancestor::ul[@class='hmenu hmenu-visible hmenu-translateX']/li/a
2022-09-11 21:33:07,159  INFO [main] ViewProductsPage:58 - Trying to Find Element By : By.xpath: //a[@aria-label='Back to main menu']/ancestor::ul[@class='hmenu hmenu-visible hmenu-translateX']/li/a
2022-09-11 21:33:07,176  INFO [main] ViewProductsPage:62 - Found Element By : By.xpath: //a[@aria-label='Back to main menu']/ancestor::ul[@class='hmenu hmenu-visible hmenu-translateX']/li/a
2022-09-11 21:33:07,185  INFO [main] ViewProductsPage:58 - Trying to Find Element By : By.xpath: //a[@aria-label='Back to main menu']/ancestor::ul[@class='hmenu hmenu-visible hmenu-translateX']/li/a
2022-09-11 21:33:07,225  INFO [main] ViewProductsPage:62 - Found Element By : By.xpath: //a[@aria-label='Back to main menu']/ancestor::ul[@class='hmenu hmenu-visible hmenu-translateX']/li/a
2022-09-11 21:33:07,225  INFO [main] ViewProductsPage:58 - Trying to Find Element By : By.xpath: //a[@aria-label='Back to main menu']/ancestor::ul[@class='hmenu hmenu-visible hmenu-translateX']/li/a
2022-09-11 21:33:07,243  INFO [main] ViewProductsPage:62 - Found Element By : By.xpath: //a[@aria-label='Back to main menu']/ancestor::ul[@class='hmenu hmenu-visible hmenu-translateX']/li/a
2022-09-11 21:33:07,257  INFO [main] ViewProductsPage:58 - Trying to Find Element By : By.xpath: //a[@aria-label='Back to main menu']/ancestor::ul[@class='hmenu hmenu-visible hmenu-translateX']/li/a
2022-09-11 21:33:07,270  INFO [main] ViewProductsPage:62 - Found Element By : By.xpath: //a[@aria-label='Back to main menu']/ancestor::ul[@class='hmenu hmenu-visible hmenu-translateX']/li/a
2022-09-11 21:33:07,336  INFO [main] ViewProductsPage:139 - Scrolling to...Televisions
2022-09-11 21:33:07,363  INFO [main] ViewProductsPage:58 - Trying to Find Element By : By.xpath: //a[@aria-label='Back to main menu']/ancestor::ul[@class='hmenu hmenu-visible hmenu-translateX']/li/a
2022-09-11 21:33:07,394  INFO [main] ViewProductsPage:62 - Found Element By : By.xpath: //a[@aria-label='Back to main menu']/ancestor::ul[@class='hmenu hmenu-visible hmenu-translateX']/li/a
2022-09-11 21:33:07,404  INFO [main] ViewProductsPage:237 - Click on department menu Item ==> Item found ==> Televisions
2022-09-11 21:33:08,067  INFO [main] ViewProductsPage:58 - Trying to Find Element By : By.xpath: //a[@aria-label='Back to main menu']/ancestor::ul[@class='hmenu hmenu-visible hmenu-translateX']/li/a
2022-09-11 21:33:08,093  INFO [main] ViewProductsPage:62 - Found Element By : By.xpath: //a[@aria-label='Back to main menu']/ancestor::ul[@class='hmenu hmenu-visible hmenu-translateX']/li/a
2022-09-11 21:33:08,155  INFO [main] ViewProductsPage:30 - Trying to Click On: [[ChromeDriver: chrome on WINDOWS (5b9967cbffbd1fb17e0df13a929814d9)] -> xpath: //a[@aria-label='Back to main menu']/ancestor::ul[@class='hmenu hmenu-visible hmenu-translateX']/li/a]
2022-09-11 21:33:11,275  INFO [main] ViewProductsPage:34 - Clicked On: [[ChromeDriver: chrome on WINDOWS (5b9967cbffbd1fb17e0df13a929814d9)] -> xpath: //a[@aria-label='Back to main menu']/ancestor::ul[@class='hmenu hmenu-visible hmenu-translateX']/li/a]
2022-09-11 21:33:11,275  INFO [main] ViewProductsPage:237 - Click on department menu Item ==> Item found and clicked is==> Televisions
2022-09-11 21:33:12,766  INFO [main] ViewProductsPage:58 - Trying to Find Element By : By.xpath: //span[contains(@class,'browse-refinements-indent')]
2022-09-11 21:33:12,860  INFO [main] ViewProductsPage:62 - Found Element By : By.xpath: //span[contains(@class,'browse-refinements-indent')]
2022-09-11 21:33:12,861  INFO [main] ViewProductsPage:58 - Trying to Find Element By : By.xpath: //span[contains(@class,'browse-refinements-indent')]
2022-09-11 21:33:12,963  INFO [main] ViewProductsPage:62 - Found Element By : By.xpath: //span[contains(@class,'browse-refinements-indent')]
2022-09-11 21:33:13,017  INFO [main] ViewProductsPage:58 - Trying to Find Element By : By.xpath: //span[contains(@class,'browse-refinements-indent')]
2022-09-11 21:33:13,067  INFO [main] ViewProductsPage:62 - Found Element By : By.xpath: //span[contains(@class,'browse-refinements-indent')]
2022-09-11 21:33:13,190  INFO [main] ViewProductsPage:139 - Scrolling to...Televisions
2022-09-11 21:33:13,314  INFO [main] ViewProductsPage:237 -  If Product Page Displays Validation  Product page is displayed and Category item is highlighted 
2022-09-11 21:33:14,479  INFO [main] ViewProductsPage:58 - Trying to Find Element By : By.xpath: //span[normalize-space()='Brands']
2022-09-11 21:33:14,506  INFO [main] ViewProductsPage:62 - Found Element By : By.xpath: //span[normalize-space()='Brands']
2022-09-11 21:33:14,534  INFO [main] ViewProductsPage:58 - Trying to Find Element By : By.xpath: //span[normalize-space()='Brands']
2022-09-11 21:33:14,550  INFO [main] ViewProductsPage:62 - Found Element By : By.xpath: //span[normalize-space()='Brands']
2022-09-11 21:33:14,562  INFO [main] ViewProductsPage:58 - Trying to Find Element By : By.xpath: //span[normalize-space()='Brands']
2022-09-11 21:33:14,578  INFO [main] ViewProductsPage:62 - Found Element By : By.xpath: //span[normalize-space()='Brands']
2022-09-11 21:33:14,591  INFO [main] ViewProductsPage:58 - Trying to Find Element By : By.xpath: //span[normalize-space()='Brands']
2022-09-11 21:33:14,612  INFO [main] ViewProductsPage:62 - Found Element By : By.xpath: //span[normalize-space()='Brands']
2022-09-11 21:33:14,632  INFO [main] ViewProductsPage:139 - Scrolling to...Brands
2022-09-11 21:33:14,632  INFO [main] ViewProductsPage:58 - Trying to Find Element By : By.xpath: //span[normalize-space()='Brands']
2022-09-11 21:33:14,665  INFO [main] ViewProductsPage:62 - Found Element By : By.xpath: //span[normalize-space()='Brands']
2022-09-11 21:33:14,711  INFO [main] ViewProductsPage:58 - Trying to Find Element By : By.xpath: //span[normalize-space()='Brands']/parent::div/following-sibling::ul//a/span
2022-09-11 21:33:14,776  INFO [main] ViewProductsPage:62 - Found Element By : By.xpath: //span[normalize-space()='Brands']/parent::div/following-sibling::ul//a/span
2022-09-11 21:33:14,781  INFO [main] ViewProductsPage:58 - Trying to Find Element By : By.xpath: //span[normalize-space()='Brands']/parent::div/following-sibling::ul//a/span
2022-09-11 21:33:14,803  INFO [main] ViewProductsPage:62 - Found Element By : By.xpath: //span[normalize-space()='Brands']/parent::div/following-sibling::ul//a/span
2022-09-11 21:33:14,824  INFO [main] ViewProductsPage:58 - Trying to Find Element By : By.xpath: //span[normalize-space()='Brands']/parent::div/following-sibling::ul//a/span
2022-09-11 21:33:14,852  INFO [main] ViewProductsPage:62 - Found Element By : By.xpath: //span[normalize-space()='Brands']/parent::div/following-sibling::ul//a/span
2022-09-11 21:33:14,853  INFO [main] ViewProductsPage:58 - Trying to Find Element By : By.xpath: //span[normalize-space()='Brands']/parent::div/following-sibling::ul//a/span
2022-09-11 21:33:14,867  INFO [main] ViewProductsPage:62 - Found Element By : By.xpath: //span[normalize-space()='Brands']/parent::div/following-sibling::ul//a/span
2022-09-11 21:33:14,885  INFO [main] ViewProductsPage:58 - Trying to Find Element By : By.xpath: //span[normalize-space()='Brands']/parent::div/following-sibling::ul//a/span
2022-09-11 21:33:14,896  INFO [main] ViewProductsPage:62 - Found Element By : By.xpath: //span[normalize-space()='Brands']/parent::div/following-sibling::ul//a/span
2022-09-11 21:33:14,896  INFO [main] ViewProductsPage:58 - Trying to Find Element By : By.xpath: //span[normalize-space()='Brands']/parent::div/following-sibling::ul//a/span
2022-09-11 21:33:14,917  INFO [main] ViewProductsPage:62 - Found Element By : By.xpath: //span[normalize-space()='Brands']/parent::div/following-sibling::ul//a/span
2022-09-11 21:33:14,946  INFO [main] ViewProductsPage:58 - Trying to Find Element By : By.xpath: //span[normalize-space()='Brands']/parent::div/following-sibling::ul//a/span
2022-09-11 21:33:15,010  INFO [main] ViewProductsPage:62 - Found Element By : By.xpath: //span[normalize-space()='Brands']/parent::div/following-sibling::ul//a/span
2022-09-11 21:33:15,011  INFO [main] ViewProductsPage:58 - Trying to Find Element By : By.xpath: //span[normalize-space()='Brands']/parent::div/following-sibling::ul//a/span
2022-09-11 21:33:15,043  INFO [main] ViewProductsPage:62 - Found Element By : By.xpath: //span[normalize-space()='Brands']/parent::div/following-sibling::ul//a/span
2022-09-11 21:33:15,072  INFO [main] ViewProductsPage:58 - Trying to Find Element By : By.xpath: //span[normalize-space()='Brands']/parent::div/following-sibling::ul//a/span
2022-09-11 21:33:15,087  INFO [main] ViewProductsPage:62 - Found Element By : By.xpath: //span[normalize-space()='Brands']/parent::div/following-sibling::ul//a/span
2022-09-11 21:33:15,153  INFO [main] ViewProductsPage:30 - Trying to Click On: [[ChromeDriver: chrome on WINDOWS (5b9967cbffbd1fb17e0df13a929814d9)] -> xpath: //span[normalize-space()='Brands']/parent::div/following-sibling::ul//a/span]
2022-09-11 21:33:17,418  INFO [main] ViewProductsPage:34 - Clicked On: [[ChromeDriver: chrome on WINDOWS (5b9967cbffbd1fb17e0df13a929814d9)] -> xpath: //span[normalize-space()='Brands']/parent::div/following-sibling::ul//a/span]
2022-09-11 21:33:17,419  INFO [main] ViewProductsPage:58 - Trying to Find Element By : By.xpath: //div[@id='brandsRefinements']//li[@class='a-spacing-micro s-list-item']/following-sibling::li[1]//a/span
2022-09-11 21:33:17,495  INFO [main] ViewProductsPage:62 - Found Element By : By.xpath: //div[@id='brandsRefinements']//li[@class='a-spacing-micro s-list-item']/following-sibling::li[1]//a/span
2022-09-11 21:33:17,524  INFO [main] ViewProductsPage:58 - Trying to Find Element By : By.xpath: //div[@id='brandsRefinements']//li[@class='a-spacing-micro s-list-item']/following-sibling::li[1]//a/span
2022-09-11 21:33:17,621  INFO [main] ViewProductsPage:62 - Found Element By : By.xpath: //div[@id='brandsRefinements']//li[@class='a-spacing-micro s-list-item']/following-sibling::li[1]//a/span
2022-09-11 21:33:17,633  INFO [main] ViewProductsPage:237 -  Filter On Brands and Selecting a Product Brand ==> Samsung is selected
2022-09-11 21:33:18,656  INFO [main] ViewProductsPage:58 - Trying to Find Element By : By.xpath: //select[@id='s-result-sort-select']
2022-09-11 21:33:18,677  INFO [main] ViewProductsPage:62 - Found Element By : By.xpath: //select[@id='s-result-sort-select']
2022-09-11 21:33:18,706  INFO [main] ViewProductsPage:58 - Trying to Find Element By : By.xpath: //select[@id='s-result-sort-select']
2022-09-11 21:33:18,722  INFO [main] ViewProductsPage:62 - Found Element By : By.xpath: //select[@id='s-result-sort-select']
2022-09-11 21:33:18,740  INFO [main] ViewProductsPage:58 - Trying to Find Element By : By.xpath: //select[@id='s-result-sort-select']
2022-09-11 21:33:18,775  INFO [main] ViewProductsPage:62 - Found Element By : By.xpath: //select[@id='s-result-sort-select']
2022-09-11 21:33:18,780  INFO [main] ViewProductsPage:58 - Trying to Find Element By : By.xpath: //select[@id='s-result-sort-select']
2022-09-11 21:33:18,798  INFO [main] ViewProductsPage:62 - Found Element By : By.xpath: //select[@id='s-result-sort-select']
2022-09-11 21:33:18,829  INFO [main] ViewProductsPage:58 - Trying to Find Element By : By.xpath: //select[@id='s-result-sort-select']
2022-09-11 21:33:18,848  INFO [main] ViewProductsPage:62 - Found Element By : By.xpath: //select[@id='s-result-sort-select']
2022-09-11 21:33:18,849  INFO [main] ViewProductsPage:58 - Trying to Find Element By : By.xpath: .//option[normalize-space(.) = "Price: High to Low"]
2022-09-11 21:33:18,865  INFO [main] ViewProductsPage:62 - Found Element By : By.xpath: .//option[normalize-space(.) = "Price: High to Low"]
2022-09-11 21:33:18,877  INFO [main] ViewProductsPage:30 - Trying to Click On: [[[[ChromeDriver: chrome on WINDOWS (5b9967cbffbd1fb17e0df13a929814d9)] -> xpath: //select[@id='s-result-sort-select']]] -> xpath: .//option[normalize-space(.) = "Price: High to Low"]]
2022-09-11 21:33:21,653  INFO [main] ViewProductsPage:34 - Clicked On: [[[[ChromeDriver: chrome on WINDOWS (5b9967cbffbd1fb17e0df13a929814d9)] -> xpath: //select[@id='s-result-sort-select']]] -> xpath: .//option[normalize-space(.) = "Price: High to Low"]]
2022-09-11 21:33:21,654  INFO [main] ViewProductsPage:58 - Trying to Find Element By : By.xpath: //select[@id='s-result-sort-select']
2022-09-11 21:33:21,700  INFO [main] ViewProductsPage:62 - Found Element By : By.xpath: //select[@id='s-result-sort-select']
2022-09-11 21:33:21,713  INFO [main] ViewProductsPage:58 - Trying to Find Element By : By.xpath: //span[normalize-space()='Sort by:']/following-sibling::span
2022-09-11 21:33:21,748  INFO [main] ViewProductsPage:62 - Found Element By : By.xpath: //span[normalize-space()='Sort by:']/following-sibling::span
2022-09-11 21:33:21,815  INFO [main] ViewProductsPage:58 - Trying to Find Element By : By.xpath: //span[normalize-space()='Sort by:']/following-sibling::span
2022-09-11 21:33:21,847  INFO [main] ViewProductsPage:62 - Found Element By : By.xpath: //span[normalize-space()='Sort by:']/following-sibling::span
2022-09-11 21:33:21,881  INFO [main] ViewProductsPage:58 - Trying to Find Element By : By.xpath: //span[normalize-space()='Sort by:']/following-sibling::span
2022-09-11 21:33:21,908  INFO [main] ViewProductsPage:62 - Found Element By : By.xpath: //span[normalize-space()='Sort by:']/following-sibling::span
2022-09-11 21:33:21,971  INFO [main] ViewProductsPage:58 - Trying to Find Element By : By.xpath: //span[normalize-space()='Sort by:']/following-sibling::span
2022-09-11 21:33:21,999  INFO [main] ViewProductsPage:62 - Found Element By : By.xpath: //span[normalize-space()='Sort by:']/following-sibling::span
2022-09-11 21:33:22,029  INFO [main] ViewProductsPage:58 - Trying to Find Element By : By.xpath: //span[normalize-space()='Sort by:']/following-sibling::span
2022-09-11 21:33:22,042  INFO [main] ViewProductsPage:62 - Found Element By : By.xpath: //span[normalize-space()='Sort by:']/following-sibling::span
2022-09-11 21:33:22,317  INFO [main] ViewProductsPage:58 - Trying to Find Element By : By.xpath: //span[normalize-space()='Sort by:']/following-sibling::span
2022-09-11 21:33:22,342  INFO [main] ViewProductsPage:62 - Found Element By : By.xpath: //span[normalize-space()='Sort by:']/following-sibling::span
2022-09-11 21:33:22,350  INFO [main] ViewProductsPage:237 - Sorting of products ==>  Product is sorted by :Price: High to Low
2022-09-11 21:33:22,801  INFO [main] ViewProductsPage:58 - Trying to Find Element By : By.xpath: //span[@class='a-price']//span[@class='a-price-symbol']/following-sibling::span
2022-09-11 21:33:22,823  INFO [main] ViewProductsPage:62 - Found Element By : By.xpath: //span[@class='a-price']//span[@class='a-price-symbol']/following-sibling::span
2022-09-11 21:33:22,824  INFO [main] ViewProductsPage:58 - Trying to Find Element By : By.xpath: //span[@class='a-price']//span[@class='a-price-symbol']/following-sibling::span
2022-09-11 21:33:22,850  INFO [main] ViewProductsPage:62 - Found Element By : By.xpath: //span[@class='a-price']//span[@class='a-price-symbol']/following-sibling::span
2022-09-11 21:33:22,851  INFO [main] ViewProductsPage:58 - Trying to Find Element By : By.xpath: //span[@class='a-price']//span[@class='a-price-symbol']/following-sibling::span
2022-09-11 21:33:22,863  INFO [main] ViewProductsPage:62 - Found Element By : By.xpath: //span[@class='a-price']//span[@class='a-price-symbol']/following-sibling::span
2022-09-11 21:33:22,878  INFO [main] ViewProductsPage:58 - Trying to Find Element By : By.xpath: //span[@class='a-price']//span[@class='a-price-symbol']/following-sibling::span
2022-09-11 21:33:22,897  INFO [main] ViewProductsPage:62 - Found Element By : By.xpath: //span[@class='a-price']//span[@class='a-price-symbol']/following-sibling::span
2022-09-11 21:33:22,898  INFO [main] ViewProductsPage:58 - Trying to Find Element By : By.xpath: //span[@class='a-price']//span[@class='a-price-symbol']/following-sibling::span
2022-09-11 21:33:22,911  INFO [main] ViewProductsPage:62 - Found Element By : By.xpath: //span[@class='a-price']//span[@class='a-price-symbol']/following-sibling::span
2022-09-11 21:33:22,926  INFO [main] ViewProductsPage:58 - Trying to Find Element By : By.xpath: //span[@class='a-price']//span[@class='a-price-symbol']/following-sibling::span
2022-09-11 21:33:22,944  INFO [main] ViewProductsPage:62 - Found Element By : By.xpath: //span[@class='a-price']//span[@class='a-price-symbol']/following-sibling::span
2022-09-11 21:33:22,945  INFO [main] ViewProductsPage:58 - Trying to Find Element By : By.xpath: //span[@class='a-price']//span[@class='a-price-symbol']/following-sibling::span
2022-09-11 21:33:22,960  INFO [main] ViewProductsPage:62 - Found Element By : By.xpath: //span[@class='a-price']//span[@class='a-price-symbol']/following-sibling::span
2022-09-11 21:33:22,977  INFO [main] ViewProductsPage:58 - Trying to Find Element By : By.xpath: //span[@class='a-price']//span[@class='a-price-symbol']/following-sibling::span
2022-09-11 21:33:22,989  INFO [main] ViewProductsPage:62 - Found Element By : By.xpath: //span[@class='a-price']//span[@class='a-price-symbol']/following-sibling::span
2022-09-11 21:33:22,990  INFO [main] ViewProductsPage:58 - Trying to Find Element By : By.xpath: //span[@class='a-price']//span[@class='a-price-symbol']/following-sibling::span
2022-09-11 21:33:23,004  INFO [main] ViewProductsPage:62 - Found Element By : By.xpath: //span[@class='a-price']//span[@class='a-price-symbol']/following-sibling::span
2022-09-11 21:33:23,022  INFO [main] ViewProductsPage:58 - Trying to Find Element By : By.xpath: //span[@class='a-price']//span[@class='a-price-symbol']/following-sibling::span
2022-09-11 21:33:23,038  INFO [main] ViewProductsPage:62 - Found Element By : By.xpath: //span[@class='a-price']//span[@class='a-price-symbol']/following-sibling::span
2022-09-11 21:33:23,038  INFO [main] ViewProductsPage:58 - Trying to Find Element By : By.xpath: //span[@class='a-price']//span[@class='a-price-symbol']/following-sibling::span
2022-09-11 21:33:23,054  INFO [main] ViewProductsPage:62 - Found Element By : By.xpath: //span[@class='a-price']//span[@class='a-price-symbol']/following-sibling::span
2022-09-11 21:33:23,075  INFO [main] ViewProductsPage:58 - Trying to Find Element By : By.xpath: //span[@class='a-price']//span[@class='a-price-symbol']/following-sibling::span
2022-09-11 21:33:23,102  INFO [main] ViewProductsPage:62 - Found Element By : By.xpath: //span[@class='a-price']//span[@class='a-price-symbol']/following-sibling::span
2022-09-11 21:33:23,103  INFO [main] ViewProductsPage:58 - Trying to Find Element By : By.xpath: //span[@class='a-price']//span[@class='a-price-symbol']/following-sibling::span
2022-09-11 21:33:23,117  INFO [main] ViewProductsPage:62 - Found Element By : By.xpath: //span[@class='a-price']//span[@class='a-price-symbol']/following-sibling::span
2022-09-11 21:33:23,132  INFO [main] ViewProductsPage:58 - Trying to Find Element By : By.xpath: //span[@class='a-price']//span[@class='a-price-symbol']/following-sibling::span
2022-09-11 21:33:23,146  INFO [main] ViewProductsPage:62 - Found Element By : By.xpath: //span[@class='a-price']//span[@class='a-price-symbol']/following-sibling::span
2022-09-11 21:33:23,146  INFO [main] ViewProductsPage:58 - Trying to Find Element By : By.xpath: //span[@class='a-price']//span[@class='a-price-symbol']/following-sibling::span
2022-09-11 21:33:23,164  INFO [main] ViewProductsPage:62 - Found Element By : By.xpath: //span[@class='a-price']//span[@class='a-price-symbol']/following-sibling::span
2022-09-11 21:33:23,178  INFO [main] ViewProductsPage:58 - Trying to Find Element By : By.xpath: //span[@class='a-price']//span[@class='a-price-symbol']/following-sibling::span
2022-09-11 21:33:23,192  INFO [main] ViewProductsPage:62 - Found Element By : By.xpath: //span[@class='a-price']//span[@class='a-price-symbol']/following-sibling::span
2022-09-11 21:33:23,192  INFO [main] ViewProductsPage:58 - Trying to Find Element By : By.xpath: //span[@class='a-price']//span[@class='a-price-symbol']/following-sibling::span
2022-09-11 21:33:23,210  INFO [main] ViewProductsPage:62 - Found Element By : By.xpath: //span[@class='a-price']//span[@class='a-price-symbol']/following-sibling::span
2022-09-11 21:33:23,230  INFO [main] ViewProductsPage:58 - Trying to Find Element By : By.xpath: //span[@class='a-price']//span[@class='a-price-symbol']/following-sibling::span
2022-09-11 21:33:23,246  INFO [main] ViewProductsPage:62 - Found Element By : By.xpath: //span[@class='a-price']//span[@class='a-price-symbol']/following-sibling::span
2022-09-11 21:33:23,246  INFO [main] ViewProductsPage:58 - Trying to Find Element By : By.xpath: //span[@class='a-price']//span[@class='a-price-symbol']/following-sibling::span
2022-09-11 21:33:23,276  INFO [main] ViewProductsPage:62 - Found Element By : By.xpath: //span[@class='a-price']//span[@class='a-price-symbol']/following-sibling::span
2022-09-11 21:33:23,295  INFO [main] ViewProductsPage:58 - Trying to Find Element By : By.xpath: //span[@class='a-price']//span[@class='a-price-symbol']/following-sibling::span
2022-09-11 21:33:23,321  INFO [main] ViewProductsPage:62 - Found Element By : By.xpath: //span[@class='a-price']//span[@class='a-price-symbol']/following-sibling::span
2022-09-11 21:33:23,322  INFO [main] ViewProductsPage:58 - Trying to Find Element By : By.xpath: //span[@class='a-price']//span[@class='a-price-symbol']/following-sibling::span
2022-09-11 21:33:23,337  INFO [main] ViewProductsPage:62 - Found Element By : By.xpath: //span[@class='a-price']//span[@class='a-price-symbol']/following-sibling::span
2022-09-11 21:33:23,351  INFO [main] ViewProductsPage:58 - Trying to Find Element By : By.xpath: //span[@class='a-price']//span[@class='a-price-symbol']/following-sibling::span
2022-09-11 21:33:23,368  INFO [main] ViewProductsPage:62 - Found Element By : By.xpath: //span[@class='a-price']//span[@class='a-price-symbol']/following-sibling::span
2022-09-11 21:33:23,368  INFO [main] ViewProductsPage:58 - Trying to Find Element By : By.xpath: //span[@class='a-price']//span[@class='a-price-symbol']/following-sibling::span
2022-09-11 21:33:23,385  INFO [main] ViewProductsPage:62 - Found Element By : By.xpath: //span[@class='a-price']//span[@class='a-price-symbol']/following-sibling::span
2022-09-11 21:33:23,400  INFO [main] ViewProductsPage:58 - Trying to Find Element By : By.xpath: //span[@class='a-price']//span[@class='a-price-symbol']/following-sibling::span
2022-09-11 21:33:23,413  INFO [main] ViewProductsPage:62 - Found Element By : By.xpath: //span[@class='a-price']//span[@class='a-price-symbol']/following-sibling::span
2022-09-11 21:33:23,414  INFO [main] ViewProductsPage:58 - Trying to Find Element By : By.xpath: //span[@class='a-price']//span[@class='a-price-symbol']/following-sibling::span
2022-09-11 21:33:23,433  INFO [main] ViewProductsPage:62 - Found Element By : By.xpath: //span[@class='a-price']//span[@class='a-price-symbol']/following-sibling::span
2022-09-11 21:33:23,453  INFO [main] ViewProductsPage:58 - Trying to Find Element By : By.xpath: //span[@class='a-price']//span[@class='a-price-symbol']/following-sibling::span
2022-09-11 21:33:23,476  INFO [main] ViewProductsPage:62 - Found Element By : By.xpath: //span[@class='a-price']//span[@class='a-price-symbol']/following-sibling::span
2022-09-11 21:33:23,477  INFO [main] ViewProductsPage:58 - Trying to Find Element By : By.xpath: //span[@class='a-price']//span[@class='a-price-symbol']/following-sibling::span
2022-09-11 21:33:23,495  INFO [main] ViewProductsPage:62 - Found Element By : By.xpath: //span[@class='a-price']//span[@class='a-price-symbol']/following-sibling::span
2022-09-11 21:33:23,513  INFO [main] ViewProductsPage:58 - Trying to Find Element By : By.xpath: //span[@class='a-price']//span[@class='a-price-symbol']/following-sibling::span
2022-09-11 21:33:23,524  INFO [main] ViewProductsPage:62 - Found Element By : By.xpath: //span[@class='a-price']//span[@class='a-price-symbol']/following-sibling::span
2022-09-11 21:33:23,525  INFO [main] ViewProductsPage:58 - Trying to Find Element By : By.xpath: //span[@class='a-price']//span[@class='a-price-symbol']/following-sibling::span
2022-09-11 21:33:23,543  INFO [main] ViewProductsPage:62 - Found Element By : By.xpath: //span[@class='a-price']//span[@class='a-price-symbol']/following-sibling::span
2022-09-11 21:33:23,558  INFO [main] ViewProductsPage:58 - Trying to Find Element By : By.xpath: //span[@class='a-price']//span[@class='a-price-symbol']/following-sibling::span
2022-09-11 21:33:23,571  INFO [main] ViewProductsPage:62 - Found Element By : By.xpath: //span[@class='a-price']//span[@class='a-price-symbol']/following-sibling::span
2022-09-11 21:33:23,571  INFO [main] ViewProductsPage:58 - Trying to Find Element By : By.xpath: //span[@class='a-price']//span[@class='a-price-symbol']/following-sibling::span
2022-09-11 21:33:23,586  INFO [main] ViewProductsPage:62 - Found Element By : By.xpath: //span[@class='a-price']//span[@class='a-price-symbol']/following-sibling::span
2022-09-11 21:33:23,602  INFO [main] ViewProductsPage:58 - Trying to Find Element By : By.xpath: //span[@class='a-price']//span[@class='a-price-symbol']/following-sibling::span
2022-09-11 21:33:23,620  INFO [main] ViewProductsPage:62 - Found Element By : By.xpath: //span[@class='a-price']//span[@class='a-price-symbol']/following-sibling::span
2022-09-11 21:33:23,620  INFO [main] ViewProductsPage:58 - Trying to Find Element By : By.xpath: //span[@class='a-price']//span[@class='a-price-symbol']/following-sibling::span
2022-09-11 21:33:23,636  INFO [main] ViewProductsPage:62 - Found Element By : By.xpath: //span[@class='a-price']//span[@class='a-price-symbol']/following-sibling::span
2022-09-11 21:33:23,656  INFO [main] ViewProductsPage:58 - Trying to Find Element By : By.xpath: //span[@class='a-price']//span[@class='a-price-symbol']/following-sibling::span
2022-09-11 21:33:23,686  INFO [main] ViewProductsPage:62 - Found Element By : By.xpath: //span[@class='a-price']//span[@class='a-price-symbol']/following-sibling::span
2022-09-11 21:33:23,687  INFO [main] ViewProductsPage:58 - Trying to Find Element By : By.xpath: //span[@class='a-price']//span[@class='a-price-symbol']/following-sibling::span
2022-09-11 21:33:23,699  INFO [main] ViewProductsPage:62 - Found Element By : By.xpath: //span[@class='a-price']//span[@class='a-price-symbol']/following-sibling::span
2022-09-11 21:33:23,724  INFO [main] ViewProductsPage:58 - Trying to Find Element By : By.xpath: //span[@class='a-price']//span[@class='a-price-symbol']/following-sibling::span
2022-09-11 21:33:23,745  INFO [main] ViewProductsPage:62 - Found Element By : By.xpath: //span[@class='a-price']//span[@class='a-price-symbol']/following-sibling::span
2022-09-11 21:33:23,745  INFO [main] ViewProductsPage:58 - Trying to Find Element By : By.xpath: //span[@class='a-price']//span[@class='a-price-symbol']/following-sibling::span
2022-09-11 21:33:23,763  INFO [main] ViewProductsPage:62 - Found Element By : By.xpath: //span[@class='a-price']//span[@class='a-price-symbol']/following-sibling::span
2022-09-11 21:33:23,779  INFO [main] ViewProductsPage:58 - Trying to Find Element By : By.xpath: //span[@class='a-price']//span[@class='a-price-symbol']/following-sibling::span
2022-09-11 21:33:23,792  INFO [main] ViewProductsPage:62 - Found Element By : By.xpath: //span[@class='a-price']//span[@class='a-price-symbol']/following-sibling::span
2022-09-11 21:33:23,793  INFO [main] ViewProductsPage:58 - Trying to Find Element By : By.xpath: //span[@class='a-price']//span[@class='a-price-symbol']/following-sibling::span
2022-09-11 21:33:23,807  INFO [main] ViewProductsPage:62 - Found Element By : By.xpath: //span[@class='a-price']//span[@class='a-price-symbol']/following-sibling::span
2022-09-11 21:33:23,822  INFO [main] ViewProductsPage:58 - Trying to Find Element By : By.xpath: //span[@class='a-price']//span[@class='a-price-symbol']/following-sibling::span
2022-09-11 21:33:23,845  INFO [main] ViewProductsPage:62 - Found Element By : By.xpath: //span[@class='a-price']//span[@class='a-price-symbol']/following-sibling::span
2022-09-11 21:33:23,845  INFO [main] ViewProductsPage:58 - Trying to Find Element By : By.xpath: //span[@class='a-price']//span[@class='a-price-symbol']/following-sibling::span
2022-09-11 21:33:23,873  INFO [main] ViewProductsPage:62 - Found Element By : By.xpath: //span[@class='a-price']//span[@class='a-price-symbol']/following-sibling::span
2022-09-11 21:33:23,892  INFO [main] ViewProductsPage:58 - Trying to Find Element By : By.xpath: //span[@class='a-price']//span[@class='a-price-symbol']/following-sibling::span
2022-09-11 21:33:23,920  INFO [main] ViewProductsPage:62 - Found Element By : By.xpath: //span[@class='a-price']//span[@class='a-price-symbol']/following-sibling::span
2022-09-11 21:33:23,920  INFO [main] ViewProductsPage:58 - Trying to Find Element By : By.xpath: //span[@class='a-price']//span[@class='a-price-symbol']/following-sibling::span
2022-09-11 21:33:23,936  INFO [main] ViewProductsPage:62 - Found Element By : By.xpath: //span[@class='a-price']//span[@class='a-price-symbol']/following-sibling::span
2022-09-11 21:33:23,951  INFO [main] ViewProductsPage:58 - Trying to Find Element By : By.xpath: //span[@class='a-price']//span[@class='a-price-symbol']/following-sibling::span
2022-09-11 21:33:23,964  INFO [main] ViewProductsPage:62 - Found Element By : By.xpath: //span[@class='a-price']//span[@class='a-price-symbol']/following-sibling::span
2022-09-11 21:33:23,964  INFO [main] ViewProductsPage:58 - Trying to Find Element By : By.xpath: //span[@class='a-price']//span[@class='a-price-symbol']/following-sibling::span
2022-09-11 21:33:23,983  INFO [main] ViewProductsPage:62 - Found Element By : By.xpath: //span[@class='a-price']//span[@class='a-price-symbol']/following-sibling::span
2022-09-11 21:33:23,998  INFO [main] ViewProductsPage:58 - Trying to Find Element By : By.xpath: //span[@class='a-price']//span[@class='a-price-symbol']/following-sibling::span
2022-09-11 21:33:24,011  INFO [main] ViewProductsPage:62 - Found Element By : By.xpath: //span[@class='a-price']//span[@class='a-price-symbol']/following-sibling::span
2022-09-11 21:33:24,012  INFO [main] ViewProductsPage:58 - Trying to Find Element By : By.xpath: //span[@class='a-price']//span[@class='a-price-symbol']/following-sibling::span
2022-09-11 21:33:24,028  INFO [main] ViewProductsPage:62 - Found Element By : By.xpath: //span[@class='a-price']//span[@class='a-price-symbol']/following-sibling::span
2022-09-11 21:33:24,047  INFO [main] ViewProductsPage:58 - Trying to Find Element By : By.xpath: //span[@class='a-price']//span[@class='a-price-symbol']/following-sibling::span
2022-09-11 21:33:24,062  INFO [main] ViewProductsPage:62 - Found Element By : By.xpath: //span[@class='a-price']//span[@class='a-price-symbol']/following-sibling::span
2022-09-11 21:33:24,107  INFO [main] ViewProductsPage:30 - Trying to Click On: [[ChromeDriver: chrome on WINDOWS (5b9967cbffbd1fb17e0df13a929814d9)] -> xpath: //span[@class='a-price']//span[@class='a-price-symbol']/following-sibling::span]
2022-09-11 21:33:24,367  INFO [main] ViewProductsPage:34 - Clicked On: [[ChromeDriver: chrome on WINDOWS (5b9967cbffbd1fb17e0df13a929814d9)] -> xpath: //span[@class='a-price']//span[@class='a-price-symbol']/following-sibling::span]
2022-09-11 21:33:24,367  INFO [main] ViewProductsPage:237 - Selecting Product based upon price ==> Item Clicked On is ==> 6,69,990
2022-09-11 21:33:30,833  INFO [main] ViewProductsPage:58 - Trying to Find Element By : By.xpath: //h1[normalize-space()='About this item']
2022-09-11 21:33:30,989  INFO [main] ViewProductsPage:62 - Found Element By : By.xpath: //h1[normalize-space()='About this item']
2022-09-11 21:33:31,077  INFO [main] ViewProductsPage:58 - Trying to Find Element By : By.xpath: //h1[normalize-space()='About this item']
2022-09-11 21:33:31,164  INFO [main] ViewProductsPage:62 - Found Element By : By.xpath: //h1[normalize-space()='About this item']
2022-09-11 21:33:31,261  INFO [main] ViewProductsPage:58 - Trying to Find Element By : By.xpath: //h1[normalize-space()='About this item']
2022-09-11 21:33:31,360  INFO [main] ViewProductsPage:62 - Found Element By : By.xpath: //h1[normalize-space()='About this item']
2022-09-11 21:33:31,380  INFO [main] ViewProductsPage:58 - Trying to Find Element By : By.xpath: //h1[normalize-space()='About this item']
2022-09-11 21:33:31,433  INFO [main] ViewProductsPage:62 - Found Element By : By.xpath: //h1[normalize-space()='About this item']
2022-09-11 21:33:31,479  INFO [main] ViewProductsPage:139 - Scrolling to...About this item
2022-09-11 21:33:31,480  INFO [main] ViewProductsPage:58 - Trying to Find Element By : By.xpath: //h1[normalize-space()='About this item']
2022-09-11 21:33:31,508  INFO [main] ViewProductsPage:62 - Found Element By : By.xpath: //h1[normalize-space()='About this item']
2022-09-11 21:33:31,528  INFO [main] ViewProductsPage:237 -  If Product Details Page Displays after clicking on item ==> User is on Product details page
2022-09-11 21:33:32,082  INFO [main] ViewProductsPage:58 - Trying to Find Element By : By.xpath: //ul[@class='a-unordered-list a-vertical a-spacing-mini']//span
2022-09-11 21:33:32,103  INFO [main] ViewProductsPage:62 - Found Element By : By.xpath: //ul[@class='a-unordered-list a-vertical a-spacing-mini']//span
2022-09-11 21:33:32,104  INFO [main] ViewProductsPage:58 - Trying to Find Element By : By.xpath: //ul[@class='a-unordered-list a-vertical a-spacing-mini']//span
2022-09-11 21:33:32,146  INFO [main] ViewProductsPage:62 - Found Element By : By.xpath: //ul[@class='a-unordered-list a-vertical a-spacing-mini']//span
2022-09-11 21:33:32,347  INFO [main] ViewProductsPage:139 - Scrolling to...Resolution : 4K Ultra HD (3840 x 2160) Resolution || Refresh Rate : 100 Hertz
2022-09-11 21:33:32,404  INFO [main] ViewProductsPage:58 - Trying to Find Element By : By.xpath: //ul[@class='a-unordered-list a-vertical a-spacing-mini']//span
2022-09-11 21:33:32,428  INFO [main] ViewProductsPage:62 - Found Element By : By.xpath: //ul[@class='a-unordered-list a-vertical a-spacing-mini']//span
2022-09-11 21:33:32,437  INFO [main] ViewProductsPage:58 - Trying to Find Element By : By.xpath: //ul[@class='a-unordered-list a-vertical a-spacing-mini']//span
2022-09-11 21:33:32,460  INFO [main] ViewProductsPage:62 - Found Element By : By.xpath: //ul[@class='a-unordered-list a-vertical a-spacing-mini']//span
2022-09-11 21:33:32,460  INFO [main] ViewProductsPage:58 - Trying to Find Element By : By.xpath: //ul[@class='a-unordered-list a-vertical a-spacing-mini']//span
2022-09-11 21:33:32,472  INFO [main] ViewProductsPage:62 - Found Element By : By.xpath: //ul[@class='a-unordered-list a-vertical a-spacing-mini']//span
2022-09-11 21:33:32,537  INFO [main] ViewProductsPage:139 - Scrolling to...Connectivity: 4 HDMI ports to connect set top box || Blu-ray speakers or a gaming console || 2 USB ports to connect hard drives or other USB devices
2022-09-11 21:33:32,551  INFO [main] ViewProductsPage:58 - Trying to Find Element By : By.xpath: //ul[@class='a-unordered-list a-vertical a-spacing-mini']//span
2022-09-11 21:33:32,635  INFO [main] ViewProductsPage:62 - Found Element By : By.xpath: //ul[@class='a-unordered-list a-vertical a-spacing-mini']//span
2022-09-11 21:33:32,675  INFO [main] ViewProductsPage:58 - Trying to Find Element By : By.xpath: //ul[@class='a-unordered-list a-vertical a-spacing-mini']//span
2022-09-11 21:33:32,705  INFO [main] ViewProductsPage:62 - Found Element By : By.xpath: //ul[@class='a-unordered-list a-vertical a-spacing-mini']//span
2022-09-11 21:33:32,706  INFO [main] ViewProductsPage:58 - Trying to Find Element By : By.xpath: //ul[@class='a-unordered-list a-vertical a-spacing-mini']//span
2022-09-11 21:33:32,730  INFO [main] ViewProductsPage:62 - Found Element By : By.xpath: //ul[@class='a-unordered-list a-vertical a-spacing-mini']//span
2022-09-11 21:33:32,810  INFO [main] ViewProductsPage:139 - Scrolling to...Sound: 60 Watts Output - 4.2.2 Ch|| Powerful Speakers with Dolby Atmos || Surround Sound || Active Voice Amplifier || Adaptive Sound+
2022-09-11 21:33:32,831  INFO [main] ViewProductsPage:58 - Trying to Find Element By : By.xpath: //ul[@class='a-unordered-list a-vertical a-spacing-mini']//span
2022-09-11 21:33:32,895  INFO [main] ViewProductsPage:62 - Found Element By : By.xpath: //ul[@class='a-unordered-list a-vertical a-spacing-mini']//span
2022-09-11 21:33:32,920  INFO [main] ViewProductsPage:58 - Trying to Find Element By : By.xpath: //ul[@class='a-unordered-list a-vertical a-spacing-mini']//span
2022-09-11 21:33:32,949  INFO [main] ViewProductsPage:62 - Found Element By : By.xpath: //ul[@class='a-unordered-list a-vertical a-spacing-mini']//span
2022-09-11 21:33:32,949  INFO [main] ViewProductsPage:58 - Trying to Find Element By : By.xpath: //ul[@class='a-unordered-list a-vertical a-spacing-mini']//span
2022-09-11 21:33:32,961  INFO [main] ViewProductsPage:62 - Found Element By : By.xpath: //ul[@class='a-unordered-list a-vertical a-spacing-mini']//span
2022-09-11 21:33:33,046  INFO [main] ViewProductsPage:139 - Scrolling to...Smart TV Features : Mirroring || Tap View ||Multi-View || Music Wall || Mobile Camera Support || Wireless Dex || Auto Game Mode (ALLM) || Game Motion Plus || Dynamic Black EQ || Surround Sound || Super Ultra Wide Game View ||Mini Map Zoom || FreeSync Premium Pro || HGiG
2022-09-11 21:33:33,067  INFO [main] ViewProductsPage:58 - Trying to Find Element By : By.xpath: //ul[@class='a-unordered-list a-vertical a-spacing-mini']//span
2022-09-11 21:33:33,099  INFO [main] ViewProductsPage:62 - Found Element By : By.xpath: //ul[@class='a-unordered-list a-vertical a-spacing-mini']//span
2022-09-11 21:33:33,114  INFO [main] ViewProductsPage:58 - Trying to Find Element By : By.xpath: //ul[@class='a-unordered-list a-vertical a-spacing-mini']//span
2022-09-11 21:33:33,131  INFO [main] ViewProductsPage:62 - Found Element By : By.xpath: //ul[@class='a-unordered-list a-vertical a-spacing-mini']//span
2022-09-11 21:33:33,132  INFO [main] ViewProductsPage:58 - Trying to Find Element By : By.xpath: //ul[@class='a-unordered-list a-vertical a-spacing-mini']//span
2022-09-11 21:33:33,152  INFO [main] ViewProductsPage:62 - Found Element By : By.xpath: //ul[@class='a-unordered-list a-vertical a-spacing-mini']//span
2022-09-11 21:33:33,226  INFO [main] ViewProductsPage:139 - Scrolling to...Display: Matte Display || One Billion Color || PQI 4600 || 100% Colour Volume with Quantum Dot || Wide Viewing Angle || AI Upscale || Neo Quantum Processor 4K || Quantum Matrix Technology || Motion Xcelerator Turbo Pro || Real Depth Enhancer || LED Clear Motion
2022-09-11 21:33:33,238  INFO [main] ViewProductsPage:58 - Trying to Find Element By : By.xpath: //ul[@class='a-unordered-list a-vertical a-spacing-mini']//span
2022-09-11 21:33:33,280  INFO [main] ViewProductsPage:62 - Found Element By : By.xpath: //ul[@class='a-unordered-list a-vertical a-spacing-mini']//span
2022-09-11 21:33:33,326  INFO [main] ViewProductsPage:58 - Trying to Find Element By : By.xpath: //ul[@class='a-unordered-list a-vertical a-spacing-mini']//span
2022-09-11 21:33:33,357  INFO [main] ViewProductsPage:62 - Found Element By : By.xpath: //ul[@class='a-unordered-list a-vertical a-spacing-mini']//span
2022-09-11 21:33:33,357  INFO [main] ViewProductsPage:58 - Trying to Find Element By : By.xpath: //ul[@class='a-unordered-list a-vertical a-spacing-mini']//span
2022-09-11 21:33:33,371  INFO [main] ViewProductsPage:62 - Found Element By : By.xpath: //ul[@class='a-unordered-list a-vertical a-spacing-mini']//span
2022-09-11 21:33:33,436  INFO [main] ViewProductsPage:139 - Scrolling to...Warranty Information: 1 year comprehensive warranty plus additional 1 years on panel by brand from date of invoice
2022-09-11 21:33:33,444  INFO [main] ViewProductsPage:58 - Trying to Find Element By : By.xpath: //ul[@class='a-unordered-list a-vertical a-spacing-mini']//span
2022-09-11 21:33:33,471  INFO [main] ViewProductsPage:62 - Found Element By : By.xpath: //ul[@class='a-unordered-list a-vertical a-spacing-mini']//span
2022-09-11 21:33:33,485  INFO [main] ViewProductsPage:58 - Trying to Find Element By : By.xpath: //ul[@class='a-unordered-list a-vertical a-spacing-mini']//span
2022-09-11 21:33:33,498  INFO [main] ViewProductsPage:62 - Found Element By : By.xpath: //ul[@class='a-unordered-list a-vertical a-spacing-mini']//span
2022-09-11 21:33:33,499  INFO [main] ViewProductsPage:58 - Trying to Find Element By : By.xpath: //ul[@class='a-unordered-list a-vertical a-spacing-mini']//span
2022-09-11 21:33:33,515  INFO [main] ViewProductsPage:62 - Found Element By : By.xpath: //ul[@class='a-unordered-list a-vertical a-spacing-mini']//span
2022-09-11 21:33:33,610  INFO [main] ViewProductsPage:139 - Scrolling to...Installation: TV Table stand is not included in the box with this model. customer may ask for Table Top Stand or Wall Mount which will be provided to the customer at the time of installation, please directly call Samsung support on [Please visit brand website for tollfree numbers] and provide product's model name as well as seller's details mentioned on the invoice
2022-09-11 21:33:33,621  INFO [main] ViewProductsPage:58 - Trying to Find Element By : By.xpath: //ul[@class='a-unordered-list a-vertical a-spacing-mini']//span
2022-09-11 21:33:33,656  INFO [main] ViewProductsPage:62 - Found Element By : By.xpath: //ul[@class='a-unordered-list a-vertical a-spacing-mini']//span
2022-09-11 21:33:33,663  INFO [main] ViewProductsPage:58 - Trying to Find Element By : By.xpath: //ul[@class='a-unordered-list a-vertical a-spacing-mini']//span
2022-09-11 21:33:33,692  INFO [main] ViewProductsPage:62 - Found Element By : By.xpath: //ul[@class='a-unordered-list a-vertical a-spacing-mini']//span
2022-09-11 21:33:33,692  INFO [main] ViewProductsPage:58 - Trying to Find Element By : By.xpath: //ul[@class='a-unordered-list a-vertical a-spacing-mini']//span
2022-09-11 21:33:33,706  INFO [main] ViewProductsPage:62 - Found Element By : By.xpath: //ul[@class='a-unordered-list a-vertical a-spacing-mini']//span
2022-09-11 21:33:33,792  INFO [main] ViewProductsPage:139 - Scrolling to...Easy Returns: This product is eligible for replacement within 10 days of delivery in case of any product defects, damage or features not matching the description
2022-09-11 21:33:33,811  INFO [main] ViewProductsPage:58 - Trying to Find Element By : By.xpath: //ul[@class='a-unordered-list a-vertical a-spacing-mini']//span
2022-09-11 21:33:33,843  INFO [main] ViewProductsPage:62 - Found Element By : By.xpath: //ul[@class='a-unordered-list a-vertical a-spacing-mini']//span
2022-09-11 21:33:33,857  INFO [main] ViewProductsPage:58 - Trying to Find Element By : By.xpath: //ul[@class='a-unordered-list a-vertical a-spacing-mini']//span
2022-09-11 21:33:33,877  INFO [main] ViewProductsPage:62 - Found Element By : By.xpath: //ul[@class='a-unordered-list a-vertical a-spacing-mini']//span
2022-09-11 21:33:33,878  INFO [main] ViewProductsPage:51 - [Resolution : 4K Ultra HD (3840 x 2160) Resolution || Refresh Rate : 100 Hertz, 
, Connectivity: 4 HDMI ports to connect set top box || Blu-ray speakers or a gaming console || 2 USB ports to connect hard drives or other USB devices, 
, Sound: 60 Watts Output - 4.2.2 Ch|| Powerful Speakers with Dolby Atmos || Surround Sound || Active Voice Amplifier || Adaptive Sound+, 
, Smart TV Features : Mirroring || Tap View ||Multi-View || Music Wall || Mobile Camera Support || Wireless Dex || Auto Game Mode (ALLM) || Game Motion Plus || Dynamic Black EQ || Surround Sound || Super Ultra Wide Game View ||Mini Map Zoom || FreeSync Premium Pro || HGiG, 
, Display: Matte Display || One Billion Color || PQI 4600 || 100% Colour Volume with Quantum Dot || Wide Viewing Angle || AI Upscale || Neo Quantum Processor 4K || Quantum Matrix Technology || Motion Xcelerator Turbo Pro || Real Depth Enhancer || LED Clear Motion, 
, Warranty Information: 1 year comprehensive warranty plus additional 1 years on panel by brand from date of invoice, 
, Installation: TV Table stand is not included in the box with this model. customer may ask for Table Top Stand or Wall Mount which will be provided to the customer at the time of installation, please directly call Samsung support on [Please visit brand website for tollfree numbers] and provide product's model name as well as seller's details mentioned on the invoice, 
, Easy Returns: This product is eligible for replacement within 10 days of delivery in case of any product defects, damage or features not matching the description, 
]
2022-09-11 21:33:33,878  INFO [main] ViewProductsPage:237 -  Getting Product details ==>>>>>>>  [Resolution : 4K Ultra HD (3840 x 2160) Resolution || Refresh Rate : 100 Hertz, 
, Connectivity: 4 HDMI ports to connect set top box || Blu-ray speakers or a gaming console || 2 USB ports to connect hard drives or other USB devices, 
, Sound: 60 Watts Output - 4.2.2 Ch|| Powerful Speakers with Dolby Atmos || Surround Sound || Active Voice Amplifier || Adaptive Sound+, 
, Smart TV Features : Mirroring || Tap View ||Multi-View || Music Wall || Mobile Camera Support || Wireless Dex || Auto Game Mode (ALLM) || Game Motion Plus || Dynamic Black EQ || Surround Sound || Super Ultra Wide Game View ||Mini Map Zoom || FreeSync Premium Pro || HGiG, 
, Display: Matte Display || One Billion Color || PQI 4600 || 100% Colour Volume with Quantum Dot || Wide Viewing Angle || AI Upscale || Neo Quantum Processor 4K || Quantum Matrix Technology || Motion Xcelerator Turbo Pro || Real Depth Enhancer || LED Clear Motion, 
, Warranty Information: 1 year comprehensive warranty plus additional 1 years on panel by brand from date of invoice, 
, Installation: TV Table stand is not included in the box with this model. customer may ask for Table Top Stand or Wall Mount which will be provided to the customer at the time of installation, please directly call Samsung support on [Please visit brand website for tollfree numbers] and provide product's model name as well as seller's details mentioned on the invoice, 
, Easy Returns: This product is eligible for replacement within 10 days of delivery in case of any product defects, damage or features not matching the description, 
] 
2022-09-11 21:33:34,110  INFO [main] ViewProductsPage:155 - --------------TEST CASE FINISHED--------------------------
2022-09-11 21:33:35,603  INFO [main] ViewProductsPage:178 - -----------------------------------------------
2022-09-11 21:33:35,603  INFO [main] ViewProductsPage:179 - -------- Browser Terminated --------------------
2022-09-11 21:33:35,603  INFO [main] ViewProductsPage:180 - -----------------------------------------------
2022-09-11 21:33:35,645 DEBUG [main] cache:45 - Couldn't find template in cache for "index.ftl"("en_CA", UTF-8, parsed); will try to load it.
2022-09-11 21:33:35,647 DEBUG [main] cache:45 - TemplateLoader.findTemplateSource("index_en_CA.ftl"): Not found
2022-09-11 21:33:35,649 DEBUG [main] cache:45 - TemplateLoader.findTemplateSource("index_en.ftl"): Not found
2022-09-11 21:33:35,651 DEBUG [main] cache:45 - TemplateLoader.findTemplateSource("index.ftl"): Found
2022-09-11 21:33:35,651 DEBUG [main] cache:45 - Loading template for "index.ftl"("en_CA", UTF-8, parsed) from "jar:file:/C:/Users/sakshi.lnu/.m2/repository/com/aventstack/extentreports/3.0.1/extentreports-3.0.1.jar!/com/aventstack/extentreports/view/html-report/index.ftl"
2022-09-11 21:33:35,997 DEBUG [main] cache:45 - Couldn't find template in cache for "head.ftl"("en_CA", UTF-8, parsed); will try to load it.
2022-09-11 21:33:35,998 DEBUG [main] cache:45 - TemplateLoader.findTemplateSource("head_en_CA.ftl"): Not found
2022-09-11 21:33:35,998 DEBUG [main] cache:45 - TemplateLoader.findTemplateSource("head_en.ftl"): Not found
2022-09-11 21:33:35,999 DEBUG [main] cache:45 - TemplateLoader.findTemplateSource("head.ftl"): Found
2022-09-11 21:33:35,999 DEBUG [main] cache:45 - Loading template for "head.ftl"("en_CA", UTF-8, parsed) from "jar:file:/C:/Users/sakshi.lnu/.m2/repository/com/aventstack/extentreports/3.0.1/extentreports-3.0.1.jar!/com/aventstack/extentreports/view/html-report/head.ftl"
2022-09-11 21:33:36,001 DEBUG [main] cache:45 - Couldn't find template in cache for "nav.ftl"("en_CA", UTF-8, parsed); will try to load it.
2022-09-11 21:33:36,002 DEBUG [main] cache:45 - TemplateLoader.findTemplateSource("nav_en_CA.ftl"): Not found
2022-09-11 21:33:36,003 DEBUG [main] cache:45 - TemplateLoader.findTemplateSource("nav_en.ftl"): Not found
2022-09-11 21:33:36,003 DEBUG [main] cache:45 - TemplateLoader.findTemplateSource("nav.ftl"): Found
2022-09-11 21:33:36,004 DEBUG [main] cache:45 - Loading template for "nav.ftl"("en_CA", UTF-8, parsed) from "jar:file:/C:/Users/sakshi.lnu/.m2/repository/com/aventstack/extentreports/3.0.1/extentreports-3.0.1.jar!/com/aventstack/extentreports/view/html-report/nav.ftl"
2022-09-11 21:33:36,012 DEBUG [main] cache:45 - Couldn't find template in cache for "test-view/test-view.ftl"("en_CA", UTF-8, parsed); will try to load it.
2022-09-11 21:33:36,012 DEBUG [main] cache:45 - TemplateLoader.findTemplateSource("test-view/test-view_en_CA.ftl"): Not found
2022-09-11 21:33:36,013 DEBUG [main] cache:45 - TemplateLoader.findTemplateSource("test-view/test-view_en.ftl"): Not found
2022-09-11 21:33:36,014 DEBUG [main] cache:45 - TemplateLoader.findTemplateSource("test-view/test-view.ftl"): Found
2022-09-11 21:33:36,015 DEBUG [main] cache:45 - Loading template for "test-view/test-view.ftl"("en_CA", UTF-8, parsed) from "jar:file:/C:/Users/sakshi.lnu/.m2/repository/com/aventstack/extentreports/3.0.1/extentreports-3.0.1.jar!/com/aventstack/extentreports/view/html-report/test-view/test-view.ftl"
2022-09-11 21:33:36,057 DEBUG [main] cache:45 - Couldn't find template in cache for "test-view/test-view-charts.ftl"("en_CA", UTF-8, parsed); will try to load it.
2022-09-11 21:33:36,058 DEBUG [main] cache:45 - TemplateLoader.findTemplateSource("test-view/test-view-charts_en_CA.ftl"): Not found
2022-09-11 21:33:36,059 DEBUG [main] cache:45 - TemplateLoader.findTemplateSource("test-view/test-view-charts_en.ftl"): Not found
2022-09-11 21:33:36,059 DEBUG [main] cache:45 - TemplateLoader.findTemplateSource("test-view/test-view-charts.ftl"): Found
2022-09-11 21:33:36,060 DEBUG [main] cache:45 - Loading template for "test-view/test-view-charts.ftl"("en_CA", UTF-8, parsed) from "jar:file:/C:/Users/sakshi.lnu/.m2/repository/com/aventstack/extentreports/3.0.1/extentreports-3.0.1.jar!/com/aventstack/extentreports/view/html-report/test-view/test-view-charts.ftl"
2022-09-11 21:33:36,079 DEBUG [main] cache:45 - Couldn't find template in cache for "test-view/standard.ftl"("en_CA", UTF-8, parsed); will try to load it.
2022-09-11 21:33:36,080 DEBUG [main] cache:45 - TemplateLoader.findTemplateSource("test-view/standard_en_CA.ftl"): Not found
2022-09-11 21:33:36,081 DEBUG [main] cache:45 - TemplateLoader.findTemplateSource("test-view/standard_en.ftl"): Not found
2022-09-11 21:33:36,081 DEBUG [main] cache:45 - TemplateLoader.findTemplateSource("test-view/standard.ftl"): Found
2022-09-11 21:33:36,082 DEBUG [main] cache:45 - Loading template for "test-view/standard.ftl"("en_CA", UTF-8, parsed) from "jar:file:/C:/Users/sakshi.lnu/.m2/repository/com/aventstack/extentreports/3.0.1/extentreports-3.0.1.jar!/com/aventstack/extentreports/view/html-report/test-view/standard.ftl"
2022-09-11 21:33:36,103 DEBUG [main] cache:45 - Couldn't find template in cache for "category-view/category-view.ftl"("en_CA", UTF-8, parsed); will try to load it.
2022-09-11 21:33:36,104 DEBUG [main] cache:45 - TemplateLoader.findTemplateSource("category-view/category-view_en_CA.ftl"): Not found
2022-09-11 21:33:36,104 DEBUG [main] cache:45 - TemplateLoader.findTemplateSource("category-view/category-view_en.ftl"): Not found
2022-09-11 21:33:36,105 DEBUG [main] cache:45 - TemplateLoader.findTemplateSource("category-view/category-view.ftl"): Found
2022-09-11 21:33:36,105 DEBUG [main] cache:45 - Loading template for "category-view/category-view.ftl"("en_CA", UTF-8, parsed) from "jar:file:/C:/Users/sakshi.lnu/.m2/repository/com/aventstack/extentreports/3.0.1/extentreports-3.0.1.jar!/com/aventstack/extentreports/view/html-report/category-view/category-view.ftl"
2022-09-11 21:33:36,108 DEBUG [main] cache:45 - Couldn't find template in cache for "exception-view/exception-view.ftl"("en_CA", UTF-8, parsed); will try to load it.
2022-09-11 21:33:36,108 DEBUG [main] cache:45 - TemplateLoader.findTemplateSource("exception-view/exception-view_en_CA.ftl"): Not found
2022-09-11 21:33:36,109 DEBUG [main] cache:45 - TemplateLoader.findTemplateSource("exception-view/exception-view_en.ftl"): Not found
2022-09-11 21:33:36,110 DEBUG [main] cache:45 - TemplateLoader.findTemplateSource("exception-view/exception-view.ftl"): Found
2022-09-11 21:33:36,110 DEBUG [main] cache:45 - Loading template for "exception-view/exception-view.ftl"("en_CA", UTF-8, parsed) from "jar:file:/C:/Users/sakshi.lnu/.m2/repository/com/aventstack/extentreports/3.0.1/extentreports-3.0.1.jar!/com/aventstack/extentreports/view/html-report/exception-view/exception-view.ftl"
2022-09-11 21:33:36,115 DEBUG [main] cache:45 - Couldn't find template in cache for "dashboard-view/dashboard-view.ftl"("en_CA", UTF-8, parsed); will try to load it.
2022-09-11 21:33:36,115 DEBUG [main] cache:45 - TemplateLoader.findTemplateSource("dashboard-view/dashboard-view_en_CA.ftl"): Not found
2022-09-11 21:33:36,116 DEBUG [main] cache:45 - TemplateLoader.findTemplateSource("dashboard-view/dashboard-view_en.ftl"): Not found
2022-09-11 21:33:36,117 DEBUG [main] cache:45 - TemplateLoader.findTemplateSource("dashboard-view/dashboard-view.ftl"): Found
2022-09-11 21:33:36,117 DEBUG [main] cache:45 - Loading template for "dashboard-view/dashboard-view.ftl"("en_CA", UTF-8, parsed) from "jar:file:/C:/Users/sakshi.lnu/.m2/repository/com/aventstack/extentreports/3.0.1/extentreports-3.0.1.jar!/com/aventstack/extentreports/view/html-report/dashboard-view/dashboard-view.ftl"
2022-09-11 21:33:36,128 DEBUG [main] cache:45 - Couldn't find template in cache for "logs-view/testrunner-logs-view.ftl"("en_CA", UTF-8, parsed); will try to load it.
2022-09-11 21:33:36,129 DEBUG [main] cache:45 - TemplateLoader.findTemplateSource("logs-view/testrunner-logs-view_en_CA.ftl"): Not found
2022-09-11 21:33:36,131 DEBUG [main] cache:45 - TemplateLoader.findTemplateSource("logs-view/testrunner-logs-view_en.ftl"): Not found
2022-09-11 21:33:36,132 DEBUG [main] cache:45 - TemplateLoader.findTemplateSource("logs-view/testrunner-logs-view.ftl"): Found
2022-09-11 21:33:36,132 DEBUG [main] cache:45 - Loading template for "logs-view/testrunner-logs-view.ftl"("en_CA", UTF-8, parsed) from "jar:file:/C:/Users/sakshi.lnu/.m2/repository/com/aventstack/extentreports/3.0.1/extentreports-3.0.1.jar!/com/aventstack/extentreports/view/html-report/logs-view/testrunner-logs-view.ftl"
